#! /c/Source/iverilog-install/bin/vvp
:ivl_version "12.0 (devel)" "(s20150603-1110-g18392a46)";
:ivl_delay_selection "TYPICAL";
:vpi_time_precision + 0;
:vpi_module "D:\iverilog\iverilog\lib\ivl\system.vpi";
:vpi_module "D:\iverilog\iverilog\lib\ivl\vhdl_sys.vpi";
:vpi_module "D:\iverilog\iverilog\lib\ivl\vhdl_textio.vpi";
:vpi_module "D:\iverilog\iverilog\lib\ivl\v2005_math.vpi";
:vpi_module "D:\iverilog\iverilog\lib\ivl\va_math.vpi";
S_0000022df16f2720 .scope module, "ADD_PC" "ADD_PC" 2 1;
 .timescale 0 0;
    .port_info 0 /INPUT 8 "PC_currentF";
    .port_info 1 /OUTPUT 8 "PC_nextF";
o0000022df1726ac8 .functor BUFZ 8, C4<zzzzzzzz>; HiZ drive
v0000022df16f32f0_0 .net "PC_currentF", 7 0, o0000022df1726ac8;  0 drivers
v0000022df16f28b0_0 .net "PC_nextF", 7 0, L_0000022df16f29f0;  1 drivers
L_0000022df1767f38 .functor BUFT 1, C4<00000100>, C4<0>, C4<0>, C4<0>;
v0000022df16f2950_0 .net/2u *"_ivl_0", 7 0, L_0000022df1767f38;  1 drivers
L_0000022df16f29f0 .arith/sum 8, o0000022df1726ac8, L_0000022df1767f38;
# The file index is used to find the file name in the following table.
:file_names 3;
    "N/A";
    "<interactive>";
    "ADD_PC.v";
