#! /c/Source/iverilog-install/bin/vvp
:ivl_version "12.0 (devel)" "(s20150603-1110-g18392a46)";
:ivl_delay_selection "TYPICAL";
:vpi_time_precision + 0;
:vpi_module "D:\iverilog\iverilog\lib\ivl\system.vpi";
:vpi_module "D:\iverilog\iverilog\lib\ivl\vhdl_sys.vpi";
:vpi_module "D:\iverilog\iverilog\lib\ivl\vhdl_textio.vpi";
:vpi_module "D:\iverilog\iverilog\lib\ivl\v2005_math.vpi";
:vpi_module "D:\iverilog\iverilog\lib\ivl\va_math.vpi";
S_000002af1aff2830 .scope module, "CONTROL" "CONTROL" 2 1;
 .timescale 0 0;
    .port_info 0 /INPUT 7 "opcode";
    .port_info 1 /INPUT 3 "funct3";
    .port_info 2 /INPUT 7 "funct7";
    .port_info 3 /INPUT 1 "zero";
    .port_info 4 /OUTPUT 1 "en_PC";
    .port_info 5 /OUTPUT 1 "branch";
    .port_info 6 /OUTPUT 1 "src_rf";
    .port_info 7 /OUTPUT 1 "wen_rf";
    .port_info 8 /OUTPUT 2 "Imm";
    .port_info 9 /OUTPUT 1 "alu_src";
    .port_info 10 /OUTPUT 4 "ALU_control";
    .port_info 11 /OUTPUT 1 "en_dmem";
    .port_info 12 /OUTPUT 1 "load_store";
    .port_info 13 /OUTPUT 3 "funct3_dmem";
    .port_info 14 /OUTPUT 1 "writeback";
v000002af1aff32d0_0 .var "ALU_control", 3 0;
v000002af1aff2f40_0 .var "Imm", 1 0;
v000002af1aff2ac0_0 .var "alu_src", 0 0;
v000002af1aff2b60_0 .var "branch", 0 0;
v000002af1b088f70_0 .var "en_PC", 0 0;
v000002af1b089010_0 .var "en_dmem", 0 0;
o000002af1b042008 .functor BUFZ 3, C4<zzz>; HiZ drive
v000002af1b0890b0_0 .net "funct3", 2 0, o000002af1b042008;  0 drivers
v000002af1b089150_0 .var "funct3_dmem", 2 0;
o000002af1b042068 .functor BUFZ 7, C4<zzzzzzz>; HiZ drive
v000002af1b0891f0_0 .net "funct7", 6 0, o000002af1b042068;  0 drivers
v000002af1b089290_0 .var "load_store", 0 0;
o000002af1b0420c8 .functor BUFZ 7, C4<zzzzzzz>; HiZ drive
v000002af1b089330_0 .net "opcode", 6 0, o000002af1b0420c8;  0 drivers
v000002af1b0893d0_0 .var "src_rf", 0 0;
v000002af1b089470_0 .var "wen_rf", 0 0;
v000002af1b089510_0 .var "writeback", 0 0;
o000002af1b042188 .functor BUFZ 1, C4<z>; HiZ drive
v000002af1b023d50_0 .net "zero", 0 0, o000002af1b042188;  0 drivers
E_000002af1b016450 .event anyedge, v000002af1b089330_0, v000002af1b0890b0_0, v000002af1b023d50_0, v000002af1b0891f0_0;
    .scope S_000002af1aff2830;
T_0 ;
    %wait E_000002af1b016450;
    %pushi/vec4 0, 0, 1;
    %store/vec4 v000002af1b088f70_0, 0, 1;
    %pushi/vec4 0, 0, 1;
    %store/vec4 v000002af1aff2b60_0, 0, 1;
    %pushi/vec4 0, 0, 1;
    %store/vec4 v000002af1b0893d0_0, 0, 1;
    %pushi/vec4 0, 0, 1;
    %store/vec4 v000002af1b089470_0, 0, 1;
    %pushi/vec4 0, 0, 2;
    %store/vec4 v000002af1aff2f40_0, 0, 2;
    %pushi/vec4 0, 0, 1;
    %store/vec4 v000002af1aff2ac0_0, 0, 1;
    %pushi/vec4 0, 0, 4;
    %store/vec4 v000002af1aff32d0_0, 0, 4;
    %pushi/vec4 0, 0, 1;
    %store/vec4 v000002af1b089010_0, 0, 1;
    %pushi/vec4 0, 0, 1;
    %store/vec4 v000002af1b089290_0, 0, 1;
    %pushi/vec4 0, 0, 3;
    %store/vec4 v000002af1b089150_0, 0, 3;
    %pushi/vec4 0, 0, 1;
    %store/vec4 v000002af1b089510_0, 0, 1;
    %load/vec4 v000002af1b089330_0;
    %dup/vec4;
    %pushi/vec4 55, 0, 7;
    %cmp/u;
    %jmp/1 T_0.0, 6;
    %dup/vec4;
    %pushi/vec4 99, 0, 7;
    %cmp/u;
    %jmp/1 T_0.1, 6;
    %dup/vec4;
    %pushi/vec4 3, 0, 7;
    %cmp/u;
    %jmp/1 T_0.2, 6;
    %dup/vec4;
    %pushi/vec4 35, 0, 7;
    %cmp/u;
    %jmp/1 T_0.3, 6;
    %dup/vec4;
    %pushi/vec4 19, 0, 7;
    %cmp/u;
    %jmp/1 T_0.4, 6;
    %dup/vec4;
    %pushi/vec4 51, 0, 7;
    %cmp/u;
    %jmp/1 T_0.5, 6;
    %pushi/vec4 0, 0, 1;
    %store/vec4 v000002af1b088f70_0, 0, 1;
    %pushi/vec4 0, 0, 1;
    %store/vec4 v000002af1aff2b60_0, 0, 1;
    %pushi/vec4 0, 0, 1;
    %store/vec4 v000002af1b0893d0_0, 0, 1;
    %pushi/vec4 0, 0, 1;
    %store/vec4 v000002af1b089470_0, 0, 1;
    %pushi/vec4 0, 0, 2;
    %store/vec4 v000002af1aff2f40_0, 0, 2;
    %pushi/vec4 0, 0, 1;
    %store/vec4 v000002af1aff2ac0_0, 0, 1;
    %pushi/vec4 0, 0, 4;
    %store/vec4 v000002af1aff32d0_0, 0, 4;
    %pushi/vec4 0, 0, 1;
    %store/vec4 v000002af1b089010_0, 0, 1;
    %pushi/vec4 0, 0, 1;
    %store/vec4 v000002af1b089290_0, 0, 1;
    %pushi/vec4 0, 0, 3;
    %store/vec4 v000002af1b089150_0, 0, 3;
    %pushi/vec4 0, 0, 1;
    %store/vec4 v000002af1b089510_0, 0, 1;
    %jmp T_0.7;
T_0.0 ;
    %pushi/vec4 0, 0, 1;
    %store/vec4 v000002af1b0893d0_0, 0, 1;
    %pushi/vec4 1, 0, 1;
    %store/vec4 v000002af1b088f70_0, 0, 1;
    %jmp T_0.7;
T_0.1 ;
    %pushi/vec4 2, 0, 2;
    %store/vec4 v000002af1aff2f40_0, 0, 2;
    %load/vec4 v000002af1b0890b0_0;
    %dup/vec4;
    %pushi/vec4 0, 0, 3;
    %cmp/u;
    %jmp/1 T_0.8, 6;
    %dup/vec4;
    %pushi/vec4 1, 0, 3;
    %cmp/u;
    %jmp/1 T_0.9, 6;
    %pushi/vec4 0, 0, 1;
    %store/vec4 v000002af1b088f70_0, 0, 1;
    %pushi/vec4 0, 0, 1;
    %store/vec4 v000002af1aff2b60_0, 0, 1;
    %jmp T_0.11;
T_0.8 ;
    %load/vec4 v000002af1b023d50_0;
    %flag_set/vec4 8;
    %jmp/0xz  T_0.12, 8;
    %pushi/vec4 1, 0, 1;
    %store/vec4 v000002af1b088f70_0, 0, 1;
    %pushi/vec4 1, 0, 1;
    %store/vec4 v000002af1aff2b60_0, 0, 1;
    %jmp T_0.13;
T_0.12 ;
    %pushi/vec4 0, 0, 1;
    %store/vec4 v000002af1b088f70_0, 0, 1;
    %pushi/vec4 0, 0, 1;
    %store/vec4 v000002af1aff2b60_0, 0, 1;
T_0.13 ;
    %jmp T_0.11;
T_0.9 ;
    %load/vec4 v000002af1b023d50_0;
    %flag_set/vec4 8;
    %jmp/0xz  T_0.14, 8;
    %pushi/vec4 1, 0, 1;
    %store/vec4 v000002af1b088f70_0, 0, 1;
    %pushi/vec4 0, 0, 1;
    %store/vec4 v000002af1aff2b60_0, 0, 1;
    %jmp T_0.15;
T_0.14 ;
    %pushi/vec4 1, 0, 1;
    %store/vec4 v000002af1b088f70_0, 0, 1;
    %pushi/vec4 1, 0, 1;
    %store/vec4 v000002af1aff2b60_0, 0, 1;
T_0.15 ;
    %jmp T_0.11;
T_0.11 ;
    %pop/vec4 1;
    %jmp T_0.7;
T_0.2 ;
    %pushi/vec4 1, 0, 1;
    %store/vec4 v000002af1b088f70_0, 0, 1;
    %pushi/vec4 1, 0, 1;
    %store/vec4 v000002af1b0893d0_0, 0, 1;
    %pushi/vec4 1, 0, 1;
    %store/vec4 v000002af1b089470_0, 0, 1;
    %pushi/vec4 0, 0, 2;
    %store/vec4 v000002af1aff2f40_0, 0, 2;
    %pushi/vec4 1, 0, 1;
    %store/vec4 v000002af1aff2ac0_0, 0, 1;
    %pushi/vec4 0, 0, 4;
    %store/vec4 v000002af1aff32d0_0, 0, 4;
    %pushi/vec4 1, 0, 1;
    %store/vec4 v000002af1b089010_0, 0, 1;
    %pushi/vec4 0, 0, 1;
    %store/vec4 v000002af1b089290_0, 0, 1;
    %load/vec4 v000002af1b0890b0_0;
    %store/vec4 v000002af1b089150_0, 0, 3;
    %pushi/vec4 1, 0, 1;
    %store/vec4 v000002af1b089510_0, 0, 1;
    %jmp T_0.7;
T_0.3 ;
    %pushi/vec4 1, 0, 1;
    %store/vec4 v000002af1b088f70_0, 0, 1;
    %pushi/vec4 1, 0, 1;
    %store/vec4 v000002af1b0893d0_0, 0, 1;
    %pushi/vec4 1, 0, 2;
    %store/vec4 v000002af1aff2f40_0, 0, 2;
    %pushi/vec4 1, 0, 1;
    %store/vec4 v000002af1aff2ac0_0, 0, 1;
    %pushi/vec4 0, 0, 4;
    %store/vec4 v000002af1aff32d0_0, 0, 4;
    %pushi/vec4 1, 0, 1;
    %store/vec4 v000002af1b089010_0, 0, 1;
    %pushi/vec4 1, 0, 1;
    %store/vec4 v000002af1b089290_0, 0, 1;
    %load/vec4 v000002af1b0890b0_0;
    %store/vec4 v000002af1b089150_0, 0, 3;
    %jmp T_0.7;
T_0.4 ;
    %pushi/vec4 1, 0, 1;
    %store/vec4 v000002af1b088f70_0, 0, 1;
    %pushi/vec4 1, 0, 1;
    %store/vec4 v000002af1b0893d0_0, 0, 1;
    %pushi/vec4 1, 0, 1;
    %store/vec4 v000002af1b089470_0, 0, 1;
    %pushi/vec4 1, 0, 1;
    %store/vec4 v000002af1aff2ac0_0, 0, 1;
    %pushi/vec4 0, 0, 1;
    %store/vec4 v000002af1b089510_0, 0, 1;
    %load/vec4 v000002af1b0890b0_0;
    %dup/vec4;
    %pushi/vec4 0, 0, 3;
    %cmp/u;
    %jmp/1 T_0.16, 6;
    %dup/vec4;
    %pushi/vec4 2, 0, 3;
    %cmp/u;
    %jmp/1 T_0.17, 6;
    %dup/vec4;
    %pushi/vec4 3, 0, 3;
    %cmp/u;
    %jmp/1 T_0.18, 6;
    %dup/vec4;
    %pushi/vec4 4, 0, 3;
    %cmp/u;
    %jmp/1 T_0.19, 6;
    %dup/vec4;
    %pushi/vec4 6, 0, 3;
    %cmp/u;
    %jmp/1 T_0.20, 6;
    %dup/vec4;
    %pushi/vec4 7, 0, 3;
    %cmp/u;
    %jmp/1 T_0.21, 6;
    %dup/vec4;
    %pushi/vec4 1, 0, 3;
    %cmp/u;
    %jmp/1 T_0.22, 6;
    %dup/vec4;
    %pushi/vec4 5, 0, 3;
    %cmp/u;
    %jmp/1 T_0.23, 6;
    %pushi/vec4 0, 0, 1;
    %store/vec4 v000002af1b088f70_0, 0, 1;
    %pushi/vec4 0, 0, 1;
    %store/vec4 v000002af1b0893d0_0, 0, 1;
    %pushi/vec4 0, 0, 1;
    %store/vec4 v000002af1aff2ac0_0, 0, 1;
    %pushi/vec4 0, 0, 1;
    %store/vec4 v000002af1b089510_0, 0, 1;
    %pushi/vec4 0, 0, 4;
    %store/vec4 v000002af1aff32d0_0, 0, 4;
    %pushi/vec4 0, 0, 2;
    %store/vec4 v000002af1aff2f40_0, 0, 2;
    %jmp T_0.25;
T_0.16 ;
    %pushi/vec4 0, 0, 4;
    %store/vec4 v000002af1aff32d0_0, 0, 4;
    %pushi/vec4 0, 0, 2;
    %store/vec4 v000002af1aff2f40_0, 0, 2;
    %jmp T_0.25;
T_0.17 ;
    %pushi/vec4 3, 0, 4;
    %store/vec4 v000002af1aff32d0_0, 0, 4;
    %pushi/vec4 0, 0, 2;
    %store/vec4 v000002af1aff2f40_0, 0, 2;
    %jmp T_0.25;
T_0.18 ;
    %pushi/vec4 4, 0, 4;
    %store/vec4 v000002af1aff32d0_0, 0, 4;
    %pushi/vec4 0, 0, 2;
    %store/vec4 v000002af1aff2f40_0, 0, 2;
    %jmp T_0.25;
T_0.19 ;
    %pushi/vec4 5, 0, 4;
    %store/vec4 v000002af1aff32d0_0, 0, 4;
    %pushi/vec4 0, 0, 2;
    %store/vec4 v000002af1aff2f40_0, 0, 2;
    %jmp T_0.25;
T_0.20 ;
    %pushi/vec4 8, 0, 4;
    %store/vec4 v000002af1aff32d0_0, 0, 4;
    %pushi/vec4 0, 0, 2;
    %store/vec4 v000002af1aff2f40_0, 0, 2;
    %jmp T_0.25;
T_0.21 ;
    %pushi/vec4 9, 0, 4;
    %store/vec4 v000002af1aff32d0_0, 0, 4;
    %pushi/vec4 0, 0, 2;
    %store/vec4 v000002af1aff2f40_0, 0, 2;
    %jmp T_0.25;
T_0.22 ;
    %pushi/vec4 2, 0, 4;
    %store/vec4 v000002af1aff32d0_0, 0, 4;
    %pushi/vec4 3, 0, 2;
    %store/vec4 v000002af1aff2f40_0, 0, 2;
    %jmp T_0.25;
T_0.23 ;
    %pushi/vec4 3, 0, 2;
    %store/vec4 v000002af1aff2f40_0, 0, 2;
    %load/vec4 v000002af1b0891f0_0;
    %cmpi/e 0, 0, 7;
    %jmp/0xz  T_0.26, 4;
    %pushi/vec4 6, 0, 4;
    %store/vec4 v000002af1aff32d0_0, 0, 4;
    %jmp T_0.27;
T_0.26 ;
    %pushi/vec4 7, 0, 4;
    %store/vec4 v000002af1aff32d0_0, 0, 4;
T_0.27 ;
    %jmp T_0.25;
T_0.25 ;
    %pop/vec4 1;
    %jmp T_0.7;
T_0.5 ;
    %pushi/vec4 1, 0, 1;
    %store/vec4 v000002af1b088f70_0, 0, 1;
    %pushi/vec4 1, 0, 1;
    %store/vec4 v000002af1b0893d0_0, 0, 1;
    %pushi/vec4 0, 0, 1;
    %store/vec4 v000002af1aff2ac0_0, 0, 1;
    %pushi/vec4 0, 0, 1;
    %store/vec4 v000002af1b089510_0, 0, 1;
    %load/vec4 v000002af1b0890b0_0;
    %dup/vec4;
    %pushi/vec4 0, 0, 3;
    %cmp/u;
    %jmp/1 T_0.28, 6;
    %dup/vec4;
    %pushi/vec4 1, 0, 3;
    %cmp/u;
    %jmp/1 T_0.29, 6;
    %dup/vec4;
    %pushi/vec4 2, 0, 3;
    %cmp/u;
    %jmp/1 T_0.30, 6;
    %dup/vec4;
    %pushi/vec4 3, 0, 3;
    %cmp/u;
    %jmp/1 T_0.31, 6;
    %dup/vec4;
    %pushi/vec4 4, 0, 3;
    %cmp/u;
    %jmp/1 T_0.32, 6;
    %dup/vec4;
    %pushi/vec4 5, 0, 3;
    %cmp/u;
    %jmp/1 T_0.33, 6;
    %dup/vec4;
    %pushi/vec4 6, 0, 3;
    %cmp/u;
    %jmp/1 T_0.34, 6;
    %dup/vec4;
    %pushi/vec4 7, 0, 3;
    %cmp/u;
    %jmp/1 T_0.35, 6;
    %pushi/vec4 0, 0, 1;
    %store/vec4 v000002af1b088f70_0, 0, 1;
    %pushi/vec4 0, 0, 1;
    %store/vec4 v000002af1b0893d0_0, 0, 1;
    %pushi/vec4 0, 0, 1;
    %store/vec4 v000002af1aff2ac0_0, 0, 1;
    %pushi/vec4 0, 0, 1;
    %store/vec4 v000002af1b089510_0, 0, 1;
    %pushi/vec4 0, 0, 4;
    %store/vec4 v000002af1aff32d0_0, 0, 4;
    %jmp T_0.37;
T_0.28 ;
    %load/vec4 v000002af1b0891f0_0;
    %cmpi/e 0, 0, 7;
    %jmp/0xz  T_0.38, 4;
    %pushi/vec4 0, 0, 4;
    %store/vec4 v000002af1aff32d0_0, 0, 4;
    %jmp T_0.39;
T_0.38 ;
    %pushi/vec4 1, 0, 4;
    %store/vec4 v000002af1aff32d0_0, 0, 4;
T_0.39 ;
    %jmp T_0.37;
T_0.29 ;
    %pushi/vec4 2, 0, 4;
    %store/vec4 v000002af1aff32d0_0, 0, 4;
    %jmp T_0.37;
T_0.30 ;
    %pushi/vec4 3, 0, 4;
    %store/vec4 v000002af1aff32d0_0, 0, 4;
    %jmp T_0.37;
T_0.31 ;
    %pushi/vec4 4, 0, 4;
    %store/vec4 v000002af1aff32d0_0, 0, 4;
    %jmp T_0.37;
T_0.32 ;
    %pushi/vec4 5, 0, 4;
    %store/vec4 v000002af1aff32d0_0, 0, 4;
    %jmp T_0.37;
T_0.33 ;
    %load/vec4 v000002af1b0891f0_0;
    %cmpi/e 0, 0, 7;
    %jmp/0xz  T_0.40, 4;
    %pushi/vec4 6, 0, 4;
    %store/vec4 v000002af1aff32d0_0, 0, 4;
    %jmp T_0.41;
T_0.40 ;
    %pushi/vec4 7, 0, 4;
    %store/vec4 v000002af1aff32d0_0, 0, 4;
T_0.41 ;
    %jmp T_0.37;
T_0.34 ;
    %pushi/vec4 8, 0, 4;
    %store/vec4 v000002af1aff32d0_0, 0, 4;
    %jmp T_0.37;
T_0.35 ;
    %pushi/vec4 9, 0, 4;
    %store/vec4 v000002af1aff32d0_0, 0, 4;
    %jmp T_0.37;
T_0.37 ;
    %pop/vec4 1;
    %jmp T_0.7;
T_0.7 ;
    %pop/vec4 1;
    %jmp T_0;
    .thread T_0, $push;
# The file index is used to find the file name in the following table.
:file_names 3;
    "N/A";
    "<interactive>";
    "CONTROL.v";
