#! /c/Source/iverilog-install/bin/vvp
:ivl_version "12.0 (devel)" "(s20150603-1110-g18392a46)";
:ivl_delay_selection "TYPICAL";
:vpi_time_precision + 0;
:vpi_module "D:\iverilog\iverilog\lib\ivl\system.vpi";
:vpi_module "D:\iverilog\iverilog\lib\ivl\vhdl_sys.vpi";
:vpi_module "D:\iverilog\iverilog\lib\ivl\vhdl_textio.vpi";
:vpi_module "D:\iverilog\iverilog\lib\ivl\v2005_math.vpi";
:vpi_module "D:\iverilog\iverilog\lib\ivl\va_math.vpi";
S_00000205792d2830 .scope module, "DMEM" "DMEM" 2 1;
 .timescale 0 0;
    .port_info 0 /INPUT 1 "clk";
    .port_info 1 /INPUT 1 "rst_n";
    .port_info 2 /INPUT 1 "cs";
    .port_info 3 /INPUT 1 "wen_ren";
    .port_info 4 /INPUT 3 "funct3";
    .port_info 5 /INPUT 8 "addr";
    .port_info 6 /INPUT 32 "wdata";
    .port_info 7 /OUTPUT 32 "rdata";
P_00000205792d2e70 .param/l "a_width" 0 2 3, +C4<00000000000000000000000000001000>;
P_00000205792d2ea8 .param/l "d_width" 0 2 2, +C4<00000000000000000000000000100000>;
o000002057930cf98 .functor BUFZ 8, C4<zzzzzzzz>; HiZ drive
v00000205792d2cf0_0 .net "addr", 7 0, o000002057930cf98;  0 drivers
o000002057930cfc8 .functor BUFZ 1, C4<z>; HiZ drive
v00000205792d29c0_0 .net "clk", 0 0, o000002057930cfc8;  0 drivers
o000002057930cff8 .functor BUFZ 1, C4<z>; HiZ drive
v00000205792d2a60_0 .net "cs", 0 0, o000002057930cff8;  0 drivers
o000002057930d028 .functor BUFZ 3, C4<zzz>; HiZ drive
v00000205792d2b00_0 .net "funct3", 2 0, o000002057930d028;  0 drivers
v0000020579303de0_0 .var/i "i", 31 0;
v0000020579303e80 .array "mem", 255 0, 31 0;
v0000020579303f20_0 .var "rdata", 31 0;
o000002057930d0b8 .functor BUFZ 1, C4<z>; HiZ drive
v0000020579303fc0_0 .net "rst_n", 0 0, o000002057930d0b8;  0 drivers
o000002057930d0e8 .functor BUFZ 32, C4<zzzzzzzzzzzzzzzzzzzzzzzzzzzzzzzz>; HiZ drive
v0000020579304060_0 .net "wdata", 31 0, o000002057930d0e8;  0 drivers
o000002057930d118 .functor BUFZ 1, C4<z>; HiZ drive
v0000020579304100_0 .net "wen_ren", 0 0, o000002057930d118;  0 drivers
E_00000205792bbcf0/0 .event negedge, v0000020579303fc0_0;
E_00000205792bbcf0/1 .event posedge, v00000205792d29c0_0;
E_00000205792bbcf0 .event/or E_00000205792bbcf0/0, E_00000205792bbcf0/1;
    .scope S_00000205792d2830;
T_0 ;
    %wait E_00000205792bbcf0;
    %load/vec4 v0000020579303fc0_0;
    %inv;
    %flag_set/vec4 8;
    %jmp/0xz  T_0.0, 8;
    %pushi/vec4 0, 0, 32;
    %store/vec4 v0000020579303de0_0, 0, 32;
T_0.2 ;
    %load/vec4 v0000020579303de0_0;
    %cmpi/s 256, 0, 32;
    %jmp/0xz T_0.3, 5;
    %pushi/vec4 0, 0, 32;
    %ix/getv/s 3, v0000020579303de0_0;
    %ix/load 4, 0, 0; Constant delay
    %assign/vec4/a/d v0000020579303e80, 0, 4;
    %load/vec4 v0000020579303de0_0;
    %addi 1, 0, 32;
    %store/vec4 v0000020579303de0_0, 0, 32;
    %jmp T_0.2;
T_0.3 ;
    %jmp T_0.1;
T_0.0 ;
    %load/vec4 v00000205792d2a60_0;
    %flag_set/vec4 8;
    %jmp/0xz  T_0.4, 8;
    %load/vec4 v0000020579304100_0;
    %flag_set/vec4 8;
    %jmp/0xz  T_0.6, 8;
    %load/vec4 v00000205792d2b00_0;
    %dup/vec4;
    %pushi/vec4 0, 0, 3;
    %cmp/u;
    %jmp/1 T_0.8, 6;
    %dup/vec4;
    %pushi/vec4 1, 0, 3;
    %cmp/u;
    %jmp/1 T_0.9, 6;
    %dup/vec4;
    %pushi/vec4 2, 0, 3;
    %cmp/u;
    %jmp/1 T_0.10, 6;
    %jmp T_0.11;
T_0.8 ;
    %load/vec4 v0000020579304060_0;
    %parti/s 1, 7, 4;
    %replicate 24;
    %load/vec4 v0000020579304060_0;
    %concat/vec4; draw_concat_vec4
    %pad/u 32;
    %load/vec4 v00000205792d2cf0_0;
    %pad/u 10;
    %ix/vec4 3;
    %ix/load 4, 0, 0; Constant delay
    %assign/vec4/a/d v0000020579303e80, 0, 4;
    %jmp T_0.11;
T_0.9 ;
    %load/vec4 v0000020579304060_0;
    %parti/s 1, 15, 5;
    %replicate 16;
    %load/vec4 v0000020579304060_0;
    %concat/vec4; draw_concat_vec4
    %pad/u 32;
    %load/vec4 v00000205792d2cf0_0;
    %pad/u 10;
    %ix/vec4 3;
    %ix/load 4, 0, 0; Constant delay
    %assign/vec4/a/d v0000020579303e80, 0, 4;
    %jmp T_0.11;
T_0.10 ;
    %load/vec4 v0000020579304060_0;
    %load/vec4 v00000205792d2cf0_0;
    %pad/u 10;
    %ix/vec4 3;
    %ix/load 4, 0, 0; Constant delay
    %assign/vec4/a/d v0000020579303e80, 0, 4;
    %jmp T_0.11;
T_0.11 ;
    %pop/vec4 1;
    %jmp T_0.7;
T_0.6 ;
    %load/vec4 v00000205792d2b00_0;
    %dup/vec4;
    %pushi/vec4 0, 0, 3;
    %cmp/u;
    %jmp/1 T_0.12, 6;
    %dup/vec4;
    %pushi/vec4 1, 0, 3;
    %cmp/u;
    %jmp/1 T_0.13, 6;
    %dup/vec4;
    %pushi/vec4 2, 0, 3;
    %cmp/u;
    %jmp/1 T_0.14, 6;
    %dup/vec4;
    %pushi/vec4 4, 0, 3;
    %cmp/u;
    %jmp/1 T_0.15, 6;
    %dup/vec4;
    %pushi/vec4 5, 0, 3;
    %cmp/u;
    %jmp/1 T_0.16, 6;
    %jmp T_0.17;
T_0.12 ;
    %load/vec4 v00000205792d2cf0_0;
    %pad/u 10;
    %ix/vec4 4;
    %load/vec4a v0000020579303e80, 4;
    %parti/s 1, 7, 4;
    %replicate 24;
    %load/vec4 v00000205792d2cf0_0;
    %pad/u 10;
    %ix/vec4 4;
    %load/vec4a v0000020579303e80, 4;
    %parti/s 8, 0, 2;
    %concat/vec4; draw_concat_vec4
    %assign/vec4 v0000020579303f20_0, 0;
    %jmp T_0.17;
T_0.13 ;
    %load/vec4 v00000205792d2cf0_0;
    %pad/u 10;
    %ix/vec4 4;
    %load/vec4a v0000020579303e80, 4;
    %parti/s 1, 15, 5;
    %replicate 16;
    %load/vec4 v00000205792d2cf0_0;
    %pad/u 10;
    %ix/vec4 4;
    %load/vec4a v0000020579303e80, 4;
    %parti/s 16, 0, 2;
    %concat/vec4; draw_concat_vec4
    %assign/vec4 v0000020579303f20_0, 0;
    %jmp T_0.17;
T_0.14 ;
    %load/vec4 v00000205792d2cf0_0;
    %pad/u 10;
    %ix/vec4 4;
    %load/vec4a v0000020579303e80, 4;
    %assign/vec4 v0000020579303f20_0, 0;
    %jmp T_0.17;
T_0.15 ;
    %pushi/vec4 0, 0, 24;
    %load/vec4 v00000205792d2cf0_0;
    %pad/u 10;
    %ix/vec4 4;
    %load/vec4a v0000020579303e80, 4;
    %parti/s 8, 0, 2;
    %concat/vec4; draw_concat_vec4
    %assign/vec4 v0000020579303f20_0, 0;
    %jmp T_0.17;
T_0.16 ;
    %pushi/vec4 0, 0, 16;
    %load/vec4 v00000205792d2cf0_0;
    %pad/u 10;
    %ix/vec4 4;
    %load/vec4a v0000020579303e80, 4;
    %parti/s 16, 0, 2;
    %concat/vec4; draw_concat_vec4
    %assign/vec4 v0000020579303f20_0, 0;
    %jmp T_0.17;
T_0.17 ;
    %pop/vec4 1;
T_0.7 ;
T_0.4 ;
T_0.1 ;
    %jmp T_0;
    .thread T_0;
# The file index is used to find the file name in the following table.
:file_names 3;
    "N/A";
    "<interactive>";
    "DMEM.v";
