#! /c/Source/iverilog-install/bin/vvp
:ivl_version "12.0 (devel)" "(s20150603-1110-g18392a46)";
:ivl_delay_selection "TYPICAL";
:vpi_time_precision - 12;
:vpi_module "D:\iverilog\iverilog\lib\ivl\system.vpi";
:vpi_module "D:\iverilog\iverilog\lib\ivl\vhdl_sys.vpi";
:vpi_module "D:\iverilog\iverilog\lib\ivl\vhdl_textio.vpi";
:vpi_module "D:\iverilog\iverilog\lib\ivl\v2005_math.vpi";
:vpi_module "D:\iverilog\iverilog\lib\ivl\va_math.vpi";
S_000001dd1d30c610 .scope module, "tb_HAZARD_UNIT" "tb_HAZARD_UNIT" 2 4;
 .timescale -12 -12;
v000001dd1d361440_0 .net "FLUSHD", 0 0, v000001dd1d30c930_0;  1 drivers
v000001dd1d361da0_0 .net "FLUSHE", 0 0, v000001dd1d2d2fc0_0;  1 drivers
v000001dd1d361300_0 .net "STALLD", 0 0, v000001dd1d2d3200_0;  1 drivers
v000001dd1d3619e0_0 .net "STALLPCF", 0 0, v000001dd1d304840_0;  1 drivers
v000001dd1d3613a0_0 .var "en_branch", 0 0;
v000001dd1d3611c0_0 .net "fw_AE", 1 0, v000001dd1d2d2780_0;  1 drivers
v000001dd1d361940_0 .net "fw_BE", 1 0, v000001dd1d2d2820_0;  1 drivers
v000001dd1d361b20_0 .var "rdE", 4 0;
v000001dd1d361f80_0 .var "rdM", 4 0;
v000001dd1d3618a0_0 .var "rdW", 4 0;
v000001dd1d361080_0 .var "rs1D", 4 0;
v000001dd1d3614e0_0 .var "rs1E", 4 0;
v000001dd1d361ee0_0 .var "rs2D", 4 0;
v000001dd1d361bc0_0 .var "rs2E", 4 0;
v000001dd1d361c60_0 .var "wen_rfM", 0 0;
v000001dd1d361120_0 .var "wen_rfW", 0 0;
v000001dd1d361260_0 .var "writebackE", 1 0;
S_000001dd1d30c7a0 .scope module, "uut" "HAZARD_UNIT" 2 19, 3 1 0, S_000001dd1d30c610;
 .timescale -12 -12;
    .port_info 0 /INPUT 5 "rs1D";
    .port_info 1 /INPUT 5 "rs2D";
    .port_info 2 /INPUT 5 "rs1E";
    .port_info 3 /INPUT 5 "rs2E";
    .port_info 4 /INPUT 5 "rdM";
    .port_info 5 /INPUT 5 "rdW";
    .port_info 6 /INPUT 5 "rdE";
    .port_info 7 /INPUT 2 "writebackE";
    .port_info 8 /INPUT 1 "wen_rfM";
    .port_info 9 /INPUT 1 "wen_rfW";
    .port_info 10 /INPUT 1 "en_branch";
    .port_info 11 /OUTPUT 2 "fw_AE";
    .port_info 12 /OUTPUT 2 "fw_BE";
    .port_info 13 /OUTPUT 1 "STALLPCF";
    .port_info 14 /OUTPUT 1 "STALLD";
    .port_info 15 /OUTPUT 1 "FLUSHD";
    .port_info 16 /OUTPUT 1 "FLUSHE";
v000001dd1d30c930_0 .var "FLUSHD", 0 0;
v000001dd1d2d2fc0_0 .var "FLUSHE", 0 0;
v000001dd1d2d3200_0 .var "STALLD", 0 0;
v000001dd1d304840_0 .var "STALLPCF", 0 0;
v000001dd1d42bec0_0 .net "en_branch", 0 0, v000001dd1d3613a0_0;  1 drivers
v000001dd1d2d2780_0 .var "fw_AE", 1 0;
v000001dd1d2d2820_0 .var "fw_BE", 1 0;
v000001dd1d2d28c0_0 .net "rdE", 4 0, v000001dd1d361b20_0;  1 drivers
v000001dd1d2d2960_0 .net "rdM", 4 0, v000001dd1d361f80_0;  1 drivers
v000001dd1d2d2a00_0 .net "rdW", 4 0, v000001dd1d3618a0_0;  1 drivers
v000001dd1d2d2aa0_0 .net "rs1D", 4 0, v000001dd1d361080_0;  1 drivers
v000001dd1d2d2b40_0 .net "rs1E", 4 0, v000001dd1d3614e0_0;  1 drivers
v000001dd1d2d2be0_0 .net "rs2D", 4 0, v000001dd1d361ee0_0;  1 drivers
v000001dd1d361e40_0 .net "rs2E", 4 0, v000001dd1d361bc0_0;  1 drivers
v000001dd1d361800_0 .net "wen_rfM", 0 0, v000001dd1d361c60_0;  1 drivers
v000001dd1d361d00_0 .net "wen_rfW", 0 0, v000001dd1d361120_0;  1 drivers
v000001dd1d361a80_0 .net "writebackE", 1 0, v000001dd1d361260_0;  1 drivers
E_000001dd1d2f9180 .event anyedge, v000001dd1d42bec0_0;
E_000001dd1d2f8e80 .event anyedge, v000001dd1d361a80_0, v000001dd1d2d2aa0_0, v000001dd1d2d28c0_0, v000001dd1d2d2be0_0;
E_000001dd1d2f9280/0 .event anyedge, v000001dd1d361e40_0, v000001dd1d2d2960_0, v000001dd1d361800_0, v000001dd1d2d2a00_0;
E_000001dd1d2f9280/1 .event anyedge, v000001dd1d361d00_0;
E_000001dd1d2f9280 .event/or E_000001dd1d2f9280/0, E_000001dd1d2f9280/1;
E_000001dd1d2f8f80/0 .event anyedge, v000001dd1d2d2b40_0, v000001dd1d2d2960_0, v000001dd1d361800_0, v000001dd1d2d2a00_0;
E_000001dd1d2f8f80/1 .event anyedge, v000001dd1d361d00_0;
E_000001dd1d2f8f80 .event/or E_000001dd1d2f8f80/0, E_000001dd1d2f8f80/1;
    .scope S_000001dd1d30c7a0;
T_0 ;
    %wait E_000001dd1d2f8f80;
    %load/vec4 v000001dd1d2d2b40_0;
    %load/vec4 v000001dd1d2d2960_0;
    %cmp/e;
    %flag_get/vec4 4;
    %load/vec4 v000001dd1d361800_0;
    %and;
    %flag_set/vec4 8;
    %jmp/0xz  T_0.0, 8;
    %pushi/vec4 1, 0, 2;
    %store/vec4 v000001dd1d2d2780_0, 0, 2;
    %jmp T_0.1;
T_0.0 ;
    %load/vec4 v000001dd1d2d2b40_0;
    %load/vec4 v000001dd1d2d2a00_0;
    %cmp/e;
    %flag_get/vec4 4;
    %load/vec4 v000001dd1d361d00_0;
    %and;
    %flag_set/vec4 8;
    %jmp/0xz  T_0.2, 8;
    %pushi/vec4 2, 0, 2;
    %store/vec4 v000001dd1d2d2780_0, 0, 2;
    %jmp T_0.3;
T_0.2 ;
    %pushi/vec4 0, 0, 2;
    %store/vec4 v000001dd1d2d2780_0, 0, 2;
T_0.3 ;
T_0.1 ;
    %jmp T_0;
    .thread T_0, $push;
    .scope S_000001dd1d30c7a0;
T_1 ;
    %wait E_000001dd1d2f9280;
    %load/vec4 v000001dd1d361e40_0;
    %load/vec4 v000001dd1d2d2960_0;
    %cmp/e;
    %flag_get/vec4 4;
    %load/vec4 v000001dd1d361800_0;
    %and;
    %flag_set/vec4 8;
    %jmp/0xz  T_1.0, 8;
    %pushi/vec4 1, 0, 2;
    %store/vec4 v000001dd1d2d2820_0, 0, 2;
    %jmp T_1.1;
T_1.0 ;
    %load/vec4 v000001dd1d361e40_0;
    %load/vec4 v000001dd1d2d2a00_0;
    %cmp/e;
    %flag_get/vec4 4;
    %load/vec4 v000001dd1d361d00_0;
    %and;
    %flag_set/vec4 8;
    %jmp/0xz  T_1.2, 8;
    %pushi/vec4 2, 0, 2;
    %store/vec4 v000001dd1d2d2820_0, 0, 2;
    %jmp T_1.3;
T_1.2 ;
    %pushi/vec4 0, 0, 2;
    %store/vec4 v000001dd1d2d2820_0, 0, 2;
T_1.3 ;
T_1.1 ;
    %jmp T_1;
    .thread T_1, $push;
    .scope S_000001dd1d30c7a0;
T_2 ;
    %wait E_000001dd1d2f8e80;
    %pushi/vec4 1, 0, 1;
    %store/vec4 v000001dd1d304840_0, 0, 1;
    %pushi/vec4 1, 0, 1;
    %store/vec4 v000001dd1d2d3200_0, 0, 1;
    %pushi/vec4 1, 0, 1;
    %store/vec4 v000001dd1d2d2fc0_0, 0, 1;
    %load/vec4 v000001dd1d361a80_0;
    %pushi/vec4 1, 0, 2;
    %cmp/e;
    %flag_get/vec4 4;
    %load/vec4 v000001dd1d2d2aa0_0;
    %load/vec4 v000001dd1d2d28c0_0;
    %cmp/e;
    %flag_get/vec4 4;
    %load/vec4 v000001dd1d2d2be0_0;
    %load/vec4 v000001dd1d2d28c0_0;
    %cmp/e;
    %flag_get/vec4 4;
    %or;
    %and;
    %flag_set/vec4 8;
    %jmp/0xz  T_2.0, 8;
    %pushi/vec4 0, 0, 1;
    %store/vec4 v000001dd1d304840_0, 0, 1;
    %pushi/vec4 0, 0, 1;
    %store/vec4 v000001dd1d2d3200_0, 0, 1;
    %pushi/vec4 0, 0, 1;
    %store/vec4 v000001dd1d2d2fc0_0, 0, 1;
T_2.0 ;
    %jmp T_2;
    .thread T_2, $push;
    .scope S_000001dd1d30c7a0;
T_3 ;
    %wait E_000001dd1d2f9180;
    %load/vec4 v000001dd1d42bec0_0;
    %flag_set/vec4 8;
    %jmp/0xz  T_3.0, 8;
    %pushi/vec4 0, 0, 1;
    %store/vec4 v000001dd1d30c930_0, 0, 1;
    %jmp T_3.1;
T_3.0 ;
    %pushi/vec4 1, 0, 1;
    %store/vec4 v000001dd1d30c930_0, 0, 1;
T_3.1 ;
    %jmp T_3;
    .thread T_3, $push;
    .scope S_000001dd1d30c610;
T_4 ;
    %vpi_call 2 32 "$display", "Time\011fw_AE fw_BE STALLPCF STALLD FLUSHD FLUSHE" {0 0 0};
    %vpi_call 2 33 "$monitor", "%g\011%b     %b     %b        %b     %b      %b", $time, v000001dd1d3611c0_0, v000001dd1d361940_0, v000001dd1d3619e0_0, v000001dd1d361300_0, v000001dd1d361440_0, v000001dd1d361da0_0 {0 0 0};
    %pushi/vec4 0, 0, 5;
    %store/vec4 v000001dd1d361080_0, 0, 5;
    %pushi/vec4 0, 0, 5;
    %store/vec4 v000001dd1d361ee0_0, 0, 5;
    %pushi/vec4 0, 0, 5;
    %store/vec4 v000001dd1d3614e0_0, 0, 5;
    %pushi/vec4 0, 0, 5;
    %store/vec4 v000001dd1d361bc0_0, 0, 5;
    %pushi/vec4 0, 0, 5;
    %store/vec4 v000001dd1d361f80_0, 0, 5;
    %pushi/vec4 0, 0, 5;
    %store/vec4 v000001dd1d3618a0_0, 0, 5;
    %pushi/vec4 0, 0, 5;
    %store/vec4 v000001dd1d361b20_0, 0, 5;
    %pushi/vec4 0, 0, 2;
    %store/vec4 v000001dd1d361260_0, 0, 2;
    %pushi/vec4 0, 0, 1;
    %store/vec4 v000001dd1d361c60_0, 0, 1;
    %pushi/vec4 0, 0, 1;
    %store/vec4 v000001dd1d361120_0, 0, 1;
    %pushi/vec4 0, 0, 1;
    %store/vec4 v000001dd1d3613a0_0, 0, 1;
    %delay 10, 0;
    %pushi/vec4 10, 0, 5;
    %store/vec4 v000001dd1d3614e0_0, 0, 5;
    %pushi/vec4 10, 0, 5;
    %store/vec4 v000001dd1d361f80_0, 0, 5;
    %pushi/vec4 1, 0, 1;
    %store/vec4 v000001dd1d361c60_0, 0, 1;
    %delay 10, 0;
    %pushi/vec4 20, 0, 5;
    %store/vec4 v000001dd1d361bc0_0, 0, 5;
    %pushi/vec4 20, 0, 5;
    %store/vec4 v000001dd1d3618a0_0, 0, 5;
    %pushi/vec4 1, 0, 1;
    %store/vec4 v000001dd1d361120_0, 0, 1;
    %delay 10, 0;
    %pushi/vec4 5, 0, 5;
    %store/vec4 v000001dd1d361080_0, 0, 5;
    %pushi/vec4 5, 0, 5;
    %store/vec4 v000001dd1d361b20_0, 0, 5;
    %pushi/vec4 1, 0, 2;
    %store/vec4 v000001dd1d361260_0, 0, 2;
    %delay 10, 0;
    %pushi/vec4 1, 0, 1;
    %store/vec4 v000001dd1d3613a0_0, 0, 1;
    %delay 10, 0;
    %pushi/vec4 0, 0, 1;
    %store/vec4 v000001dd1d361c60_0, 0, 1;
    %pushi/vec4 0, 0, 1;
    %store/vec4 v000001dd1d361120_0, 0, 1;
    %pushi/vec4 0, 0, 2;
    %store/vec4 v000001dd1d361260_0, 0, 2;
    %pushi/vec4 0, 0, 1;
    %store/vec4 v000001dd1d3613a0_0, 0, 1;
    %delay 10, 0;
    %vpi_call 2 74 "$finish" {0 0 0};
    %end;
    .thread T_4;
# The file index is used to find the file name in the following table.
:file_names 4;
    "N/A";
    "<interactive>";
    "HAZARD_UNIT_tb.v";
    "./HAZARD_UNIT.v";
