#! /c/Source/iverilog-install/bin/vvp
:ivl_version "12.0 (devel)" "(s20150603-1110-g18392a46)";
:ivl_delay_selection "TYPICAL";
:vpi_time_precision + 0;
:vpi_module "D:\iverilog\iverilog\lib\ivl\system.vpi";
:vpi_module "D:\iverilog\iverilog\lib\ivl\vhdl_sys.vpi";
:vpi_module "D:\iverilog\iverilog\lib\ivl\vhdl_textio.vpi";
:vpi_module "D:\iverilog\iverilog\lib\ivl\v2005_math.vpi";
:vpi_module "D:\iverilog\iverilog\lib\ivl\va_math.vpi";
S_000001350ccf2720 .scope module, "HAZARD_UNIT" "HAZARD_UNIT" 2 1;
 .timescale 0 0;
    .port_info 0 /INPUT 5 "rs1D";
    .port_info 1 /INPUT 5 "rs2D";
    .port_info 2 /INPUT 5 "rs1E";
    .port_info 3 /INPUT 5 "rs2E";
    .port_info 4 /INPUT 5 "rdM";
    .port_info 5 /INPUT 5 "rdW";
    .port_info 6 /INPUT 5 "rdE";
    .port_info 7 /INPUT 2 "writebackE";
    .port_info 8 /INPUT 1 "wen_rfM";
    .port_info 9 /INPUT 1 "wen_rfW";
    .port_info 10 /INPUT 1 "en_branch";
    .port_info 11 /OUTPUT 2 "fw_AE";
    .port_info 12 /OUTPUT 2 "fw_BE";
    .port_info 13 /OUTPUT 1 "STALLPCF";
    .port_info 14 /OUTPUT 1 "STALLD";
    .port_info 15 /OUTPUT 1 "FLUSHD";
    .port_info 16 /OUTPUT 1 "FLUSHE";
v000001350ccf2f60_0 .var "FLUSHD", 0 0;
v000001350ccf31a0_0 .var "FLUSHE", 0 0;
v000001350ccdbeb0_0 .var "STALLD", 0 0;
v000001350ccf28b0_0 .var "STALLPCF", 0 0;
o000001350cd2e098 .functor BUFZ 1, C4<z>; HiZ drive
v000001350ccf2950_0 .net "en_branch", 0 0, o000001350cd2e098;  0 drivers
v000001350ccf29f0_0 .var "fw_AE", 1 0;
v000001350ccf2a90_0 .var "fw_BE", 1 0;
o000001350cd2e128 .functor BUFZ 5, C4<zzzzz>; HiZ drive
v000001350ccf2b30_0 .net "rdE", 4 0, o000001350cd2e128;  0 drivers
o000001350cd2e158 .functor BUFZ 5, C4<zzzzz>; HiZ drive
v000001350cd239e0_0 .net "rdM", 4 0, o000001350cd2e158;  0 drivers
o000001350cd2e188 .functor BUFZ 5, C4<zzzzz>; HiZ drive
v000001350cd23a80_0 .net "rdW", 4 0, o000001350cd2e188;  0 drivers
o000001350cd2e1b8 .functor BUFZ 5, C4<zzzzz>; HiZ drive
v000001350cd23b20_0 .net "rs1D", 4 0, o000001350cd2e1b8;  0 drivers
o000001350cd2e1e8 .functor BUFZ 5, C4<zzzzz>; HiZ drive
v000001350cd23bc0_0 .net "rs1E", 4 0, o000001350cd2e1e8;  0 drivers
o000001350cd2e218 .functor BUFZ 5, C4<zzzzz>; HiZ drive
v000001350cd23c60_0 .net "rs2D", 4 0, o000001350cd2e218;  0 drivers
o000001350cd2e248 .functor BUFZ 5, C4<zzzzz>; HiZ drive
v000001350cd23d00_0 .net "rs2E", 4 0, o000001350cd2e248;  0 drivers
o000001350cd2e278 .functor BUFZ 1, C4<z>; HiZ drive
v000001350cd74ca0_0 .net "wen_rfM", 0 0, o000001350cd2e278;  0 drivers
o000001350cd2e2a8 .functor BUFZ 1, C4<z>; HiZ drive
v000001350cd759c0_0 .net "wen_rfW", 0 0, o000001350cd2e2a8;  0 drivers
o000001350cd2e2d8 .functor BUFZ 2, C4<zz>; HiZ drive
v000001350cd757e0_0 .net "writebackE", 1 0, o000001350cd2e2d8;  0 drivers
E_000001350cd149c0 .event anyedge, v000001350ccf2950_0;
E_000001350cd14e40 .event anyedge, v000001350cd757e0_0, v000001350cd23b20_0, v000001350ccf2b30_0, v000001350cd23c60_0;
E_000001350cd15580/0 .event anyedge, v000001350cd23bc0_0, v000001350cd239e0_0, v000001350cd74ca0_0, v000001350cd23d00_0;
E_000001350cd15580/1 .event anyedge, v000001350cd23a80_0, v000001350cd759c0_0;
E_000001350cd15580 .event/or E_000001350cd15580/0, E_000001350cd15580/1;
    .scope S_000001350ccf2720;
T_0 ;
    %wait E_000001350cd15580;
    %load/vec4 v000001350cd23bc0_0;
    %load/vec4 v000001350cd239e0_0;
    %cmp/e;
    %flag_get/vec4 4;
    %load/vec4 v000001350cd74ca0_0;
    %and;
    %flag_set/vec4 8;
    %jmp/0xz  T_0.0, 8;
    %pushi/vec4 1, 0, 2;
    %store/vec4 v000001350ccf29f0_0, 0, 2;
    %jmp T_0.1;
T_0.0 ;
    %load/vec4 v000001350cd23d00_0;
    %load/vec4 v000001350cd239e0_0;
    %cmp/e;
    %flag_get/vec4 4;
    %load/vec4 v000001350cd74ca0_0;
    %and;
    %flag_set/vec4 8;
    %jmp/0xz  T_0.2, 8;
    %pushi/vec4 1, 0, 2;
    %store/vec4 v000001350ccf2a90_0, 0, 2;
    %jmp T_0.3;
T_0.2 ;
    %load/vec4 v000001350cd23bc0_0;
    %load/vec4 v000001350cd23a80_0;
    %cmp/e;
    %flag_get/vec4 4;
    %load/vec4 v000001350cd759c0_0;
    %and;
    %flag_set/vec4 8;
    %jmp/0xz  T_0.4, 8;
    %pushi/vec4 2, 0, 2;
    %store/vec4 v000001350ccf29f0_0, 0, 2;
    %jmp T_0.5;
T_0.4 ;
    %load/vec4 v000001350cd23d00_0;
    %load/vec4 v000001350cd23a80_0;
    %cmp/e;
    %flag_get/vec4 4;
    %load/vec4 v000001350cd759c0_0;
    %and;
    %flag_set/vec4 8;
    %jmp/0xz  T_0.6, 8;
    %pushi/vec4 2, 0, 2;
    %store/vec4 v000001350ccf2a90_0, 0, 2;
    %jmp T_0.7;
T_0.6 ;
    %pushi/vec4 0, 0, 2;
    %store/vec4 v000001350ccf29f0_0, 0, 2;
    %pushi/vec4 0, 0, 2;
    %store/vec4 v000001350ccf2a90_0, 0, 2;
T_0.7 ;
T_0.5 ;
T_0.3 ;
T_0.1 ;
    %jmp T_0;
    .thread T_0, $push;
    .scope S_000001350ccf2720;
T_1 ;
    %wait E_000001350cd14e40;
    %load/vec4 v000001350cd757e0_0;
    %pushi/vec4 1, 0, 2;
    %cmp/e;
    %flag_get/vec4 4;
    %load/vec4 v000001350cd23b20_0;
    %load/vec4 v000001350ccf2b30_0;
    %cmp/e;
    %flag_get/vec4 4;
    %and;
    %load/vec4 v000001350cd23c60_0;
    %load/vec4 v000001350ccf2b30_0;
    %cmp/e;
    %flag_get/vec4 4;
    %or;
    %flag_set/vec4 8;
    %jmp/0xz  T_1.0, 8;
    %pushi/vec4 0, 0, 1;
    %store/vec4 v000001350ccf28b0_0, 0, 1;
    %pushi/vec4 0, 0, 1;
    %store/vec4 v000001350ccdbeb0_0, 0, 1;
    %pushi/vec4 0, 0, 1;
    %store/vec4 v000001350ccf31a0_0, 0, 1;
    %jmp T_1.1;
T_1.0 ;
    %pushi/vec4 0, 0, 1;
    %store/vec4 v000001350ccf28b0_0, 0, 1;
    %pushi/vec4 0, 0, 1;
    %store/vec4 v000001350ccdbeb0_0, 0, 1;
    %pushi/vec4 0, 0, 1;
    %store/vec4 v000001350ccf31a0_0, 0, 1;
T_1.1 ;
    %jmp T_1;
    .thread T_1, $push;
    .scope S_000001350ccf2720;
T_2 ;
    %wait E_000001350cd149c0;
    %load/vec4 v000001350ccf2950_0;
    %flag_set/vec4 8;
    %jmp/0xz  T_2.0, 8;
    %pushi/vec4 0, 0, 1;
    %store/vec4 v000001350ccf2f60_0, 0, 1;
    %pushi/vec4 0, 0, 1;
    %store/vec4 v000001350ccf31a0_0, 0, 1;
    %jmp T_2.1;
T_2.0 ;
    %pushi/vec4 0, 0, 1;
    %store/vec4 v000001350ccf2f60_0, 0, 1;
    %pushi/vec4 0, 0, 1;
    %store/vec4 v000001350ccf31a0_0, 0, 1;
T_2.1 ;
    %jmp T_2;
    .thread T_2, $push;
# The file index is used to find the file name in the following table.
:file_names 3;
    "N/A";
    "<interactive>";
    "HAZARD_UNIT.v";
