#! /c/Source/iverilog-install/bin/vvp
:ivl_version "12.0 (devel)" "(s20150603-1110-g18392a46)";
:ivl_delay_selection "TYPICAL";
:vpi_time_precision + 0;
:vpi_module "D:\iverilog\iverilog\lib\ivl\system.vpi";
:vpi_module "D:\iverilog\iverilog\lib\ivl\vhdl_sys.vpi";
:vpi_module "D:\iverilog\iverilog\lib\ivl\vhdl_textio.vpi";
:vpi_module "D:\iverilog\iverilog\lib\ivl\v2005_math.vpi";
:vpi_module "D:\iverilog\iverilog\lib\ivl\va_math.vpi";
S_000002e29a742830 .scope module, "IF_ID" "IF_ID" 2 1;
 .timescale 0 0;
    .port_info 0 /INPUT 1 "clk";
    .port_info 1 /INPUT 1 "rst_n";
    .port_info 2 /INPUT 1 "enIF_ID";
    .port_info 3 /INPUT 32 "insF";
    .port_info 4 /INPUT 8 "PC_currentF";
    .port_info 5 /INPUT 8 "PC_nextF";
    .port_info 6 /OUTPUT 32 "insD";
    .port_info 7 /OUTPUT 8 "PC_currentD";
    .port_info 8 /OUTPUT 8 "PC_nextD";
v000002e29a7429c0_0 .var "PC_currentD", 7 0;
o000002e29a776fe8 .functor BUFZ 8, C4<zzzzzzzz>; HiZ drive
v000002e29a742a60_0 .net "PC_currentF", 7 0, o000002e29a776fe8;  0 drivers
v000002e29a742b00_0 .var "PC_nextD", 7 0;
o000002e29a777048 .functor BUFZ 8, C4<zzzzzzzz>; HiZ drive
v000002e29a7bbc20_0 .net "PC_nextF", 7 0, o000002e29a777048;  0 drivers
o000002e29a777078 .functor BUFZ 1, C4<z>; HiZ drive
v000002e29a7bbcc0_0 .net "clk", 0 0, o000002e29a777078;  0 drivers
o000002e29a7770a8 .functor BUFZ 1, C4<z>; HiZ drive
v000002e29a7bbd60_0 .net "enIF_ID", 0 0, o000002e29a7770a8;  0 drivers
v000002e29a7bbe00_0 .var "insD", 31 0;
o000002e29a777108 .functor BUFZ 32, C4<zzzzzzzzzzzzzzzzzzzzzzzzzzzzzzzz>; HiZ drive
v000002e29a7bbea0_0 .net "insF", 31 0, o000002e29a777108;  0 drivers
o000002e29a777138 .functor BUFZ 1, C4<z>; HiZ drive
v000002e29a771990_0 .net "rst_n", 0 0, o000002e29a777138;  0 drivers
E_000002e29a776a50/0 .event negedge, v000002e29a771990_0;
E_000002e29a776a50/1 .event posedge, v000002e29a7bbcc0_0;
E_000002e29a776a50 .event/or E_000002e29a776a50/0, E_000002e29a776a50/1;
    .scope S_000002e29a742830;
T_0 ;
    %wait E_000002e29a776a50;
    %load/vec4 v000002e29a771990_0;
    %inv;
    %flag_set/vec4 8;
    %jmp/0xz  T_0.0, 8;
    %pushi/vec4 0, 0, 32;
    %assign/vec4 v000002e29a7bbe00_0, 0;
    %pushi/vec4 0, 0, 8;
    %assign/vec4 v000002e29a7429c0_0, 0;
    %pushi/vec4 0, 0, 8;
    %assign/vec4 v000002e29a742b00_0, 0;
    %jmp T_0.1;
T_0.0 ;
    %load/vec4 v000002e29a7bbd60_0;
    %flag_set/vec4 8;
    %jmp/0xz  T_0.2, 8;
    %load/vec4 v000002e29a7bbea0_0;
    %assign/vec4 v000002e29a7bbe00_0, 0;
    %load/vec4 v000002e29a742a60_0;
    %assign/vec4 v000002e29a7429c0_0, 0;
    %load/vec4 v000002e29a7bbc20_0;
    %assign/vec4 v000002e29a742b00_0, 0;
T_0.2 ;
T_0.1 ;
    %jmp T_0;
    .thread T_0;
# The file index is used to find the file name in the following table.
:file_names 3;
    "N/A";
    "<interactive>";
    "IF_ID.v";
