#! /c/Source/iverilog-install/bin/vvp
:ivl_version "12.0 (devel)" "(s20150603-1110-g18392a46)";
:ivl_delay_selection "TYPICAL";
:vpi_time_precision - 12;
:vpi_module "D:\iverilog\iverilog\lib\ivl\system.vpi";
:vpi_module "D:\iverilog\iverilog\lib\ivl\vhdl_sys.vpi";
:vpi_module "D:\iverilog\iverilog\lib\ivl\vhdl_textio.vpi";
:vpi_module "D:\iverilog\iverilog\lib\ivl\v2005_math.vpi";
:vpi_module "D:\iverilog\iverilog\lib\ivl\va_math.vpi";
S_000001b22e35c2b0 .scope module, "IMEM_tb" "IMEM_tb" 2 4;
 .timescale -12 -12;
v000001b22e35c5d0_0 .var "addr", 1 0;
v000001b22e35c670_0 .net "rdata", 31 0, v000001b22e5d2b60_0;  1 drivers
S_000001b22e35c440 .scope module, "dut" "IMEM" 2 9, 3 1 0, S_000001b22e35c2b0;
 .timescale 0 0;
    .port_info 0 /INPUT 2 "addr";
    .port_info 1 /OUTPUT 32 "rdata";
P_000001b22e5d2eb0 .param/l "a_width" 0 3 3, +C4<00000000000000000000000000000010>;
P_000001b22e5d2ee8 .param/l "d_width" 0 3 2, +C4<00000000000000000000000000100000>;
v000001b22e5d2d30_0 .net "addr", 1 0, v000001b22e35c5d0_0;  1 drivers
v000001b22e359930 .array "mem", 3 0, 31 0;
v000001b22e5d2b60_0 .var "rdata", 31 0;
v000001b22e359930_0 .array/port v000001b22e359930, 0;
v000001b22e359930_1 .array/port v000001b22e359930, 1;
v000001b22e359930_2 .array/port v000001b22e359930, 2;
E_000001b22e6062b0/0 .event anyedge, v000001b22e5d2d30_0, v000001b22e359930_0, v000001b22e359930_1, v000001b22e359930_2;
v000001b22e359930_3 .array/port v000001b22e359930, 3;
E_000001b22e6062b0/1 .event anyedge, v000001b22e359930_3;
E_000001b22e6062b0 .event/or E_000001b22e6062b0/0, E_000001b22e6062b0/1;
    .scope S_000001b22e35c440;
T_0 ;
    %vpi_call 3 13 "$readmemb", "E:/HDL/RV32IN/code.txt", v000001b22e359930 {0 0 0};
    %end;
    .thread T_0;
    .scope S_000001b22e35c440;
T_1 ;
    %wait E_000001b22e6062b0;
    %load/vec4 v000001b22e5d2d30_0;
    %pad/u 4;
    %ix/vec4 4;
    %load/vec4a v000001b22e359930, 4;
    %store/vec4 v000001b22e5d2b60_0, 0, 32;
    %jmp T_1;
    .thread T_1, $push;
    .scope S_000001b22e35c2b0;
T_2 ;
    %vpi_call 2 15 "$dumpfile", "IMEM_tb.vcd" {0 0 0};
    %vpi_call 2 16 "$dumpvars", 32'sb00000000000000000000000000000000, S_000001b22e35c2b0 {0 0 0};
    %pushi/vec4 0, 0, 2;
    %store/vec4 v000001b22e35c5d0_0, 0, 2;
    %pushi/vec4 1, 0, 2;
    %store/vec4 v000001b22e35c5d0_0, 0, 2;
    %pushi/vec4 2, 0, 2;
    %store/vec4 v000001b22e35c5d0_0, 0, 2;
    %vpi_call 2 24 "$finish" {0 0 0};
    %end;
    .thread T_2;
# The file index is used to find the file name in the following table.
:file_names 4;
    "N/A";
    "<interactive>";
    "IMEM_tb.v";
    "./IMEM.v";
