#! /c/Source/iverilog-install/bin/vvp
:ivl_version "12.0 (devel)" "(s20150603-1110-g18392a46)";
:ivl_delay_selection "TYPICAL";
:vpi_time_precision + 0;
:vpi_module "D:\iverilog\iverilog\lib\ivl\system.vpi";
:vpi_module "D:\iverilog\iverilog\lib\ivl\vhdl_sys.vpi";
:vpi_module "D:\iverilog\iverilog\lib\ivl\vhdl_textio.vpi";
:vpi_module "D:\iverilog\iverilog\lib\ivl\v2005_math.vpi";
:vpi_module "D:\iverilog\iverilog\lib\ivl\va_math.vpi";
S_000002483d282830 .scope module, "IMEM" "IMEM" 2 1;
 .timescale 0 0;
    .port_info 0 /INPUT 2 "addr";
    .port_info 1 /OUTPUT 32 "rdata";
P_000002483d282e70 .param/l "a_width" 0 2 3, +C4<00000000000000000000000000000010>;
P_000002483d282ea8 .param/l "d_width" 0 2 2, +C4<00000000000000000000000000100000>;
o000002483d2b6fa8 .functor BUFZ 2, C4<zz>; HiZ drive
v000002483d282cf0_0 .net "addr", 1 0, o000002483d2b6fa8;  0 drivers
v000002483d2829c0 .array "mem", 3 0, 31 0;
v000002483d282a60_0 .var "rdata", 31 0;
v000002483d2829c0_0 .array/port v000002483d2829c0, 0;
v000002483d2829c0_1 .array/port v000002483d2829c0, 1;
v000002483d2829c0_2 .array/port v000002483d2829c0, 2;
E_000002483d2b6170/0 .event anyedge, v000002483d282cf0_0, v000002483d2829c0_0, v000002483d2829c0_1, v000002483d2829c0_2;
v000002483d2829c0_3 .array/port v000002483d2829c0, 3;
E_000002483d2b6170/1 .event anyedge, v000002483d2829c0_3;
E_000002483d2b6170 .event/or E_000002483d2b6170/0, E_000002483d2b6170/1;
    .scope S_000002483d282830;
T_0 ;
    %vpi_call 2 13 "$readmemb", "E:/HDL/RV32IN/code.txt", v000002483d2829c0 {0 0 0};
    %end;
    .thread T_0;
    .scope S_000002483d282830;
T_1 ;
    %wait E_000002483d2b6170;
    %load/vec4 v000002483d282cf0_0;
    %pad/u 4;
    %ix/vec4 4;
    %load/vec4a v000002483d2829c0, 4;
    %store/vec4 v000002483d282a60_0, 0, 32;
    %jmp T_1;
    .thread T_1, $push;
# The file index is used to find the file name in the following table.
:file_names 3;
    "N/A";
    "<interactive>";
    "IMEM.v";
