#! /c/Source/iverilog-install/bin/vvp
:ivl_version "12.0 (devel)" "(s20150603-1110-g18392a46)";
:ivl_delay_selection "TYPICAL";
:vpi_time_precision + 0;
:vpi_module "D:\iverilog\iverilog\lib\ivl\system.vpi";
:vpi_module "D:\iverilog\iverilog\lib\ivl\vhdl_sys.vpi";
:vpi_module "D:\iverilog\iverilog\lib\ivl\vhdl_textio.vpi";
:vpi_module "D:\iverilog\iverilog\lib\ivl\v2005_math.vpi";
:vpi_module "D:\iverilog\iverilog\lib\ivl\va_math.vpi";
S_00000215a7322830 .scope module, "ME_WB" "ME_WB" 2 1;
 .timescale 0 0;
    .port_info 0 /INPUT 1 "clk";
    .port_info 1 /INPUT 2 "writebackM";
    .port_info 2 /INPUT 1 "wen_rfM";
    .port_info 3 /INPUT 32 "alu_resultM";
    .port_info 4 /INPUT 32 "dmem_resultM";
    .port_info 5 /INPUT 5 "rdM";
    .port_info 6 /INPUT 8 "PC_nextM";
    .port_info 7 /OUTPUT 2 "writebackW";
    .port_info 8 /OUTPUT 1 "wen_rfW";
    .port_info 9 /OUTPUT 32 "alu_resultW";
    .port_info 10 /OUTPUT 32 "dmem_resultW";
    .port_info 11 /OUTPUT 5 "rdW";
    .port_info 12 /OUTPUT 8 "PC_nextW";
o00000215a7356fb8 .functor BUFZ 8, C4<zzzzzzzz>; HiZ drive
v00000215a7322dd0_0 .net "PC_nextM", 7 0, o00000215a7356fb8;  0 drivers
v00000215a747be60_0 .var "PC_nextW", 7 0;
o00000215a7357018 .functor BUFZ 32, C4<zzzzzzzzzzzzzzzzzzzzzzzzzzzzzzzz>; HiZ drive
v00000215a7322aa0_0 .net "alu_resultM", 31 0, o00000215a7357018;  0 drivers
v00000215a7322b40_0 .var "alu_resultW", 31 0;
o00000215a7357078 .functor BUFZ 1, C4<z>; HiZ drive
v00000215a739bc20_0 .net "clk", 0 0, o00000215a7357078;  0 drivers
o00000215a73570a8 .functor BUFZ 32, C4<zzzzzzzzzzzzzzzzzzzzzzzzzzzzzzzz>; HiZ drive
v00000215a739bcc0_0 .net "dmem_resultM", 31 0, o00000215a73570a8;  0 drivers
v00000215a739bd60_0 .var "dmem_resultW", 31 0;
o00000215a7357108 .functor BUFZ 5, C4<zzzzz>; HiZ drive
v00000215a739be00_0 .net "rdM", 4 0, o00000215a7357108;  0 drivers
v00000215a739bea0_0 .var "rdW", 4 0;
o00000215a7357168 .functor BUFZ 1, C4<z>; HiZ drive
v00000215a7351990_0 .net "wen_rfM", 0 0, o00000215a7357168;  0 drivers
v00000215a7351a30_0 .var "wen_rfW", 0 0;
o00000215a73571c8 .functor BUFZ 2, C4<zz>; HiZ drive
v00000215a7351ad0_0 .net "writebackM", 1 0, o00000215a73571c8;  0 drivers
v00000215a7351b70_0 .var "writebackW", 1 0;
E_00000215a747c220 .event posedge, v00000215a739bc20_0;
    .scope S_00000215a7322830;
T_0 ;
    %wait E_00000215a747c220;
    %load/vec4 v00000215a7351ad0_0;
    %assign/vec4 v00000215a7351b70_0, 0;
    %load/vec4 v00000215a7351990_0;
    %assign/vec4 v00000215a7351a30_0, 0;
    %load/vec4 v00000215a7322aa0_0;
    %assign/vec4 v00000215a7322b40_0, 0;
    %load/vec4 v00000215a739bcc0_0;
    %assign/vec4 v00000215a739bd60_0, 0;
    %load/vec4 v00000215a739be00_0;
    %assign/vec4 v00000215a739bea0_0, 0;
    %load/vec4 v00000215a7322dd0_0;
    %assign/vec4 v00000215a747be60_0, 0;
    %jmp T_0;
    .thread T_0;
# The file index is used to find the file name in the following table.
:file_names 3;
    "N/A";
    "<interactive>";
    "ME_WB.v";
