#! /c/Source/iverilog-install/bin/vvp
:ivl_version "12.0 (devel)" "(s20150603-1110-g18392a46)";
:ivl_delay_selection "TYPICAL";
:vpi_time_precision + 0;
:vpi_module "D:\iverilog\iverilog\lib\ivl\system.vpi";
:vpi_module "D:\iverilog\iverilog\lib\ivl\vhdl_sys.vpi";
:vpi_module "D:\iverilog\iverilog\lib\ivl\vhdl_textio.vpi";
:vpi_module "D:\iverilog\iverilog\lib\ivl\v2005_math.vpi";
:vpi_module "D:\iverilog\iverilog\lib\ivl\va_math.vpi";
S_000001b2ade62720 .scope module, "MUX2v1" "MUX2v1" 2 1;
 .timescale 0 0;
    .port_info 0 /INPUT 32 "a";
    .port_info 1 /INPUT 32 "b";
    .port_info 2 /INPUT 1 "select";
    .port_info 3 /OUTPUT 32 "y";
o000001b2ade96eb8 .functor BUFZ 32, C4<zzzzzzzzzzzzzzzzzzzzzzzzzzzzzzzz>; HiZ drive
v000001b2ade62f40_0 .net "a", 31 0, o000001b2ade96eb8;  0 drivers
o000001b2ade96ee8 .functor BUFZ 32, C4<zzzzzzzzzzzzzzzzzzzzzzzzzzzzzzzz>; HiZ drive
v000001b2ade628b0_0 .net "b", 31 0, o000001b2ade96ee8;  0 drivers
o000001b2ade96f18 .functor BUFZ 1, C4<z>; HiZ drive
v000001b2ade62950_0 .net "select", 0 0, o000001b2ade96f18;  0 drivers
v000001b2ade629f0_0 .net "y", 31 0, L_000001b2ade62a90;  1 drivers
L_000001b2ade62a90 .functor MUXZ 32, o000001b2ade96eb8, o000001b2ade96ee8, o000001b2ade96f18, C4<>;
# The file index is used to find the file name in the following table.
:file_names 3;
    "N/A";
    "<interactive>";
    "MUX2v1.v";
