#! /c/Source/iverilog-install/bin/vvp
:ivl_version "12.0 (devel)" "(s20150603-1110-g18392a46)";
:ivl_delay_selection "TYPICAL";
:vpi_time_precision + 0;
:vpi_module "D:\iverilog\iverilog\lib\ivl\system.vpi";
:vpi_module "D:\iverilog\iverilog\lib\ivl\vhdl_sys.vpi";
:vpi_module "D:\iverilog\iverilog\lib\ivl\vhdl_textio.vpi";
:vpi_module "D:\iverilog\iverilog\lib\ivl\v2005_math.vpi";
:vpi_module "D:\iverilog\iverilog\lib\ivl\va_math.vpi";
S_000001ae49312830 .scope module, "MUX41" "MUX41" 2 1;
 .timescale 0 0;
    .port_info 0 /INPUT 2 "select";
    .port_info 1 /INPUT 32 "a";
    .port_info 2 /INPUT 32 "b";
    .port_info 3 /INPUT 32 "c";
    .port_info 4 /INPUT 32 "d";
    .port_info 5 /OUTPUT 32 "y";
o000001ae49346fd8 .functor BUFZ 32, C4<zzzzzzzzzzzzzzzzzzzzzzzzzzzzzzzz>; HiZ drive
v000001ae49312f20_0 .net "a", 31 0, o000001ae49346fd8;  0 drivers
o000001ae49347008 .functor BUFZ 32, C4<zzzzzzzzzzzzzzzzzzzzzzzzzzzzzzzz>; HiZ drive
v000001ae4928bd60_0 .net "b", 31 0, o000001ae49347008;  0 drivers
o000001ae49347038 .functor BUFZ 32, C4<zzzzzzzzzzzzzzzzzzzzzzzzzzzzzzzz>; HiZ drive
v000001ae4928be00_0 .net "c", 31 0, o000001ae49347038;  0 drivers
o000001ae49347068 .functor BUFZ 32, C4<zzzzzzzzzzzzzzzzzzzzzzzzzzzzzzzz>; HiZ drive
v000001ae4928bea0_0 .net "d", 31 0, o000001ae49347068;  0 drivers
o000001ae49347098 .functor BUFZ 2, C4<zz>; HiZ drive
v000001ae493129c0_0 .net "select", 1 0, o000001ae49347098;  0 drivers
v000001ae49312a60_0 .var "y", 31 0;
E_000001ae4928cd60/0 .event anyedge, v000001ae493129c0_0, v000001ae49312f20_0, v000001ae4928bd60_0, v000001ae4928be00_0;
E_000001ae4928cd60/1 .event anyedge, v000001ae4928bea0_0;
E_000001ae4928cd60 .event/or E_000001ae4928cd60/0, E_000001ae4928cd60/1;
    .scope S_000001ae49312830;
T_0 ;
    %wait E_000001ae4928cd60;
    %load/vec4 v000001ae493129c0_0;
    %dup/vec4;
    %pushi/vec4 0, 0, 2;
    %cmp/u;
    %jmp/1 T_0.0, 6;
    %dup/vec4;
    %pushi/vec4 1, 0, 2;
    %cmp/u;
    %jmp/1 T_0.1, 6;
    %dup/vec4;
    %pushi/vec4 2, 0, 2;
    %cmp/u;
    %jmp/1 T_0.2, 6;
    %dup/vec4;
    %pushi/vec4 3, 0, 2;
    %cmp/u;
    %jmp/1 T_0.3, 6;
    %pushi/vec4 0, 0, 32;
    %store/vec4 v000001ae49312a60_0, 0, 32;
    %jmp T_0.5;
T_0.0 ;
    %load/vec4 v000001ae49312f20_0;
    %store/vec4 v000001ae49312a60_0, 0, 32;
    %jmp T_0.5;
T_0.1 ;
    %load/vec4 v000001ae4928bd60_0;
    %store/vec4 v000001ae49312a60_0, 0, 32;
    %jmp T_0.5;
T_0.2 ;
    %load/vec4 v000001ae4928be00_0;
    %store/vec4 v000001ae49312a60_0, 0, 32;
    %jmp T_0.5;
T_0.3 ;
    %load/vec4 v000001ae4928bea0_0;
    %store/vec4 v000001ae49312a60_0, 0, 32;
    %jmp T_0.5;
T_0.5 ;
    %pop/vec4 1;
    %jmp T_0;
    .thread T_0, $push;
# The file index is used to find the file name in the following table.
:file_names 3;
    "N/A";
    "<interactive>";
    "MUX41.v";
