#! /c/Source/iverilog-install/bin/vvp
:ivl_version "12.0 (devel)" "(s20150603-1110-g18392a46)";
:ivl_delay_selection "TYPICAL";
:vpi_time_precision + 0;
:vpi_module "D:\iverilog\iverilog\lib\ivl\system.vpi";
:vpi_module "D:\iverilog\iverilog\lib\ivl\vhdl_sys.vpi";
:vpi_module "D:\iverilog\iverilog\lib\ivl\vhdl_textio.vpi";
:vpi_module "D:\iverilog\iverilog\lib\ivl\v2005_math.vpi";
:vpi_module "D:\iverilog\iverilog\lib\ivl\va_math.vpi";
S_0000016e47f62720 .scope module, "PC" "PC" 2 1;
 .timescale 0 0;
    .port_info 0 /INPUT 1 "clk";
    .port_info 1 /INPUT 1 "rst_n";
    .port_info 2 /INPUT 1 "en";
    .port_info 3 /INPUT 1 "branch";
    .port_info 4 /INPUT 8 "PC_current";
    .port_info 5 /INPUT 8 "PC_branch";
    .port_info 6 /OUTPUT 8 "PC_next";
P_0000016e47f967c0 .param/l "a_width" 0 2 2, +C4<00000000000000000000000000001000>;
o0000016e47f96fa8 .functor BUFZ 8, C4<zzzzzzzz>; HiZ drive
v0000016e47f62f30_0 .net "PC_branch", 7 0, o0000016e47f96fa8;  0 drivers
o0000016e47f96fd8 .functor BUFZ 8, C4<zzzzzzzz>; HiZ drive
v0000016e47f628b0_0 .net "PC_current", 7 0, o0000016e47f96fd8;  0 drivers
v0000016e47f62950_0 .var "PC_next", 7 0;
o0000016e47f97038 .functor BUFZ 1, C4<z>; HiZ drive
v0000016e47f629f0_0 .net "branch", 0 0, o0000016e47f97038;  0 drivers
o0000016e47f97068 .functor BUFZ 1, C4<z>; HiZ drive
v0000016e47f62a90_0 .net "clk", 0 0, o0000016e47f97068;  0 drivers
o0000016e47f97098 .functor BUFZ 1, C4<z>; HiZ drive
v0000016e47f62b30_0 .net "en", 0 0, o0000016e47f97098;  0 drivers
o0000016e47f970c8 .functor BUFZ 1, C4<z>; HiZ drive
v0000016e47f91180_0 .net "rst_n", 0 0, o0000016e47f970c8;  0 drivers
E_0000016e47f95e00/0 .event negedge, v0000016e47f91180_0;
E_0000016e47f95e00/1 .event posedge, v0000016e47f62a90_0;
E_0000016e47f95e00 .event/or E_0000016e47f95e00/0, E_0000016e47f95e00/1;
    .scope S_0000016e47f62720;
T_0 ;
    %wait E_0000016e47f95e00;
    %load/vec4 v0000016e47f91180_0;
    %nor/r;
    %flag_set/vec4 8;
    %jmp/0xz  T_0.0, 8;
    %pushi/vec4 0, 0, 8;
    %assign/vec4 v0000016e47f62950_0, 0;
    %jmp T_0.1;
T_0.0 ;
    %load/vec4 v0000016e47f629f0_0;
    %flag_set/vec4 8;
    %jmp/0xz  T_0.2, 8;
    %load/vec4 v0000016e47f62f30_0;
    %assign/vec4 v0000016e47f62950_0, 0;
    %jmp T_0.3;
T_0.2 ;
    %load/vec4 v0000016e47f628b0_0;
    %addi 4, 0, 8;
    %assign/vec4 v0000016e47f62950_0, 0;
T_0.3 ;
T_0.1 ;
    %jmp T_0;
    .thread T_0;
# The file index is used to find the file name in the following table.
:file_names 3;
    "N/A";
    "<interactive>";
    "PC.v";
