#! /c/Source/iverilog-install/bin/vvp
:ivl_version "12.0 (devel)" "(s20150603-1110-g18392a46)";
:ivl_delay_selection "TYPICAL";
:vpi_time_precision + 0;
:vpi_module "D:\iverilog\iverilog\lib\ivl\system.vpi";
:vpi_module "D:\iverilog\iverilog\lib\ivl\vhdl_sys.vpi";
:vpi_module "D:\iverilog\iverilog\lib\ivl\vhdl_textio.vpi";
:vpi_module "D:\iverilog\iverilog\lib\ivl\v2005_math.vpi";
:vpi_module "D:\iverilog\iverilog\lib\ivl\va_math.vpi";
S_0000021742742830 .scope module, "WRAPPER_DMEM" "WRAPPER_DMEM" 2 1;
 .timescale 0 0;
    .port_info 0 /INPUT 1 "clk";
    .port_info 1 /INPUT 1 "rst_n";
    .port_info 2 /INPUT 1 "en";
    .port_info 3 /INPUT 1 "load_store";
    .port_info 4 /INPUT 2 "byteadd";
    .port_info 5 /INPUT 3 "func";
    .port_info 6 /INPUT 8 "addr";
    .port_info 7 /INPUT 32 "wdata";
    .port_info 8 /OUTPUT 32 "rdata";
P_0000021742742e90 .param/l "a_width" 0 2 3, +C4<00000000000000000000000000001000>;
P_0000021742742ec8 .param/l "d_width" 0 2 2, +C4<00000000000000000000000000100000>;
o0000021742785fd8 .functor BUFZ 8, C4<zzzzzzzz>; HiZ drive
v00000217427429c0_0 .net "addr", 7 0, o0000021742785fd8;  0 drivers
o0000021742786008 .functor BUFZ 2, C4<zz>; HiZ drive
v0000021742742a60_0 .net "byteadd", 1 0, o0000021742786008;  0 drivers
o0000021742786038 .functor BUFZ 1, C4<z>; HiZ drive
v0000021742742b00_0 .net "clk", 0 0, o0000021742786038;  0 drivers
o0000021742786068 .functor BUFZ 1, C4<z>; HiZ drive
v00000217427741c0_0 .net "en", 0 0, o0000021742786068;  0 drivers
o0000021742786098 .functor BUFZ 3, C4<zzz>; HiZ drive
v0000021742774260_0 .net "func", 2 0, o0000021742786098;  0 drivers
v0000021742774300_0 .var/i "i", 31 0;
o00000217427860f8 .functor BUFZ 1, C4<z>; HiZ drive
v00000217427743a0_0 .net "load_store", 0 0, o00000217427860f8;  0 drivers
v0000021742774440 .array "mem", 255 0, 31 0;
v00000217427744e0_0 .var "rdata", 31 0;
o0000021742786158 .functor BUFZ 1, C4<z>; HiZ drive
v0000021742774580_0 .net "rst_n", 0 0, o0000021742786158;  0 drivers
o0000021742786188 .functor BUFZ 32, C4<zzzzzzzzzzzzzzzzzzzzzzzzzzzzzzzz>; HiZ drive
v0000021742774620_0 .net "wdata", 31 0, o0000021742786188;  0 drivers
E_0000021742775010/0 .event negedge, v0000021742774580_0;
E_0000021742775010/1 .event posedge, v0000021742742b00_0;
E_0000021742775010 .event/or E_0000021742775010/0, E_0000021742775010/1;
    .scope S_0000021742742830;
T_0 ;
    %wait E_0000021742775010;
    %load/vec4 v0000021742774580_0;
    %nor/r;
    %flag_set/vec4 8;
    %jmp/0xz  T_0.0, 8;
    %pushi/vec4 0, 0, 32;
    %store/vec4 v0000021742774300_0, 0, 32;
T_0.2 ;
    %load/vec4 v0000021742774300_0;
    %cmpi/s 256, 0, 32;
    %jmp/0xz T_0.3, 5;
    %pushi/vec4 0, 0, 32;
    %ix/getv/s 3, v0000021742774300_0;
    %ix/load 4, 0, 0; Constant delay
    %assign/vec4/a/d v0000021742774440, 0, 4;
    %load/vec4 v0000021742774300_0;
    %addi 1, 0, 32;
    %store/vec4 v0000021742774300_0, 0, 32;
    %jmp T_0.2;
T_0.3 ;
    %jmp T_0.1;
T_0.0 ;
    %load/vec4 v00000217427741c0_0;
    %flag_set/vec4 8;
    %jmp/0xz  T_0.4, 8;
    %load/vec4 v00000217427743a0_0;
    %flag_set/vec4 8;
    %jmp/0xz  T_0.6, 8;
    %load/vec4 v0000021742774260_0;
    %dup/vec4;
    %pushi/vec4 0, 0, 3;
    %cmp/u;
    %jmp/1 T_0.8, 6;
    %dup/vec4;
    %pushi/vec4 1, 0, 3;
    %cmp/u;
    %jmp/1 T_0.9, 6;
    %dup/vec4;
    %pushi/vec4 2, 0, 3;
    %cmp/u;
    %jmp/1 T_0.10, 6;
    %jmp T_0.11;
T_0.8 ;
    %load/vec4 v0000021742742a60_0;
    %dup/vec4;
    %pushi/vec4 0, 0, 2;
    %cmp/u;
    %jmp/1 T_0.12, 6;
    %dup/vec4;
    %pushi/vec4 1, 0, 2;
    %cmp/u;
    %jmp/1 T_0.13, 6;
    %dup/vec4;
    %pushi/vec4 2, 0, 2;
    %cmp/u;
    %jmp/1 T_0.14, 6;
    %dup/vec4;
    %pushi/vec4 3, 0, 2;
    %cmp/u;
    %jmp/1 T_0.15, 6;
    %jmp T_0.16;
T_0.12 ;
    %load/vec4 v0000021742774620_0;
    %parti/s 8, 0, 2;
    %load/vec4 v00000217427429c0_0;
    %pad/u 10;
    %ix/vec4 3;
    %ix/load 4, 0, 0; Constant delay
    %assign/vec4/a/d v0000021742774440, 0, 4;
    %jmp T_0.16;
T_0.13 ;
    %load/vec4 v0000021742774620_0;
    %parti/s 8, 0, 2;
    %load/vec4 v00000217427429c0_0;
    %pad/u 10;
    %ix/vec4 3;
    %ix/load 4, 8, 0; part off
    %ix/load 5, 0, 0; Constant delay
    %assign/vec4/a/d v0000021742774440, 4, 5;
    %jmp T_0.16;
T_0.14 ;
    %load/vec4 v0000021742774620_0;
    %parti/s 8, 0, 2;
    %load/vec4 v00000217427429c0_0;
    %pad/u 10;
    %ix/vec4 3;
    %ix/load 4, 16, 0; part off
    %ix/load 5, 0, 0; Constant delay
    %assign/vec4/a/d v0000021742774440, 4, 5;
    %jmp T_0.16;
T_0.15 ;
    %load/vec4 v0000021742774620_0;
    %parti/s 8, 0, 2;
    %load/vec4 v00000217427429c0_0;
    %pad/u 10;
    %ix/vec4 3;
    %ix/load 4, 24, 0; part off
    %ix/load 5, 0, 0; Constant delay
    %assign/vec4/a/d v0000021742774440, 4, 5;
    %jmp T_0.16;
T_0.16 ;
    %pop/vec4 1;
    %jmp T_0.11;
T_0.9 ;
    %load/vec4 v0000021742742a60_0;
    %dup/vec4;
    %pushi/vec4 0, 0, 2;
    %cmp/u;
    %jmp/1 T_0.17, 6;
    %dup/vec4;
    %pushi/vec4 1, 0, 2;
    %cmp/u;
    %jmp/1 T_0.18, 6;
    %dup/vec4;
    %pushi/vec4 2, 0, 2;
    %cmp/u;
    %jmp/1 T_0.19, 6;
    %jmp T_0.20;
T_0.17 ;
    %load/vec4 v0000021742774620_0;
    %parti/s 16, 0, 2;
    %load/vec4 v00000217427429c0_0;
    %pad/u 10;
    %ix/vec4 3;
    %ix/load 4, 0, 0; Constant delay
    %assign/vec4/a/d v0000021742774440, 0, 4;
    %jmp T_0.20;
T_0.18 ;
    %load/vec4 v0000021742774620_0;
    %parti/s 16, 0, 2;
    %load/vec4 v00000217427429c0_0;
    %pad/u 10;
    %ix/vec4 3;
    %ix/load 4, 8, 0; part off
    %ix/load 5, 0, 0; Constant delay
    %assign/vec4/a/d v0000021742774440, 4, 5;
    %jmp T_0.20;
T_0.19 ;
    %load/vec4 v0000021742774620_0;
    %parti/s 16, 0, 2;
    %pad/u 17;
    %load/vec4 v00000217427429c0_0;
    %pad/u 10;
    %ix/vec4 3;
    %ix/load 4, 15, 0; part off
    %ix/load 5, 0, 0; Constant delay
    %assign/vec4/a/d v0000021742774440, 4, 5;
    %jmp T_0.20;
T_0.20 ;
    %pop/vec4 1;
    %jmp T_0.11;
T_0.10 ;
    %load/vec4 v0000021742774620_0;
    %load/vec4 v00000217427429c0_0;
    %pad/u 10;
    %ix/vec4 3;
    %ix/load 4, 0, 0; Constant delay
    %assign/vec4/a/d v0000021742774440, 0, 4;
    %jmp T_0.11;
T_0.11 ;
    %pop/vec4 1;
    %jmp T_0.7;
T_0.6 ;
    %load/vec4 v0000021742774260_0;
    %dup/vec4;
    %pushi/vec4 0, 0, 3;
    %cmp/u;
    %jmp/1 T_0.21, 6;
    %dup/vec4;
    %pushi/vec4 1, 0, 3;
    %cmp/u;
    %jmp/1 T_0.22, 6;
    %dup/vec4;
    %pushi/vec4 2, 0, 3;
    %cmp/u;
    %jmp/1 T_0.23, 6;
    %dup/vec4;
    %pushi/vec4 4, 0, 3;
    %cmp/u;
    %jmp/1 T_0.24, 6;
    %dup/vec4;
    %pushi/vec4 5, 0, 3;
    %cmp/u;
    %jmp/1 T_0.25, 6;
    %jmp T_0.26;
T_0.21 ;
    %load/vec4 v0000021742742a60_0;
    %dup/vec4;
    %pushi/vec4 0, 0, 2;
    %cmp/u;
    %jmp/1 T_0.27, 6;
    %dup/vec4;
    %pushi/vec4 1, 0, 2;
    %cmp/u;
    %jmp/1 T_0.28, 6;
    %dup/vec4;
    %pushi/vec4 2, 0, 2;
    %cmp/u;
    %jmp/1 T_0.29, 6;
    %dup/vec4;
    %pushi/vec4 3, 0, 2;
    %cmp/u;
    %jmp/1 T_0.30, 6;
    %jmp T_0.31;
T_0.27 ;
    %load/vec4 v00000217427429c0_0;
    %pad/u 10;
    %ix/vec4 4;
    %load/vec4a v0000021742774440, 4;
    %parti/s 1, 7, 4;
    %replicate 24;
    %load/vec4 v00000217427429c0_0;
    %pad/u 10;
    %ix/vec4 4;
    %load/vec4a v0000021742774440, 4;
    %parti/s 8, 0, 2;
    %concat/vec4; draw_concat_vec4
    %assign/vec4 v00000217427744e0_0, 0;
    %jmp T_0.31;
T_0.28 ;
    %load/vec4 v00000217427429c0_0;
    %pad/u 10;
    %ix/vec4 4;
    %load/vec4a v0000021742774440, 4;
    %parti/s 1, 15, 5;
    %replicate 24;
    %load/vec4 v00000217427429c0_0;
    %pad/u 10;
    %ix/vec4 4;
    %load/vec4a v0000021742774440, 4;
    %parti/s 8, 8, 5;
    %concat/vec4; draw_concat_vec4
    %assign/vec4 v00000217427744e0_0, 0;
    %jmp T_0.31;
T_0.29 ;
    %load/vec4 v00000217427429c0_0;
    %pad/u 10;
    %ix/vec4 4;
    %load/vec4a v0000021742774440, 4;
    %parti/s 1, 23, 6;
    %replicate 24;
    %load/vec4 v00000217427429c0_0;
    %pad/u 10;
    %ix/vec4 4;
    %load/vec4a v0000021742774440, 4;
    %parti/s 8, 16, 6;
    %concat/vec4; draw_concat_vec4
    %assign/vec4 v00000217427744e0_0, 0;
    %jmp T_0.31;
T_0.30 ;
    %load/vec4 v00000217427429c0_0;
    %pad/u 10;
    %ix/vec4 4;
    %load/vec4a v0000021742774440, 4;
    %parti/s 1, 31, 6;
    %replicate 24;
    %load/vec4 v00000217427429c0_0;
    %pad/u 10;
    %ix/vec4 4;
    %load/vec4a v0000021742774440, 4;
    %parti/s 8, 24, 6;
    %concat/vec4; draw_concat_vec4
    %assign/vec4 v00000217427744e0_0, 0;
    %jmp T_0.31;
T_0.31 ;
    %pop/vec4 1;
    %jmp T_0.26;
T_0.22 ;
    %load/vec4 v0000021742742a60_0;
    %dup/vec4;
    %pushi/vec4 0, 0, 2;
    %cmp/u;
    %jmp/1 T_0.32, 6;
    %dup/vec4;
    %pushi/vec4 1, 0, 2;
    %cmp/u;
    %jmp/1 T_0.33, 6;
    %dup/vec4;
    %pushi/vec4 2, 0, 2;
    %cmp/u;
    %jmp/1 T_0.34, 6;
    %jmp T_0.35;
T_0.32 ;
    %load/vec4 v00000217427429c0_0;
    %pad/u 10;
    %ix/vec4 4;
    %load/vec4a v0000021742774440, 4;
    %parti/s 1, 15, 5;
    %replicate 16;
    %load/vec4 v00000217427429c0_0;
    %pad/u 10;
    %ix/vec4 4;
    %load/vec4a v0000021742774440, 4;
    %parti/s 16, 0, 2;
    %concat/vec4; draw_concat_vec4
    %assign/vec4 v00000217427744e0_0, 0;
    %jmp T_0.35;
T_0.33 ;
    %load/vec4 v00000217427429c0_0;
    %pad/u 10;
    %ix/vec4 4;
    %load/vec4a v0000021742774440, 4;
    %parti/s 1, 15, 5;
    %replicate 16;
    %load/vec4 v00000217427429c0_0;
    %pad/u 10;
    %ix/vec4 4;
    %load/vec4a v0000021742774440, 4;
    %parti/s 16, 8, 5;
    %concat/vec4; draw_concat_vec4
    %assign/vec4 v00000217427744e0_0, 0;
    %jmp T_0.35;
T_0.34 ;
    %load/vec4 v00000217427429c0_0;
    %pad/u 10;
    %ix/vec4 4;
    %load/vec4a v0000021742774440, 4;
    %parti/s 1, 15, 5;
    %replicate 16;
    %load/vec4 v00000217427429c0_0;
    %pad/u 10;
    %ix/vec4 4;
    %load/vec4a v0000021742774440, 4;
    %parti/s 17, 15, 5;
    %concat/vec4; draw_concat_vec4
    %pad/u 32;
    %assign/vec4 v00000217427744e0_0, 0;
    %jmp T_0.35;
T_0.35 ;
    %pop/vec4 1;
    %jmp T_0.26;
T_0.23 ;
    %load/vec4 v00000217427429c0_0;
    %pad/u 10;
    %ix/vec4 4;
    %load/vec4a v0000021742774440, 4;
    %assign/vec4 v00000217427744e0_0, 0;
    %jmp T_0.26;
T_0.24 ;
    %load/vec4 v0000021742742a60_0;
    %dup/vec4;
    %pushi/vec4 0, 0, 2;
    %cmp/u;
    %jmp/1 T_0.36, 6;
    %dup/vec4;
    %pushi/vec4 1, 0, 2;
    %cmp/u;
    %jmp/1 T_0.37, 6;
    %dup/vec4;
    %pushi/vec4 2, 0, 2;
    %cmp/u;
    %jmp/1 T_0.38, 6;
    %dup/vec4;
    %pushi/vec4 3, 0, 2;
    %cmp/u;
    %jmp/1 T_0.39, 6;
    %jmp T_0.40;
T_0.36 ;
    %pushi/vec4 0, 0, 24;
    %load/vec4 v00000217427429c0_0;
    %pad/u 10;
    %ix/vec4 4;
    %load/vec4a v0000021742774440, 4;
    %parti/s 8, 0, 2;
    %concat/vec4; draw_concat_vec4
    %assign/vec4 v00000217427744e0_0, 0;
    %jmp T_0.40;
T_0.37 ;
    %pushi/vec4 0, 0, 24;
    %load/vec4 v00000217427429c0_0;
    %pad/u 10;
    %ix/vec4 4;
    %load/vec4a v0000021742774440, 4;
    %parti/s 8, 8, 5;
    %concat/vec4; draw_concat_vec4
    %assign/vec4 v00000217427744e0_0, 0;
    %jmp T_0.40;
T_0.38 ;
    %pushi/vec4 0, 0, 24;
    %load/vec4 v00000217427429c0_0;
    %pad/u 10;
    %ix/vec4 4;
    %load/vec4a v0000021742774440, 4;
    %parti/s 8, 16, 6;
    %concat/vec4; draw_concat_vec4
    %assign/vec4 v00000217427744e0_0, 0;
    %jmp T_0.40;
T_0.39 ;
    %pushi/vec4 0, 0, 24;
    %load/vec4 v00000217427429c0_0;
    %pad/u 10;
    %ix/vec4 4;
    %load/vec4a v0000021742774440, 4;
    %parti/s 8, 24, 6;
    %concat/vec4; draw_concat_vec4
    %assign/vec4 v00000217427744e0_0, 0;
    %jmp T_0.40;
T_0.40 ;
    %pop/vec4 1;
    %jmp T_0.26;
T_0.25 ;
    %load/vec4 v0000021742742a60_0;
    %dup/vec4;
    %pushi/vec4 0, 0, 2;
    %cmp/u;
    %jmp/1 T_0.41, 6;
    %dup/vec4;
    %pushi/vec4 1, 0, 2;
    %cmp/u;
    %jmp/1 T_0.42, 6;
    %dup/vec4;
    %pushi/vec4 2, 0, 2;
    %cmp/u;
    %jmp/1 T_0.43, 6;
    %jmp T_0.44;
T_0.41 ;
    %pushi/vec4 0, 0, 16;
    %load/vec4 v00000217427429c0_0;
    %pad/u 10;
    %ix/vec4 4;
    %load/vec4a v0000021742774440, 4;
    %parti/s 16, 0, 2;
    %concat/vec4; draw_concat_vec4
    %assign/vec4 v00000217427744e0_0, 0;
    %jmp T_0.44;
T_0.42 ;
    %pushi/vec4 0, 0, 16;
    %load/vec4 v00000217427429c0_0;
    %pad/u 10;
    %ix/vec4 4;
    %load/vec4a v0000021742774440, 4;
    %parti/s 16, 8, 5;
    %concat/vec4; draw_concat_vec4
    %assign/vec4 v00000217427744e0_0, 0;
    %jmp T_0.44;
T_0.43 ;
    %pushi/vec4 0, 0, 16;
    %load/vec4 v00000217427429c0_0;
    %pad/u 10;
    %ix/vec4 4;
    %load/vec4a v0000021742774440, 4;
    %parti/s 17, 15, 5;
    %concat/vec4; draw_concat_vec4
    %pad/u 32;
    %assign/vec4 v00000217427744e0_0, 0;
    %jmp T_0.44;
T_0.44 ;
    %pop/vec4 1;
    %jmp T_0.26;
T_0.26 ;
    %pop/vec4 1;
T_0.7 ;
T_0.4 ;
T_0.1 ;
    %jmp T_0;
    .thread T_0;
# The file index is used to find the file name in the following table.
:file_names 3;
    "N/A";
    "<interactive>";
    "WRAPPER_DMEM.v";
