#! /c/Source/iverilog-install/bin/vvp
:ivl_version "12.0 (devel)" "(s20150603-1110-g18392a46)";
:ivl_delay_selection "TYPICAL";
:vpi_time_precision + 0;
:vpi_module "D:\iverilog\iverilog\lib\ivl\system.vpi";
:vpi_module "D:\iverilog\iverilog\lib\ivl\vhdl_sys.vpi";
:vpi_module "D:\iverilog\iverilog\lib\ivl\vhdl_textio.vpi";
:vpi_module "D:\iverilog\iverilog\lib\ivl\v2005_math.vpi";
:vpi_module "D:\iverilog\iverilog\lib\ivl\va_math.vpi";
S_00000218f7e46dd0 .scope module, "ADD" "ADD" 2 1;
 .timescale 0 0;
    .port_info 0 /INPUT 8 "PC_current";
    .port_info 1 /INPUT 32 "out_extend";
    .port_info 2 /OUTPUT 8 "PC_branch";
v00000218f7e12720_0 .net "PC_branch", 7 0, L_00000218f7e40bc0;  1 drivers
o00000218f7e46f98 .functor BUFZ 8, C4<zzzzzzzz>; HiZ drive
v00000218f7e40940_0 .net "PC_current", 7 0, o00000218f7e46f98;  0 drivers
v00000218f7e409e0_0 .net *"_ivl_1", 7 0, L_00000218f7e40b20;  1 drivers
o00000218f7e46ff8 .functor BUFZ 32, C4<zzzzzzzzzzzzzzzzzzzzzzzzzzzzzzzz>; HiZ drive
v00000218f7e40a80_0 .net "out_extend", 31 0, o00000218f7e46ff8;  0 drivers
L_00000218f7e40b20 .part o00000218f7e46ff8, 0, 8;
L_00000218f7e40bc0 .arith/sum 8, o00000218f7e46f98, L_00000218f7e40b20;
# The file index is used to find the file name in the following table.
:file_names 3;
    "N/A";
    "<interactive>";
    "ADD.v";
