#! /c/Source/iverilog-install/bin/vvp
:ivl_version "12.0 (devel)" "(s20150603-1110-g18392a46)";
:ivl_delay_selection "TYPICAL";
:vpi_time_precision + 0;
:vpi_module "D:\iverilog\iverilog\lib\ivl\system.vpi";
:vpi_module "D:\iverilog\iverilog\lib\ivl\vhdl_sys.vpi";
:vpi_module "D:\iverilog\iverilog\lib\ivl\vhdl_textio.vpi";
:vpi_module "D:\iverilog\iverilog\lib\ivl\v2005_math.vpi";
:vpi_module "D:\iverilog\iverilog\lib\ivl\va_math.vpi";
S_000002dbaeeb6dd0 .scope module, "ADDv1" "ADDv1" 2 1;
 .timescale 0 0;
    .port_info 0 /INPUT 8 "PC_current";
    .port_info 1 /INPUT 32 "out_extend";
    .port_info 2 /OUTPUT 8 "PC_branch";
v000002dbaee82720_0 .net "PC_branch", 7 0, L_000002dbaeeb0bc0;  1 drivers
o000002dbaeeb6f98 .functor BUFZ 8, C4<zzzzzzzz>; HiZ drive
v000002dbaeeb0940_0 .net "PC_current", 7 0, o000002dbaeeb6f98;  0 drivers
v000002dbaeeb09e0_0 .net *"_ivl_1", 7 0, L_000002dbaeeb0b20;  1 drivers
o000002dbaeeb6ff8 .functor BUFZ 32, C4<zzzzzzzzzzzzzzzzzzzzzzzzzzzzzzzz>; HiZ drive
v000002dbaeeb0a80_0 .net "out_extend", 31 0, o000002dbaeeb6ff8;  0 drivers
L_000002dbaeeb0b20 .part o000002dbaeeb6ff8, 0, 8;
L_000002dbaeeb0bc0 .arith/sum 8, o000002dbaeeb6f98, L_000002dbaeeb0b20;
# The file index is used to find the file name in the following table.
:file_names 3;
    "N/A";
    "<interactive>";
    "ADDv1.v";
