#! /c/Source/iverilog-install/bin/vvp
:ivl_version "12.0 (devel)" "(s20150603-1110-g18392a46)";
:ivl_delay_selection "TYPICAL";
:vpi_time_precision + 0;
:vpi_module "D:\iverilog\iverilog\lib\ivl\system.vpi";
:vpi_module "D:\iverilog\iverilog\lib\ivl\vhdl_sys.vpi";
:vpi_module "D:\iverilog\iverilog\lib\ivl\vhdl_textio.vpi";
:vpi_module "D:\iverilog\iverilog\lib\ivl\v2005_math.vpi";
:vpi_module "D:\iverilog\iverilog\lib\ivl\va_math.vpi";
S_000001c6df3a2830 .scope module, "ALUv1" "ALUv1" 2 1;
 .timescale 0 0;
    .port_info 0 /INPUT 4 "operator";
    .port_info 1 /INPUT 32 "a";
    .port_info 2 /INPUT 32 "b";
    .port_info 3 /OUTPUT 32 "c";
    .port_info 4 /OUTPUT 1 "zero";
    .port_info 5 /INPUT 1 "rst_n";
P_000001c6df3a2e70 .param/l "d_width" 0 2 2, +C4<00000000000000000000000000100000>;
P_000001c6df3a2ea8 .param/l "op" 0 2 3, +C4<00000000000000000000000000000100>;
o000001c6df3dc4b8 .functor BUFZ 32, C4<zzzzzzzzzzzzzzzzzzzzzzzzzzzzzzzz>; HiZ drive
v000001c6df3a29c0_0 .net "a", 31 0, o000001c6df3dc4b8;  0 drivers
o000001c6df3dc4e8 .functor BUFZ 32, C4<zzzzzzzzzzzzzzzzzzzzzzzzzzzzzzzz>; HiZ drive
v000001c6df3a2a60_0 .net "b", 31 0, o000001c6df3dc4e8;  0 drivers
v000001c6df3a2b00_0 .var "c", 31 0;
o000001c6df3dc548 .functor BUFZ 4, C4<zzzz>; HiZ drive
v000001c6df421d40_0 .net "operator", 3 0, o000001c6df3dc548;  0 drivers
o000001c6df3dc578 .functor BUFZ 1, C4<z>; HiZ drive
v000001c6df421de0_0 .net "rst_n", 0 0, o000001c6df3dc578;  0 drivers
v000001c6df421e80_0 .var "zero", 0 0;
E_000001c6df3d8ac0 .event anyedge, v000001c6df421d40_0, v000001c6df3a29c0_0, v000001c6df3a2a60_0, v000001c6df3a2b00_0;
    .scope S_000001c6df3a2830;
T_0 ;
    %wait E_000001c6df3d8ac0;
    %load/vec4 v000001c6df421d40_0;
    %dup/vec4;
    %pushi/vec4 0, 0, 4;
    %cmp/u;
    %jmp/1 T_0.0, 6;
    %dup/vec4;
    %pushi/vec4 1, 0, 4;
    %cmp/u;
    %jmp/1 T_0.1, 6;
    %dup/vec4;
    %pushi/vec4 2, 0, 4;
    %cmp/u;
    %jmp/1 T_0.2, 6;
    %dup/vec4;
    %pushi/vec4 3, 0, 4;
    %cmp/u;
    %jmp/1 T_0.3, 6;
    %dup/vec4;
    %pushi/vec4 4, 0, 4;
    %cmp/u;
    %jmp/1 T_0.4, 6;
    %dup/vec4;
    %pushi/vec4 5, 0, 4;
    %cmp/u;
    %jmp/1 T_0.5, 6;
    %dup/vec4;
    %pushi/vec4 6, 0, 4;
    %cmp/u;
    %jmp/1 T_0.6, 6;
    %dup/vec4;
    %pushi/vec4 7, 0, 4;
    %cmp/u;
    %jmp/1 T_0.7, 6;
    %dup/vec4;
    %pushi/vec4 8, 0, 4;
    %cmp/u;
    %jmp/1 T_0.8, 6;
    %dup/vec4;
    %pushi/vec4 9, 0, 4;
    %cmp/u;
    %jmp/1 T_0.9, 6;
    %pushi/vec4 0, 0, 32;
    %store/vec4 v000001c6df3a2b00_0, 0, 32;
    %jmp T_0.11;
T_0.0 ;
    %load/vec4 v000001c6df3a29c0_0;
    %load/vec4 v000001c6df3a2a60_0;
    %add;
    %store/vec4 v000001c6df3a2b00_0, 0, 32;
    %jmp T_0.11;
T_0.1 ;
    %load/vec4 v000001c6df3a29c0_0;
    %load/vec4 v000001c6df3a2a60_0;
    %sub;
    %store/vec4 v000001c6df3a2b00_0, 0, 32;
    %jmp T_0.11;
T_0.2 ;
    %load/vec4 v000001c6df3a29c0_0;
    %ix/getv 4, v000001c6df3a2a60_0;
    %shiftl 4;
    %store/vec4 v000001c6df3a2b00_0, 0, 32;
    %jmp T_0.11;
T_0.3 ;
    %load/vec4 v000001c6df3a29c0_0;
    %parti/s 1, 31, 6;
    %load/vec4 v000001c6df3a2a60_0;
    %parti/s 1, 31, 6;
    %cmp/ne;
    %jmp/0xz  T_0.12, 4;
    %load/vec4 v000001c6df3a29c0_0;
    %parti/s 1, 31, 6;
    %flag_set/vec4 8;
    %jmp/0xz  T_0.14, 8;
    %pushi/vec4 1, 0, 32;
    %store/vec4 v000001c6df3a2b00_0, 0, 32;
    %jmp T_0.15;
T_0.14 ;
    %pushi/vec4 0, 0, 32;
    %store/vec4 v000001c6df3a2b00_0, 0, 32;
T_0.15 ;
    %jmp T_0.13;
T_0.12 ;
    %load/vec4 v000001c6df3a29c0_0;
    %load/vec4 v000001c6df3a2a60_0;
    %cmp/u;
    %flag_mov 8, 5;
    %jmp/0 T_0.16, 8;
    %pushi/vec4 1, 0, 32;
    %jmp/1 T_0.17, 8;
T_0.16 ; End of true expr.
    %pushi/vec4 0, 0, 32;
    %jmp/0 T_0.17, 8;
 ; End of false expr.
    %blend;
T_0.17;
    %store/vec4 v000001c6df3a2b00_0, 0, 32;
T_0.13 ;
    %jmp T_0.11;
T_0.4 ;
    %load/vec4 v000001c6df3a29c0_0;
    %load/vec4 v000001c6df3a2a60_0;
    %cmp/u;
    %flag_mov 8, 5;
    %jmp/0 T_0.18, 8;
    %pushi/vec4 1, 0, 32;
    %jmp/1 T_0.19, 8;
T_0.18 ; End of true expr.
    %pushi/vec4 0, 0, 32;
    %jmp/0 T_0.19, 8;
 ; End of false expr.
    %blend;
T_0.19;
    %store/vec4 v000001c6df3a2b00_0, 0, 32;
    %jmp T_0.11;
T_0.5 ;
    %load/vec4 v000001c6df3a29c0_0;
    %load/vec4 v000001c6df3a2a60_0;
    %xor;
    %store/vec4 v000001c6df3a2b00_0, 0, 32;
    %jmp T_0.11;
T_0.6 ;
    %load/vec4 v000001c6df3a29c0_0;
    %ix/getv 4, v000001c6df3a2a60_0;
    %shiftr 4;
    %store/vec4 v000001c6df3a2b00_0, 0, 32;
    %jmp T_0.11;
T_0.7 ;
    %load/vec4 v000001c6df3a29c0_0;
    %ix/getv 4, v000001c6df3a2a60_0;
    %shiftr 4;
    %store/vec4 v000001c6df3a2b00_0, 0, 32;
    %jmp T_0.11;
T_0.8 ;
    %load/vec4 v000001c6df3a29c0_0;
    %load/vec4 v000001c6df3a2a60_0;
    %or;
    %store/vec4 v000001c6df3a2b00_0, 0, 32;
    %jmp T_0.11;
T_0.9 ;
    %load/vec4 v000001c6df3a29c0_0;
    %load/vec4 v000001c6df3a2a60_0;
    %and;
    %store/vec4 v000001c6df3a2b00_0, 0, 32;
    %jmp T_0.11;
T_0.11 ;
    %pop/vec4 1;
    %load/vec4 v000001c6df3a2b00_0;
    %cmpi/e 0, 0, 32;
    %flag_mov 8, 4;
    %jmp/0 T_0.20, 8;
    %pushi/vec4 1, 0, 2;
    %jmp/1 T_0.21, 8;
T_0.20 ; End of true expr.
    %pushi/vec4 0, 0, 2;
    %jmp/0 T_0.21, 8;
 ; End of false expr.
    %blend;
T_0.21;
    %pad/s 1;
    %store/vec4 v000001c6df421e80_0, 0, 1;
    %jmp T_0;
    .thread T_0, $push;
# The file index is used to find the file name in the following table.
:file_names 3;
    "N/A";
    "<interactive>";
    "ALUv1.v";
