#! /c/Source/iverilog-install/bin/vvp
:ivl_version "12.0 (devel)" "(s20150603-1110-g18392a46)";
:ivl_delay_selection "TYPICAL";
:vpi_time_precision + 0;
:vpi_module "D:\iverilog\iverilog\lib\ivl\system.vpi";
:vpi_module "D:\iverilog\iverilog\lib\ivl\vhdl_sys.vpi";
:vpi_module "D:\iverilog\iverilog\lib\ivl\vhdl_textio.vpi";
:vpi_module "D:\iverilog\iverilog\lib\ivl\v2005_math.vpi";
:vpi_module "D:\iverilog\iverilog\lib\ivl\va_math.vpi";
S_0000019eb76c2720 .scope module, "CONTROL" "CONTROL" 2 1;
 .timescale 0 0;
    .port_info 0 /INPUT 7 "opcode";
    .port_info 1 /INPUT 3 "funct3";
    .port_info 2 /INPUT 7 "funct7";
    .port_info 3 /INPUT 1 "zero";
    .port_info 4 /OUTPUT 1 "jum";
    .port_info 5 /OUTPUT 1 "branch";
    .port_info 6 /OUTPUT 1 "src_rf";
    .port_info 7 /OUTPUT 1 "wen_rf";
    .port_info 8 /OUTPUT 3 "Imm";
    .port_info 9 /OUTPUT 1 "alu_src";
    .port_info 10 /OUTPUT 4 "ALU_control";
    .port_info 11 /OUTPUT 1 "en_dmem";
    .port_info 12 /OUTPUT 1 "load_store";
    .port_info 13 /OUTPUT 3 "funct3_dmem";
    .port_info 14 /OUTPUT 1 "writeback";
v0000019eb76c2f40_0 .var "ALU_control", 3 0;
v0000019eb76c32d0_0 .var "Imm", 2 0;
v0000019eb76c29b0_0 .var "alu_src", 0 0;
v0000019eb76c2a50_0 .var "branch", 0 0;
v0000019eb76c2af0_0 .var "en_dmem", 0 0;
o0000019eb770c0c8 .functor BUFZ 3, C4<zzz>; HiZ drive
v0000019eb76f41e0_0 .net "funct3", 2 0, o0000019eb770c0c8;  0 drivers
v0000019eb76f4280_0 .var "funct3_dmem", 2 0;
o0000019eb770c128 .functor BUFZ 7, C4<zzzzzzz>; HiZ drive
v0000019eb76f4320_0 .net "funct7", 6 0, o0000019eb770c128;  0 drivers
v0000019eb76f43c0_0 .var "jum", 0 0;
v0000019eb76f4460_0 .var "load_store", 0 0;
o0000019eb770c1b8 .functor BUFZ 7, C4<zzzzzzz>; HiZ drive
v0000019eb76f4500_0 .net "opcode", 6 0, o0000019eb770c1b8;  0 drivers
v0000019eb76f45a0_0 .var "src_rf", 0 0;
v0000019eb76f4640_0 .var "wen_rf", 0 0;
v0000019eb76f46e0_0 .var "writeback", 0 0;
o0000019eb770c278 .functor BUFZ 1, C4<z>; HiZ drive
v0000019eb77556b0_0 .net "zero", 0 0, o0000019eb770c278;  0 drivers
E_0000019eb76e8630 .event anyedge, v0000019eb76f4500_0, v0000019eb76f41e0_0, v0000019eb77556b0_0, v0000019eb76f4320_0;
    .scope S_0000019eb76c2720;
T_0 ;
    %wait E_0000019eb76e8630;
    %pushi/vec4 0, 0, 1;
    %store/vec4 v0000019eb76f45a0_0, 0, 1;
    %pushi/vec4 0, 0, 1;
    %store/vec4 v0000019eb76f4640_0, 0, 1;
    %pushi/vec4 0, 0, 3;
    %store/vec4 v0000019eb76c32d0_0, 0, 3;
    %pushi/vec4 0, 0, 1;
    %store/vec4 v0000019eb76c29b0_0, 0, 1;
    %pushi/vec4 0, 0, 4;
    %store/vec4 v0000019eb76c2f40_0, 0, 4;
    %pushi/vec4 0, 0, 1;
    %store/vec4 v0000019eb76c2af0_0, 0, 1;
    %pushi/vec4 0, 0, 1;
    %store/vec4 v0000019eb76f4460_0, 0, 1;
    %pushi/vec4 0, 0, 3;
    %store/vec4 v0000019eb76f4280_0, 0, 3;
    %pushi/vec4 0, 0, 1;
    %store/vec4 v0000019eb76f46e0_0, 0, 1;
    %pushi/vec4 0, 0, 1;
    %store/vec4 v0000019eb76f43c0_0, 0, 1;
    %pushi/vec4 0, 0, 1;
    %store/vec4 v0000019eb76c2a50_0, 0, 1;
    %load/vec4 v0000019eb76f4500_0;
    %dup/vec4;
    %pushi/vec4 55, 0, 7;
    %cmp/u;
    %jmp/1 T_0.0, 6;
    %dup/vec4;
    %pushi/vec4 111, 0, 7;
    %cmp/u;
    %jmp/1 T_0.1, 6;
    %dup/vec4;
    %pushi/vec4 99, 0, 7;
    %cmp/u;
    %jmp/1 T_0.2, 6;
    %dup/vec4;
    %pushi/vec4 3, 0, 7;
    %cmp/u;
    %jmp/1 T_0.3, 6;
    %dup/vec4;
    %pushi/vec4 35, 0, 7;
    %cmp/u;
    %jmp/1 T_0.4, 6;
    %dup/vec4;
    %pushi/vec4 19, 0, 7;
    %cmp/u;
    %jmp/1 T_0.5, 6;
    %dup/vec4;
    %pushi/vec4 51, 0, 7;
    %cmp/u;
    %jmp/1 T_0.6, 6;
    %pushi/vec4 0, 0, 1;
    %store/vec4 v0000019eb76f43c0_0, 0, 1;
    %pushi/vec4 0, 0, 1;
    %store/vec4 v0000019eb76c2a50_0, 0, 1;
    %pushi/vec4 0, 0, 1;
    %store/vec4 v0000019eb76f45a0_0, 0, 1;
    %pushi/vec4 0, 0, 1;
    %store/vec4 v0000019eb76f4640_0, 0, 1;
    %pushi/vec4 0, 0, 3;
    %store/vec4 v0000019eb76c32d0_0, 0, 3;
    %pushi/vec4 0, 0, 1;
    %store/vec4 v0000019eb76c29b0_0, 0, 1;
    %pushi/vec4 0, 0, 4;
    %store/vec4 v0000019eb76c2f40_0, 0, 4;
    %pushi/vec4 0, 0, 1;
    %store/vec4 v0000019eb76c2af0_0, 0, 1;
    %pushi/vec4 0, 0, 1;
    %store/vec4 v0000019eb76f4460_0, 0, 1;
    %pushi/vec4 0, 0, 3;
    %store/vec4 v0000019eb76f4280_0, 0, 3;
    %pushi/vec4 0, 0, 1;
    %store/vec4 v0000019eb76f46e0_0, 0, 1;
    %jmp T_0.8;
T_0.0 ;
    %pushi/vec4 0, 0, 1;
    %store/vec4 v0000019eb76f45a0_0, 0, 1;
    %jmp T_0.8;
T_0.1 ;
    %pushi/vec4 1, 0, 1;
    %store/vec4 v0000019eb76f43c0_0, 0, 1;
    %jmp T_0.8;
T_0.2 ;
    %pushi/vec4 2, 0, 3;
    %store/vec4 v0000019eb76c32d0_0, 0, 3;
    %load/vec4 v0000019eb76f41e0_0;
    %dup/vec4;
    %pushi/vec4 0, 0, 3;
    %cmp/u;
    %jmp/1 T_0.9, 6;
    %dup/vec4;
    %pushi/vec4 1, 0, 3;
    %cmp/u;
    %jmp/1 T_0.10, 6;
    %pushi/vec4 0, 0, 1;
    %store/vec4 v0000019eb76c2a50_0, 0, 1;
    %jmp T_0.12;
T_0.9 ;
    %load/vec4 v0000019eb77556b0_0;
    %flag_set/vec4 8;
    %jmp/0xz  T_0.13, 8;
    %pushi/vec4 1, 0, 1;
    %store/vec4 v0000019eb76c2a50_0, 0, 1;
    %jmp T_0.14;
T_0.13 ;
    %pushi/vec4 0, 0, 1;
    %store/vec4 v0000019eb76c2a50_0, 0, 1;
T_0.14 ;
    %jmp T_0.12;
T_0.10 ;
    %load/vec4 v0000019eb77556b0_0;
    %flag_set/vec4 8;
    %jmp/0xz  T_0.15, 8;
    %pushi/vec4 0, 0, 1;
    %store/vec4 v0000019eb76c2a50_0, 0, 1;
    %jmp T_0.16;
T_0.15 ;
    %pushi/vec4 1, 0, 1;
    %store/vec4 v0000019eb76c2a50_0, 0, 1;
T_0.16 ;
    %jmp T_0.12;
T_0.12 ;
    %pop/vec4 1;
    %jmp T_0.8;
T_0.3 ;
    %pushi/vec4 1, 0, 1;
    %store/vec4 v0000019eb76f45a0_0, 0, 1;
    %pushi/vec4 1, 0, 1;
    %store/vec4 v0000019eb76f4640_0, 0, 1;
    %pushi/vec4 0, 0, 3;
    %store/vec4 v0000019eb76c32d0_0, 0, 3;
    %pushi/vec4 1, 0, 1;
    %store/vec4 v0000019eb76c29b0_0, 0, 1;
    %pushi/vec4 0, 0, 4;
    %store/vec4 v0000019eb76c2f40_0, 0, 4;
    %pushi/vec4 1, 0, 1;
    %store/vec4 v0000019eb76c2af0_0, 0, 1;
    %pushi/vec4 0, 0, 1;
    %store/vec4 v0000019eb76f4460_0, 0, 1;
    %load/vec4 v0000019eb76f41e0_0;
    %store/vec4 v0000019eb76f4280_0, 0, 3;
    %pushi/vec4 1, 0, 1;
    %store/vec4 v0000019eb76f46e0_0, 0, 1;
    %jmp T_0.8;
T_0.4 ;
    %pushi/vec4 1, 0, 1;
    %store/vec4 v0000019eb76f45a0_0, 0, 1;
    %pushi/vec4 1, 0, 3;
    %store/vec4 v0000019eb76c32d0_0, 0, 3;
    %pushi/vec4 1, 0, 1;
    %store/vec4 v0000019eb76c29b0_0, 0, 1;
    %pushi/vec4 0, 0, 4;
    %store/vec4 v0000019eb76c2f40_0, 0, 4;
    %pushi/vec4 1, 0, 1;
    %store/vec4 v0000019eb76c2af0_0, 0, 1;
    %pushi/vec4 1, 0, 1;
    %store/vec4 v0000019eb76f4460_0, 0, 1;
    %load/vec4 v0000019eb76f41e0_0;
    %store/vec4 v0000019eb76f4280_0, 0, 3;
    %jmp T_0.8;
T_0.5 ;
    %pushi/vec4 1, 0, 1;
    %store/vec4 v0000019eb76f45a0_0, 0, 1;
    %pushi/vec4 1, 0, 1;
    %store/vec4 v0000019eb76f4640_0, 0, 1;
    %pushi/vec4 1, 0, 1;
    %store/vec4 v0000019eb76c29b0_0, 0, 1;
    %pushi/vec4 0, 0, 1;
    %store/vec4 v0000019eb76f46e0_0, 0, 1;
    %load/vec4 v0000019eb76f41e0_0;
    %dup/vec4;
    %pushi/vec4 0, 0, 3;
    %cmp/u;
    %jmp/1 T_0.17, 6;
    %dup/vec4;
    %pushi/vec4 2, 0, 3;
    %cmp/u;
    %jmp/1 T_0.18, 6;
    %dup/vec4;
    %pushi/vec4 3, 0, 3;
    %cmp/u;
    %jmp/1 T_0.19, 6;
    %dup/vec4;
    %pushi/vec4 4, 0, 3;
    %cmp/u;
    %jmp/1 T_0.20, 6;
    %dup/vec4;
    %pushi/vec4 6, 0, 3;
    %cmp/u;
    %jmp/1 T_0.21, 6;
    %dup/vec4;
    %pushi/vec4 7, 0, 3;
    %cmp/u;
    %jmp/1 T_0.22, 6;
    %dup/vec4;
    %pushi/vec4 1, 0, 3;
    %cmp/u;
    %jmp/1 T_0.23, 6;
    %dup/vec4;
    %pushi/vec4 5, 0, 3;
    %cmp/u;
    %jmp/1 T_0.24, 6;
    %pushi/vec4 0, 0, 1;
    %store/vec4 v0000019eb76f45a0_0, 0, 1;
    %pushi/vec4 0, 0, 1;
    %store/vec4 v0000019eb76c29b0_0, 0, 1;
    %pushi/vec4 0, 0, 1;
    %store/vec4 v0000019eb76f46e0_0, 0, 1;
    %pushi/vec4 0, 0, 4;
    %store/vec4 v0000019eb76c2f40_0, 0, 4;
    %pushi/vec4 0, 0, 3;
    %store/vec4 v0000019eb76c32d0_0, 0, 3;
    %jmp T_0.26;
T_0.17 ;
    %pushi/vec4 0, 0, 4;
    %store/vec4 v0000019eb76c2f40_0, 0, 4;
    %pushi/vec4 0, 0, 3;
    %store/vec4 v0000019eb76c32d0_0, 0, 3;
    %jmp T_0.26;
T_0.18 ;
    %pushi/vec4 3, 0, 4;
    %store/vec4 v0000019eb76c2f40_0, 0, 4;
    %pushi/vec4 0, 0, 3;
    %store/vec4 v0000019eb76c32d0_0, 0, 3;
    %jmp T_0.26;
T_0.19 ;
    %pushi/vec4 4, 0, 4;
    %store/vec4 v0000019eb76c2f40_0, 0, 4;
    %pushi/vec4 0, 0, 3;
    %store/vec4 v0000019eb76c32d0_0, 0, 3;
    %jmp T_0.26;
T_0.20 ;
    %pushi/vec4 5, 0, 4;
    %store/vec4 v0000019eb76c2f40_0, 0, 4;
    %pushi/vec4 0, 0, 3;
    %store/vec4 v0000019eb76c32d0_0, 0, 3;
    %jmp T_0.26;
T_0.21 ;
    %pushi/vec4 8, 0, 4;
    %store/vec4 v0000019eb76c2f40_0, 0, 4;
    %pushi/vec4 0, 0, 3;
    %store/vec4 v0000019eb76c32d0_0, 0, 3;
    %jmp T_0.26;
T_0.22 ;
    %pushi/vec4 9, 0, 4;
    %store/vec4 v0000019eb76c2f40_0, 0, 4;
    %pushi/vec4 0, 0, 3;
    %store/vec4 v0000019eb76c32d0_0, 0, 3;
    %jmp T_0.26;
T_0.23 ;
    %pushi/vec4 2, 0, 4;
    %store/vec4 v0000019eb76c2f40_0, 0, 4;
    %pushi/vec4 3, 0, 3;
    %store/vec4 v0000019eb76c32d0_0, 0, 3;
    %jmp T_0.26;
T_0.24 ;
    %pushi/vec4 3, 0, 3;
    %store/vec4 v0000019eb76c32d0_0, 0, 3;
    %load/vec4 v0000019eb76f4320_0;
    %cmpi/e 0, 0, 7;
    %jmp/0xz  T_0.27, 4;
    %pushi/vec4 6, 0, 4;
    %store/vec4 v0000019eb76c2f40_0, 0, 4;
    %jmp T_0.28;
T_0.27 ;
    %pushi/vec4 7, 0, 4;
    %store/vec4 v0000019eb76c2f40_0, 0, 4;
T_0.28 ;
    %jmp T_0.26;
T_0.26 ;
    %pop/vec4 1;
    %jmp T_0.8;
T_0.6 ;
    %pushi/vec4 1, 0, 1;
    %store/vec4 v0000019eb76f45a0_0, 0, 1;
    %pushi/vec4 0, 0, 1;
    %store/vec4 v0000019eb76c29b0_0, 0, 1;
    %pushi/vec4 0, 0, 1;
    %store/vec4 v0000019eb76f46e0_0, 0, 1;
    %load/vec4 v0000019eb76f41e0_0;
    %dup/vec4;
    %pushi/vec4 0, 0, 3;
    %cmp/u;
    %jmp/1 T_0.29, 6;
    %dup/vec4;
    %pushi/vec4 1, 0, 3;
    %cmp/u;
    %jmp/1 T_0.30, 6;
    %dup/vec4;
    %pushi/vec4 2, 0, 3;
    %cmp/u;
    %jmp/1 T_0.31, 6;
    %dup/vec4;
    %pushi/vec4 3, 0, 3;
    %cmp/u;
    %jmp/1 T_0.32, 6;
    %dup/vec4;
    %pushi/vec4 4, 0, 3;
    %cmp/u;
    %jmp/1 T_0.33, 6;
    %dup/vec4;
    %pushi/vec4 5, 0, 3;
    %cmp/u;
    %jmp/1 T_0.34, 6;
    %dup/vec4;
    %pushi/vec4 6, 0, 3;
    %cmp/u;
    %jmp/1 T_0.35, 6;
    %dup/vec4;
    %pushi/vec4 7, 0, 3;
    %cmp/u;
    %jmp/1 T_0.36, 6;
    %pushi/vec4 0, 0, 1;
    %store/vec4 v0000019eb76f45a0_0, 0, 1;
    %pushi/vec4 0, 0, 1;
    %store/vec4 v0000019eb76c29b0_0, 0, 1;
    %pushi/vec4 0, 0, 1;
    %store/vec4 v0000019eb76f46e0_0, 0, 1;
    %pushi/vec4 0, 0, 4;
    %store/vec4 v0000019eb76c2f40_0, 0, 4;
    %jmp T_0.38;
T_0.29 ;
    %load/vec4 v0000019eb76f4320_0;
    %cmpi/e 0, 0, 7;
    %jmp/0xz  T_0.39, 4;
    %pushi/vec4 0, 0, 4;
    %store/vec4 v0000019eb76c2f40_0, 0, 4;
    %jmp T_0.40;
T_0.39 ;
    %pushi/vec4 1, 0, 4;
    %store/vec4 v0000019eb76c2f40_0, 0, 4;
T_0.40 ;
    %jmp T_0.38;
T_0.30 ;
    %pushi/vec4 2, 0, 4;
    %store/vec4 v0000019eb76c2f40_0, 0, 4;
    %jmp T_0.38;
T_0.31 ;
    %pushi/vec4 3, 0, 4;
    %store/vec4 v0000019eb76c2f40_0, 0, 4;
    %jmp T_0.38;
T_0.32 ;
    %pushi/vec4 4, 0, 4;
    %store/vec4 v0000019eb76c2f40_0, 0, 4;
    %jmp T_0.38;
T_0.33 ;
    %pushi/vec4 5, 0, 4;
    %store/vec4 v0000019eb76c2f40_0, 0, 4;
    %jmp T_0.38;
T_0.34 ;
    %load/vec4 v0000019eb76f4320_0;
    %cmpi/e 0, 0, 7;
    %jmp/0xz  T_0.41, 4;
    %pushi/vec4 6, 0, 4;
    %store/vec4 v0000019eb76c2f40_0, 0, 4;
    %jmp T_0.42;
T_0.41 ;
    %pushi/vec4 7, 0, 4;
    %store/vec4 v0000019eb76c2f40_0, 0, 4;
T_0.42 ;
    %jmp T_0.38;
T_0.35 ;
    %pushi/vec4 8, 0, 4;
    %store/vec4 v0000019eb76c2f40_0, 0, 4;
    %jmp T_0.38;
T_0.36 ;
    %pushi/vec4 9, 0, 4;
    %store/vec4 v0000019eb76c2f40_0, 0, 4;
    %jmp T_0.38;
T_0.38 ;
    %pop/vec4 1;
    %jmp T_0.8;
T_0.8 ;
    %pop/vec4 1;
    %jmp T_0;
    .thread T_0, $push;
# The file index is used to find the file name in the following table.
:file_names 3;
    "N/A";
    "<interactive>";
    "CONTROLL_PIPELINE.v";
