#! /c/Source/iverilog-install/bin/vvp
:ivl_version "12.0 (devel)" "(s20150603-1110-g18392a46)";
:ivl_delay_selection "TYPICAL";
:vpi_time_precision + 0;
:vpi_module "D:\iverilog\iverilog\lib\ivl\system.vpi";
:vpi_module "D:\iverilog\iverilog\lib\ivl\vhdl_sys.vpi";
:vpi_module "D:\iverilog\iverilog\lib\ivl\vhdl_textio.vpi";
:vpi_module "D:\iverilog\iverilog\lib\ivl\v2005_math.vpi";
:vpi_module "D:\iverilog\iverilog\lib\ivl\va_math.vpi";
S_000001aa60892720 .scope module, "CONTROL_PIPELINE" "CONTROL_PIPELINE" 2 1;
 .timescale 0 0;
    .port_info 0 /INPUT 7 "opcode";
    .port_info 1 /INPUT 3 "funct3";
    .port_info 2 /INPUT 7 "funct7";
    .port_info 3 /OUTPUT 1 "jum";
    .port_info 4 /OUTPUT 1 "branch";
    .port_info 5 /OUTPUT 1 "wen_rf";
    .port_info 6 /OUTPUT 3 "Imm";
    .port_info 7 /OUTPUT 1 "alu_src";
    .port_info 8 /OUTPUT 4 "ALU_control";
    .port_info 9 /OUTPUT 1 "en_dmem";
    .port_info 10 /OUTPUT 1 "load_store";
    .port_info 11 /OUTPUT 3 "funct3_dmem";
    .port_info 12 /OUTPUT 2 "writeback";
v000001aa608932f0_0 .var "ALU_control", 3 0;
v000001aa60892f60_0 .var "Imm", 2 0;
v000001aa608928b0_0 .var "alu_src", 0 0;
v000001aa60892950_0 .var "branch", 0 0;
v000001aa608929f0_0 .var "en_dmem", 0 0;
o000001aa608e2088 .functor BUFZ 3, C4<zzz>; HiZ drive
v000001aa60892a90_0 .net "funct3", 2 0, o000001aa608e2088;  0 drivers
v000001aa60892b30_0 .var "funct3_dmem", 2 0;
o000001aa608e20e8 .functor BUFZ 7, C4<zzzzzzz>; HiZ drive
v000001aa608c41d0_0 .net "funct7", 6 0, o000001aa608e20e8;  0 drivers
v000001aa608c4270_0 .var "jum", 0 0;
v000001aa608c4310_0 .var "load_store", 0 0;
o000001aa608e2178 .functor BUFZ 7, C4<zzzzzzz>; HiZ drive
v000001aa608c43b0_0 .net "opcode", 6 0, o000001aa608e2178;  0 drivers
v000001aa608c4450_0 .var "wen_rf", 0 0;
v000001aa608c44f0_0 .var "writeback", 1 0;
E_000001aa608b8dc0 .event anyedge, v000001aa608c43b0_0, v000001aa60892a90_0, v000001aa608c41d0_0;
    .scope S_000001aa60892720;
T_0 ;
    %wait E_000001aa608b8dc0;
    %pushi/vec4 0, 0, 1;
    %store/vec4 v000001aa608c4270_0, 0, 1;
    %pushi/vec4 0, 0, 1;
    %store/vec4 v000001aa60892950_0, 0, 1;
    %pushi/vec4 0, 0, 3;
    %store/vec4 v000001aa60892f60_0, 0, 3;
    %pushi/vec4 1, 0, 1;
    %store/vec4 v000001aa608c4450_0, 0, 1;
    %pushi/vec4 0, 0, 1;
    %store/vec4 v000001aa608928b0_0, 0, 1;
    %pushi/vec4 0, 0, 4;
    %store/vec4 v000001aa608932f0_0, 0, 4;
    %pushi/vec4 0, 0, 1;
    %store/vec4 v000001aa608929f0_0, 0, 1;
    %pushi/vec4 0, 0, 1;
    %store/vec4 v000001aa608c4310_0, 0, 1;
    %pushi/vec4 0, 0, 3;
    %store/vec4 v000001aa60892b30_0, 0, 3;
    %pushi/vec4 0, 0, 2;
    %store/vec4 v000001aa608c44f0_0, 0, 2;
    %load/vec4 v000001aa608c43b0_0;
    %dup/vec4;
    %pushi/vec4 55, 0, 7;
    %cmp/u;
    %jmp/1 T_0.0, 6;
    %dup/vec4;
    %pushi/vec4 111, 0, 7;
    %cmp/u;
    %jmp/1 T_0.1, 6;
    %dup/vec4;
    %pushi/vec4 99, 0, 7;
    %cmp/u;
    %jmp/1 T_0.2, 6;
    %dup/vec4;
    %pushi/vec4 3, 0, 7;
    %cmp/u;
    %jmp/1 T_0.3, 6;
    %dup/vec4;
    %pushi/vec4 35, 0, 7;
    %cmp/u;
    %jmp/1 T_0.4, 6;
    %dup/vec4;
    %pushi/vec4 19, 0, 7;
    %cmp/u;
    %jmp/1 T_0.5, 6;
    %dup/vec4;
    %pushi/vec4 51, 0, 7;
    %cmp/u;
    %jmp/1 T_0.6, 6;
    %pushi/vec4 0, 0, 1;
    %store/vec4 v000001aa608c4270_0, 0, 1;
    %pushi/vec4 0, 0, 1;
    %store/vec4 v000001aa60892950_0, 0, 1;
    %pushi/vec4 0, 0, 1;
    %store/vec4 v000001aa608c4450_0, 0, 1;
    %pushi/vec4 0, 0, 3;
    %store/vec4 v000001aa60892f60_0, 0, 3;
    %pushi/vec4 0, 0, 1;
    %store/vec4 v000001aa608928b0_0, 0, 1;
    %pushi/vec4 0, 0, 4;
    %store/vec4 v000001aa608932f0_0, 0, 4;
    %pushi/vec4 0, 0, 1;
    %store/vec4 v000001aa608929f0_0, 0, 1;
    %pushi/vec4 0, 0, 1;
    %store/vec4 v000001aa608c4310_0, 0, 1;
    %pushi/vec4 0, 0, 3;
    %store/vec4 v000001aa60892b30_0, 0, 3;
    %pushi/vec4 0, 0, 2;
    %store/vec4 v000001aa608c44f0_0, 0, 2;
    %jmp T_0.8;
T_0.0 ;
    %pushi/vec4 0, 0, 1;
    %store/vec4 v000001aa608c4270_0, 0, 1;
    %pushi/vec4 0, 0, 1;
    %store/vec4 v000001aa60892950_0, 0, 1;
    %pushi/vec4 1, 0, 1;
    %store/vec4 v000001aa608c4450_0, 0, 1;
    %pushi/vec4 5, 0, 3;
    %store/vec4 v000001aa60892f60_0, 0, 3;
    %pushi/vec4 0, 0, 1;
    %store/vec4 v000001aa608928b0_0, 0, 1;
    %pushi/vec4 0, 0, 4;
    %store/vec4 v000001aa608932f0_0, 0, 4;
    %pushi/vec4 0, 0, 1;
    %store/vec4 v000001aa608929f0_0, 0, 1;
    %pushi/vec4 0, 0, 1;
    %store/vec4 v000001aa608c4310_0, 0, 1;
    %pushi/vec4 0, 0, 3;
    %store/vec4 v000001aa60892b30_0, 0, 3;
    %pushi/vec4 0, 0, 2;
    %store/vec4 v000001aa608c44f0_0, 0, 2;
    %jmp T_0.8;
T_0.1 ;
    %pushi/vec4 1, 0, 1;
    %store/vec4 v000001aa608c4270_0, 0, 1;
    %pushi/vec4 0, 0, 1;
    %store/vec4 v000001aa60892950_0, 0, 1;
    %pushi/vec4 0, 0, 1;
    %store/vec4 v000001aa608c4450_0, 0, 1;
    %pushi/vec4 4, 0, 3;
    %store/vec4 v000001aa60892f60_0, 0, 3;
    %pushi/vec4 0, 0, 1;
    %store/vec4 v000001aa608928b0_0, 0, 1;
    %pushi/vec4 0, 0, 4;
    %store/vec4 v000001aa608932f0_0, 0, 4;
    %pushi/vec4 0, 0, 1;
    %store/vec4 v000001aa608929f0_0, 0, 1;
    %pushi/vec4 0, 0, 1;
    %store/vec4 v000001aa608c4310_0, 0, 1;
    %pushi/vec4 0, 0, 3;
    %store/vec4 v000001aa60892b30_0, 0, 3;
    %pushi/vec4 0, 0, 2;
    %store/vec4 v000001aa608c44f0_0, 0, 2;
    %jmp T_0.8;
T_0.2 ;
    %pushi/vec4 0, 0, 1;
    %store/vec4 v000001aa608c4270_0, 0, 1;
    %pushi/vec4 1, 0, 1;
    %store/vec4 v000001aa60892950_0, 0, 1;
    %pushi/vec4 0, 0, 1;
    %store/vec4 v000001aa608c4450_0, 0, 1;
    %pushi/vec4 2, 0, 3;
    %store/vec4 v000001aa60892f60_0, 0, 3;
    %pushi/vec4 0, 0, 1;
    %store/vec4 v000001aa608928b0_0, 0, 1;
    %pushi/vec4 1, 0, 4;
    %store/vec4 v000001aa608932f0_0, 0, 4;
    %pushi/vec4 0, 0, 1;
    %store/vec4 v000001aa608929f0_0, 0, 1;
    %pushi/vec4 0, 0, 1;
    %store/vec4 v000001aa608c4310_0, 0, 1;
    %pushi/vec4 0, 0, 3;
    %store/vec4 v000001aa60892b30_0, 0, 3;
    %pushi/vec4 0, 0, 2;
    %store/vec4 v000001aa608c44f0_0, 0, 2;
    %jmp T_0.8;
T_0.3 ;
    %pushi/vec4 0, 0, 1;
    %store/vec4 v000001aa608c4270_0, 0, 1;
    %pushi/vec4 0, 0, 1;
    %store/vec4 v000001aa60892950_0, 0, 1;
    %pushi/vec4 1, 0, 1;
    %store/vec4 v000001aa608c4450_0, 0, 1;
    %pushi/vec4 0, 0, 3;
    %store/vec4 v000001aa60892f60_0, 0, 3;
    %pushi/vec4 1, 0, 1;
    %store/vec4 v000001aa608928b0_0, 0, 1;
    %pushi/vec4 0, 0, 4;
    %store/vec4 v000001aa608932f0_0, 0, 4;
    %pushi/vec4 1, 0, 1;
    %store/vec4 v000001aa608929f0_0, 0, 1;
    %pushi/vec4 0, 0, 1;
    %store/vec4 v000001aa608c4310_0, 0, 1;
    %load/vec4 v000001aa60892a90_0;
    %store/vec4 v000001aa60892b30_0, 0, 3;
    %pushi/vec4 1, 0, 2;
    %store/vec4 v000001aa608c44f0_0, 0, 2;
    %jmp T_0.8;
T_0.4 ;
    %pushi/vec4 0, 0, 1;
    %store/vec4 v000001aa608c4270_0, 0, 1;
    %pushi/vec4 0, 0, 1;
    %store/vec4 v000001aa60892950_0, 0, 1;
    %pushi/vec4 0, 0, 1;
    %store/vec4 v000001aa608c4450_0, 0, 1;
    %pushi/vec4 1, 0, 3;
    %store/vec4 v000001aa60892f60_0, 0, 3;
    %pushi/vec4 1, 0, 1;
    %store/vec4 v000001aa608928b0_0, 0, 1;
    %pushi/vec4 0, 0, 4;
    %store/vec4 v000001aa608932f0_0, 0, 4;
    %pushi/vec4 1, 0, 1;
    %store/vec4 v000001aa608929f0_0, 0, 1;
    %pushi/vec4 1, 0, 1;
    %store/vec4 v000001aa608c4310_0, 0, 1;
    %load/vec4 v000001aa60892a90_0;
    %store/vec4 v000001aa60892b30_0, 0, 3;
    %pushi/vec4 0, 0, 2;
    %store/vec4 v000001aa608c44f0_0, 0, 2;
    %jmp T_0.8;
T_0.5 ;
    %pushi/vec4 0, 0, 1;
    %store/vec4 v000001aa608c4270_0, 0, 1;
    %pushi/vec4 0, 0, 1;
    %store/vec4 v000001aa60892950_0, 0, 1;
    %pushi/vec4 1, 0, 1;
    %store/vec4 v000001aa608c4450_0, 0, 1;
    %pushi/vec4 1, 0, 1;
    %store/vec4 v000001aa608928b0_0, 0, 1;
    %pushi/vec4 0, 0, 1;
    %store/vec4 v000001aa608929f0_0, 0, 1;
    %pushi/vec4 0, 0, 1;
    %store/vec4 v000001aa608c4310_0, 0, 1;
    %pushi/vec4 0, 0, 3;
    %store/vec4 v000001aa60892b30_0, 0, 3;
    %pushi/vec4 0, 0, 2;
    %store/vec4 v000001aa608c44f0_0, 0, 2;
    %load/vec4 v000001aa60892a90_0;
    %dup/vec4;
    %pushi/vec4 0, 0, 3;
    %cmp/u;
    %jmp/1 T_0.9, 6;
    %dup/vec4;
    %pushi/vec4 2, 0, 3;
    %cmp/u;
    %jmp/1 T_0.10, 6;
    %dup/vec4;
    %pushi/vec4 3, 0, 3;
    %cmp/u;
    %jmp/1 T_0.11, 6;
    %dup/vec4;
    %pushi/vec4 4, 0, 3;
    %cmp/u;
    %jmp/1 T_0.12, 6;
    %dup/vec4;
    %pushi/vec4 6, 0, 3;
    %cmp/u;
    %jmp/1 T_0.13, 6;
    %dup/vec4;
    %pushi/vec4 7, 0, 3;
    %cmp/u;
    %jmp/1 T_0.14, 6;
    %dup/vec4;
    %pushi/vec4 1, 0, 3;
    %cmp/u;
    %jmp/1 T_0.15, 6;
    %dup/vec4;
    %pushi/vec4 5, 0, 3;
    %cmp/u;
    %jmp/1 T_0.16, 6;
    %pushi/vec4 0, 0, 1;
    %store/vec4 v000001aa608c4270_0, 0, 1;
    %pushi/vec4 0, 0, 1;
    %store/vec4 v000001aa60892950_0, 0, 1;
    %pushi/vec4 0, 0, 3;
    %store/vec4 v000001aa60892f60_0, 0, 3;
    %pushi/vec4 1, 0, 1;
    %store/vec4 v000001aa608c4450_0, 0, 1;
    %pushi/vec4 0, 0, 1;
    %store/vec4 v000001aa608928b0_0, 0, 1;
    %pushi/vec4 0, 0, 4;
    %store/vec4 v000001aa608932f0_0, 0, 4;
    %pushi/vec4 0, 0, 1;
    %store/vec4 v000001aa608929f0_0, 0, 1;
    %pushi/vec4 0, 0, 1;
    %store/vec4 v000001aa608c4310_0, 0, 1;
    %pushi/vec4 0, 0, 3;
    %store/vec4 v000001aa60892b30_0, 0, 3;
    %pushi/vec4 0, 0, 2;
    %store/vec4 v000001aa608c44f0_0, 0, 2;
    %jmp T_0.18;
T_0.9 ;
    %pushi/vec4 0, 0, 4;
    %store/vec4 v000001aa608932f0_0, 0, 4;
    %pushi/vec4 0, 0, 3;
    %store/vec4 v000001aa60892f60_0, 0, 3;
    %jmp T_0.18;
T_0.10 ;
    %pushi/vec4 3, 0, 4;
    %store/vec4 v000001aa608932f0_0, 0, 4;
    %pushi/vec4 0, 0, 3;
    %store/vec4 v000001aa60892f60_0, 0, 3;
    %jmp T_0.18;
T_0.11 ;
    %pushi/vec4 4, 0, 4;
    %store/vec4 v000001aa608932f0_0, 0, 4;
    %pushi/vec4 0, 0, 3;
    %store/vec4 v000001aa60892f60_0, 0, 3;
    %jmp T_0.18;
T_0.12 ;
    %pushi/vec4 5, 0, 4;
    %store/vec4 v000001aa608932f0_0, 0, 4;
    %pushi/vec4 0, 0, 3;
    %store/vec4 v000001aa60892f60_0, 0, 3;
    %jmp T_0.18;
T_0.13 ;
    %pushi/vec4 8, 0, 4;
    %store/vec4 v000001aa608932f0_0, 0, 4;
    %pushi/vec4 0, 0, 3;
    %store/vec4 v000001aa60892f60_0, 0, 3;
    %jmp T_0.18;
T_0.14 ;
    %pushi/vec4 9, 0, 4;
    %store/vec4 v000001aa608932f0_0, 0, 4;
    %pushi/vec4 0, 0, 3;
    %store/vec4 v000001aa60892f60_0, 0, 3;
    %jmp T_0.18;
T_0.15 ;
    %pushi/vec4 2, 0, 4;
    %store/vec4 v000001aa608932f0_0, 0, 4;
    %pushi/vec4 3, 0, 3;
    %store/vec4 v000001aa60892f60_0, 0, 3;
    %jmp T_0.18;
T_0.16 ;
    %pushi/vec4 3, 0, 3;
    %store/vec4 v000001aa60892f60_0, 0, 3;
    %load/vec4 v000001aa608c41d0_0;
    %cmpi/e 0, 0, 7;
    %jmp/0xz  T_0.19, 4;
    %pushi/vec4 6, 0, 4;
    %store/vec4 v000001aa608932f0_0, 0, 4;
    %jmp T_0.20;
T_0.19 ;
    %pushi/vec4 7, 0, 4;
    %store/vec4 v000001aa608932f0_0, 0, 4;
T_0.20 ;
    %jmp T_0.18;
T_0.18 ;
    %pop/vec4 1;
    %jmp T_0.8;
T_0.6 ;
    %pushi/vec4 0, 0, 1;
    %store/vec4 v000001aa608c4270_0, 0, 1;
    %pushi/vec4 0, 0, 1;
    %store/vec4 v000001aa60892950_0, 0, 1;
    %pushi/vec4 0, 0, 3;
    %store/vec4 v000001aa60892f60_0, 0, 3;
    %pushi/vec4 1, 0, 1;
    %store/vec4 v000001aa608c4450_0, 0, 1;
    %pushi/vec4 0, 0, 1;
    %store/vec4 v000001aa608928b0_0, 0, 1;
    %pushi/vec4 0, 0, 1;
    %store/vec4 v000001aa608929f0_0, 0, 1;
    %pushi/vec4 0, 0, 1;
    %store/vec4 v000001aa608c4310_0, 0, 1;
    %pushi/vec4 0, 0, 3;
    %store/vec4 v000001aa60892b30_0, 0, 3;
    %pushi/vec4 0, 0, 2;
    %store/vec4 v000001aa608c44f0_0, 0, 2;
    %load/vec4 v000001aa60892a90_0;
    %dup/vec4;
    %pushi/vec4 0, 0, 3;
    %cmp/u;
    %jmp/1 T_0.21, 6;
    %dup/vec4;
    %pushi/vec4 1, 0, 3;
    %cmp/u;
    %jmp/1 T_0.22, 6;
    %dup/vec4;
    %pushi/vec4 2, 0, 3;
    %cmp/u;
    %jmp/1 T_0.23, 6;
    %dup/vec4;
    %pushi/vec4 3, 0, 3;
    %cmp/u;
    %jmp/1 T_0.24, 6;
    %dup/vec4;
    %pushi/vec4 4, 0, 3;
    %cmp/u;
    %jmp/1 T_0.25, 6;
    %dup/vec4;
    %pushi/vec4 5, 0, 3;
    %cmp/u;
    %jmp/1 T_0.26, 6;
    %dup/vec4;
    %pushi/vec4 6, 0, 3;
    %cmp/u;
    %jmp/1 T_0.27, 6;
    %dup/vec4;
    %pushi/vec4 7, 0, 3;
    %cmp/u;
    %jmp/1 T_0.28, 6;
    %pushi/vec4 0, 0, 1;
    %store/vec4 v000001aa608c4270_0, 0, 1;
    %pushi/vec4 0, 0, 1;
    %store/vec4 v000001aa60892950_0, 0, 1;
    %pushi/vec4 0, 0, 3;
    %store/vec4 v000001aa60892f60_0, 0, 3;
    %pushi/vec4 1, 0, 1;
    %store/vec4 v000001aa608c4450_0, 0, 1;
    %pushi/vec4 0, 0, 1;
    %store/vec4 v000001aa608928b0_0, 0, 1;
    %pushi/vec4 0, 0, 4;
    %store/vec4 v000001aa608932f0_0, 0, 4;
    %pushi/vec4 0, 0, 1;
    %store/vec4 v000001aa608929f0_0, 0, 1;
    %pushi/vec4 0, 0, 1;
    %store/vec4 v000001aa608c4310_0, 0, 1;
    %pushi/vec4 0, 0, 3;
    %store/vec4 v000001aa60892b30_0, 0, 3;
    %pushi/vec4 0, 0, 2;
    %store/vec4 v000001aa608c44f0_0, 0, 2;
    %jmp T_0.30;
T_0.21 ;
    %load/vec4 v000001aa608c41d0_0;
    %cmpi/e 0, 0, 7;
    %jmp/0xz  T_0.31, 4;
    %pushi/vec4 0, 0, 4;
    %store/vec4 v000001aa608932f0_0, 0, 4;
    %jmp T_0.32;
T_0.31 ;
    %pushi/vec4 1, 0, 4;
    %store/vec4 v000001aa608932f0_0, 0, 4;
T_0.32 ;
    %jmp T_0.30;
T_0.22 ;
    %pushi/vec4 2, 0, 4;
    %store/vec4 v000001aa608932f0_0, 0, 4;
    %jmp T_0.30;
T_0.23 ;
    %pushi/vec4 3, 0, 4;
    %store/vec4 v000001aa608932f0_0, 0, 4;
    %jmp T_0.30;
T_0.24 ;
    %pushi/vec4 4, 0, 4;
    %store/vec4 v000001aa608932f0_0, 0, 4;
    %jmp T_0.30;
T_0.25 ;
    %pushi/vec4 5, 0, 4;
    %store/vec4 v000001aa608932f0_0, 0, 4;
    %jmp T_0.30;
T_0.26 ;
    %load/vec4 v000001aa608c41d0_0;
    %cmpi/e 0, 0, 7;
    %jmp/0xz  T_0.33, 4;
    %pushi/vec4 6, 0, 4;
    %store/vec4 v000001aa608932f0_0, 0, 4;
    %jmp T_0.34;
T_0.33 ;
    %pushi/vec4 7, 0, 4;
    %store/vec4 v000001aa608932f0_0, 0, 4;
T_0.34 ;
    %jmp T_0.30;
T_0.27 ;
    %pushi/vec4 8, 0, 4;
    %store/vec4 v000001aa608932f0_0, 0, 4;
    %jmp T_0.30;
T_0.28 ;
    %pushi/vec4 9, 0, 4;
    %store/vec4 v000001aa608932f0_0, 0, 4;
    %jmp T_0.30;
T_0.30 ;
    %pop/vec4 1;
    %jmp T_0.8;
T_0.8 ;
    %pop/vec4 1;
    %jmp T_0;
    .thread T_0, $push;
# The file index is used to find the file name in the following table.
:file_names 3;
    "N/A";
    "<interactive>";
    "CONTROL_PIPELINE.v";
