#! /c/Source/iverilog-install/bin/vvp
:ivl_version "12.0 (devel)" "(s20150603-1110-g18392a46)";
:ivl_delay_selection "TYPICAL";
:vpi_time_precision + 0;
:vpi_module "D:\iverilog\iverilog\lib\ivl\system.vpi";
:vpi_module "D:\iverilog\iverilog\lib\ivl\vhdl_sys.vpi";
:vpi_module "D:\iverilog\iverilog\lib\ivl\vhdl_textio.vpi";
:vpi_module "D:\iverilog\iverilog\lib\ivl\v2005_math.vpi";
:vpi_module "D:\iverilog\iverilog\lib\ivl\va_math.vpi";
S_00000228f70dbbf0 .scope module, "EX_ME" "EX_ME" 2 1;
 .timescale 0 0;
    .port_info 0 /INPUT 1 "clk";
    .port_info 1 /INPUT 2 "writebackE";
    .port_info 2 /INPUT 3 "funcE";
    .port_info 3 /INPUT 1 "load_storeE";
    .port_info 4 /INPUT 1 "en_dmemE";
    .port_info 5 /INPUT 1 "wen_rfE";
    .port_info 6 /INPUT 32 "alu_resultE";
    .port_info 7 /INPUT 32 "out_rf2E1";
    .port_info 8 /INPUT 5 "rdE";
    .port_info 9 /INPUT 8 "PC_nextE";
    .port_info 10 /OUTPUT 2 "writebackM";
    .port_info 11 /OUTPUT 3 "funcM";
    .port_info 12 /OUTPUT 1 "load_storeM";
    .port_info 13 /OUTPUT 1 "en_dmemM";
    .port_info 14 /OUTPUT 1 "wen_rfM";
    .port_info 15 /OUTPUT 32 "alu_resultM";
    .port_info 16 /OUTPUT 32 "out_rf2M";
    .port_info 17 /OUTPUT 5 "rdM";
    .port_info 18 /OUTPUT 8 "PC_nextM";
o00000228f7129fd8 .functor BUFZ 8, C4<zzzzzzzz>; HiZ drive
v00000228f70dea60_0 .net "PC_nextE", 7 0, o00000228f7129fd8;  0 drivers
v00000228f70dbec0_0 .var "PC_nextM", 7 0;
o00000228f712a038 .functor BUFZ 32, C4<zzzzzzzzzzzzzzzzzzzzzzzzzzzzzzzz>; HiZ drive
v00000228f70f2b20_0 .net "alu_resultE", 31 0, o00000228f712a038;  0 drivers
v00000228f71241e0_0 .var "alu_resultM", 31 0;
o00000228f712a098 .functor BUFZ 1, C4<z>; HiZ drive
v00000228f7124280_0 .net "clk", 0 0, o00000228f712a098;  0 drivers
o00000228f712a0c8 .functor BUFZ 1, C4<z>; HiZ drive
v00000228f7124320_0 .net "en_dmemE", 0 0, o00000228f712a0c8;  0 drivers
v00000228f71243c0_0 .var "en_dmemM", 0 0;
o00000228f712a128 .functor BUFZ 3, C4<zzz>; HiZ drive
v00000228f7124460_0 .net "funcE", 2 0, o00000228f712a128;  0 drivers
v00000228f7124500_0 .var "funcM", 2 0;
o00000228f712a188 .functor BUFZ 1, C4<z>; HiZ drive
v00000228f7124630_0 .net "load_storeE", 0 0, o00000228f712a188;  0 drivers
v00000228f71246d0_0 .var "load_storeM", 0 0;
o00000228f712a1e8 .functor BUFZ 32, C4<zzzzzzzzzzzzzzzzzzzzzzzzzzzzzzzz>; HiZ drive
v00000228f7124770_0 .net "out_rf2E1", 31 0, o00000228f712a1e8;  0 drivers
v00000228f7124810_0 .var "out_rf2M", 31 0;
o00000228f712a248 .functor BUFZ 5, C4<zzzzz>; HiZ drive
v00000228f716ec50_0 .net "rdE", 4 0, o00000228f712a248;  0 drivers
v00000228f716ecf0_0 .var "rdM", 4 0;
o00000228f712a2a8 .functor BUFZ 1, C4<z>; HiZ drive
v00000228f716ee80_0 .net "wen_rfE", 0 0, o00000228f712a2a8;  0 drivers
v00000228f716f560_0 .var "wen_rfM", 0 0;
o00000228f712a308 .functor BUFZ 2, C4<zz>; HiZ drive
v00000228f716f600_0 .net "writebackE", 1 0, o00000228f712a308;  0 drivers
v00000228f716f6a0_0 .var "writebackM", 1 0;
E_00000228f70d7fe0 .event posedge, v00000228f7124280_0;
    .scope S_00000228f70dbbf0;
T_0 ;
    %wait E_00000228f70d7fe0;
    %load/vec4 v00000228f716f600_0;
    %assign/vec4 v00000228f716f6a0_0, 0;
    %load/vec4 v00000228f7124460_0;
    %assign/vec4 v00000228f7124500_0, 0;
    %load/vec4 v00000228f7124630_0;
    %assign/vec4 v00000228f71246d0_0, 0;
    %load/vec4 v00000228f7124320_0;
    %assign/vec4 v00000228f71243c0_0, 0;
    %load/vec4 v00000228f716ee80_0;
    %assign/vec4 v00000228f716f560_0, 0;
    %load/vec4 v00000228f70f2b20_0;
    %assign/vec4 v00000228f71241e0_0, 0;
    %load/vec4 v00000228f7124770_0;
    %assign/vec4 v00000228f7124810_0, 0;
    %load/vec4 v00000228f716ec50_0;
    %assign/vec4 v00000228f716ecf0_0, 0;
    %load/vec4 v00000228f70dea60_0;
    %assign/vec4 v00000228f70dbec0_0, 0;
    %jmp T_0;
    .thread T_0;
# The file index is used to find the file name in the following table.
:file_names 3;
    "N/A";
    "<interactive>";
    "EX_ME.v";
