#! /c/Source/iverilog-install/bin/vvp
:ivl_version "12.0 (devel)" "(s20150603-1110-g18392a46)";
:ivl_delay_selection "TYPICAL";
:vpi_time_precision + 0;
:vpi_module "D:\iverilog\iverilog\lib\ivl\system.vpi";
:vpi_module "D:\iverilog\iverilog\lib\ivl\vhdl_sys.vpi";
:vpi_module "D:\iverilog\iverilog\lib\ivl\vhdl_textio.vpi";
:vpi_module "D:\iverilog\iverilog\lib\ivl\v2005_math.vpi";
:vpi_module "D:\iverilog\iverilog\lib\ivl\va_math.vpi";
S_000001ec31182830 .scope module, "EXTENDv1" "EXTENDv1" 2 1;
 .timescale 0 0;
    .port_info 0 /INPUT 3 "Imm";
    .port_info 1 /INPUT 25 "data_in";
    .port_info 2 /OUTPUT 32 "data_out";
o000001ec311b6fb8 .functor BUFZ 3, C4<zzz>; HiZ drive
v000001ec31182f60_0 .net "Imm", 2 0, o000001ec311b6fb8;  0 drivers
o000001ec311b6fe8 .functor BUFZ 25, C4<zzzzzzzzzzzzzzzzzzzzzzzzz>; HiZ drive
v000001ec311832f0_0 .net "data_in", 24 0, o000001ec311b6fe8;  0 drivers
v000001ec311829c0_0 .var "data_out", 31 0;
E_000001ec311a5140 .event anyedge, v000001ec31182f60_0, v000001ec311832f0_0;
    .scope S_000001ec31182830;
T_0 ;
    %wait E_000001ec311a5140;
    %load/vec4 v000001ec31182f60_0;
    %dup/vec4;
    %pushi/vec4 0, 0, 3;
    %cmp/u;
    %jmp/1 T_0.0, 6;
    %dup/vec4;
    %pushi/vec4 1, 0, 3;
    %cmp/u;
    %jmp/1 T_0.1, 6;
    %dup/vec4;
    %pushi/vec4 2, 0, 3;
    %cmp/u;
    %jmp/1 T_0.2, 6;
    %dup/vec4;
    %pushi/vec4 3, 0, 3;
    %cmp/u;
    %jmp/1 T_0.3, 6;
    %dup/vec4;
    %pushi/vec4 4, 0, 3;
    %cmp/u;
    %jmp/1 T_0.4, 6;
    %pushi/vec4 0, 0, 32;
    %store/vec4 v000001ec311829c0_0, 0, 32;
    %jmp T_0.6;
T_0.0 ;
    %load/vec4 v000001ec311832f0_0;
    %parti/s 1, 24, 6;
    %replicate 20;
    %load/vec4 v000001ec311832f0_0;
    %parti/s 12, 13, 5;
    %concat/vec4; draw_concat_vec4
    %store/vec4 v000001ec311829c0_0, 0, 32;
    %jmp T_0.6;
T_0.1 ;
    %load/vec4 v000001ec311832f0_0;
    %parti/s 1, 24, 6;
    %replicate 20;
    %load/vec4 v000001ec311832f0_0;
    %parti/s 7, 18, 6;
    %concat/vec4; draw_concat_vec4
    %load/vec4 v000001ec311832f0_0;
    %parti/s 5, 0, 2;
    %concat/vec4; draw_concat_vec4
    %store/vec4 v000001ec311829c0_0, 0, 32;
    %jmp T_0.6;
T_0.2 ;
    %load/vec4 v000001ec311832f0_0;
    %parti/s 1, 24, 6;
    %replicate 20;
    %load/vec4 v000001ec311832f0_0;
    %parti/s 1, 0, 2;
    %concat/vec4; draw_concat_vec4
    %load/vec4 v000001ec311832f0_0;
    %parti/s 6, 18, 6;
    %concat/vec4; draw_concat_vec4
    %load/vec4 v000001ec311832f0_0;
    %parti/s 4, 1, 2;
    %concat/vec4; draw_concat_vec4
    %concati/vec4 0, 0, 1;
    %store/vec4 v000001ec311829c0_0, 0, 32;
    %jmp T_0.6;
T_0.3 ;
    %pushi/vec4 0, 0, 27;
    %load/vec4 v000001ec311832f0_0;
    %parti/s 5, 13, 5;
    %concat/vec4; draw_concat_vec4
    %store/vec4 v000001ec311829c0_0, 0, 32;
    %jmp T_0.6;
T_0.4 ;
    %load/vec4 v000001ec311832f0_0;
    %parti/s 1, 24, 6;
    %replicate 12;
    %load/vec4 v000001ec311832f0_0;
    %parti/s 8, 5, 4;
    %concat/vec4; draw_concat_vec4
    %load/vec4 v000001ec311832f0_0;
    %parti/s 11, 13, 5;
    %concat/vec4; draw_concat_vec4
    %concati/vec4 0, 0, 1;
    %store/vec4 v000001ec311829c0_0, 0, 32;
    %jmp T_0.6;
T_0.6 ;
    %pop/vec4 1;
    %jmp T_0;
    .thread T_0, $push;
# The file index is used to find the file name in the following table.
:file_names 3;
    "N/A";
    "<interactive>";
    "EXTENDv1.v";
