#! /c/Source/iverilog-install/bin/vvp
:ivl_version "12.0 (devel)" "(s20150603-1110-g18392a46)";
:ivl_delay_selection "TYPICAL";
:vpi_time_precision + 0;
:vpi_module "D:\iverilog\iverilog\lib\ivl\system.vpi";
:vpi_module "D:\iverilog\iverilog\lib\ivl\vhdl_sys.vpi";
:vpi_module "D:\iverilog\iverilog\lib\ivl\vhdl_textio.vpi";
:vpi_module "D:\iverilog\iverilog\lib\ivl\v2005_math.vpi";
:vpi_module "D:\iverilog\iverilog\lib\ivl\va_math.vpi";
S_00000170589f4950 .scope module, "RV32I" "RV32I" 2 13;
 .timescale 0 0;
    .port_info 0 /INPUT 1 "clk";
    .port_info 1 /INPUT 1 "rst_n";
P_0000017058969ff0 .param/l "a_width" 0 2 14, +C4<00000000000000000000000000001000>;
P_000001705896a028 .param/l "d_width" 0 2 15, +C4<00000000000000000000000000100000>;
v0000017058a7e9b0_0 .net "ALU_control", 3 0, v0000017058a7d090_0;  1 drivers
v0000017058a80210_0 .net "Imm", 1 0, v0000017058a7d310_0;  1 drivers
v0000017058a7ed70_0 .net "PC_branch", 7 0, L_0000017058a82ed0;  1 drivers
v0000017058a7f3b0_0 .net "PC_next", 7 0, v0000017058a7eff0_0;  1 drivers
v0000017058a7f630_0 .net "alu_result", 31 0, v0000017058a7cc30_0;  1 drivers
v0000017058a7f6d0_0 .net "alu_src", 0 0, v0000017058a7ddb0_0;  1 drivers
v0000017058a80350_0 .net "branch", 0 0, v0000017058a7cff0_0;  1 drivers
o0000017058a25278 .functor BUFZ 1, C4<z>; HiZ drive
v0000017058a7f770_0 .net "clk", 0 0, o0000017058a25278;  0 drivers
v0000017058a7f810_0 .net "dmem_result", 31 0, v0000017058a7c190_0;  1 drivers
v0000017058a7f8b0_0 .net "en_PC", 0 0, v0000017058a7da90_0;  1 drivers
v0000017058a80710_0 .net "en_dmem", 0 0, v0000017058a7d8b0_0;  1 drivers
v0000017058a803f0_0 .net "funct3_dmem", 2 0, v0000017058a7d770_0;  1 drivers
v0000017058a80490_0 .net "ins", 31 0, v0000017058a7c2d0_0;  1 drivers
v0000017058a7ee10_0 .net "load_store", 0 0, v0000017058a7c370_0;  1 drivers
v0000017058a7f950_0 .net "out_alu_src", 31 0, L_0000017058a83150;  1 drivers
v0000017058a80670_0 .net "out_extend", 31 0, v0000017058a7def0_0;  1 drivers
v0000017058a7f9f0_0 .net "out_rf1", 31 0, L_00000170589fb190;  1 drivers
v0000017058a807b0_0 .net "out_rf2", 31 0, L_00000170589fb270;  1 drivers
o0000017058a25308 .functor BUFZ 1, C4<z>; HiZ drive
v0000017058a7ea50_0 .net "rst_n", 0 0, o0000017058a25308;  0 drivers
v0000017058a7eaf0_0 .net "src_rf", 0 0, v0000017058a7dbd0_0;  1 drivers
v0000017058a7ec30_0 .net "wb_data_rf", 31 0, L_0000017058a84730;  1 drivers
v0000017058a7eeb0_0 .net "wen_rf", 0 0, v0000017058a7c410_0;  1 drivers
v0000017058a7fb30_0 .net "writeback", 0 0, v0000017058a7c870_0;  1 drivers
v0000017058a7fbd0_0 .net "writeback_data", 31 0, L_0000017058a82a70;  1 drivers
v0000017058a7ef50_0 .net "zero", 0 0, v0000017058a7cf50_0;  1 drivers
L_0000017058a7fc70 .part v0000017058a7c2d0_0, 0, 7;
L_0000017058a84050 .part v0000017058a7c2d0_0, 12, 3;
L_0000017058a83330 .part v0000017058a7c2d0_0, 25, 7;
L_0000017058a83010 .part v0000017058a7c2d0_0, 12, 20;
L_0000017058a847d0 .part v0000017058a7c2d0_0, 15, 5;
L_0000017058a83510 .part v0000017058a7c2d0_0, 20, 5;
L_0000017058a829d0 .part v0000017058a7c2d0_0, 7, 5;
L_0000017058a82d90 .part v0000017058a7c2d0_0, 7, 25;
L_0000017058a82e30 .part v0000017058a7cc30_0, 0, 8;
S_00000170589f4ae0 .scope module, "ADD_inst" "ADD" 2 132, 3 1 0, S_00000170589f4950;
 .timescale 0 0;
    .port_info 0 /INPUT 8 "PC_next";
    .port_info 1 /INPUT 32 "out_extend";
    .port_info 2 /OUTPUT 8 "PC_branch";
v0000017058a17ce0_0 .net "PC_branch", 7 0, L_0000017058a82ed0;  alias, 1 drivers
v0000017058a17880_0 .net "PC_next", 7 0, v0000017058a7eff0_0;  alias, 1 drivers
v0000017058a179c0_0 .net *"_ivl_1", 7 0, L_0000017058a83970;  1 drivers
v0000017058a18000_0 .net "out_extend", 31 0, v0000017058a7def0_0;  alias, 1 drivers
L_0000017058a83970 .part v0000017058a7def0_0, 0, 8;
L_0000017058a82ed0 .arith/sum 8, v0000017058a7eff0_0, L_0000017058a83970;
S_00000170589f4c70 .scope module, "ALU_inst" "ALU" 2 105, 4 1 0, S_00000170589f4950;
 .timescale 0 0;
    .port_info 0 /INPUT 4 "operator";
    .port_info 1 /INPUT 32 "a";
    .port_info 2 /INPUT 32 "b";
    .port_info 3 /OUTPUT 32 "c";
    .port_info 4 /OUTPUT 1 "zero";
P_00000170589697f0 .param/l "d_width" 0 4 2, +C4<00000000000000000000000000100000>;
P_0000017058969828 .param/l "op" 0 4 3, +C4<00000000000000000000000000000100>;
v0000017058a17f60_0 .net "a", 31 0, L_00000170589fb190;  alias, 1 drivers
v0000017058a17100_0 .net "b", 31 0, v0000017058a7def0_0;  alias, 1 drivers
v0000017058a7cc30_0 .var "c", 31 0;
v0000017058a7d6d0_0 .net "operator", 3 0, v0000017058a7d090_0;  alias, 1 drivers
v0000017058a7cf50_0 .var "zero", 0 0;
E_0000017058a0ed20 .event anyedge, v0000017058a7d6d0_0, v0000017058a17f60_0, v0000017058a18000_0, v0000017058a7cc30_0;
S_00000170589ec4b0 .scope module, "CONTROL_inst" "CONTROL" 2 50, 5 1 0, S_00000170589f4950;
 .timescale 0 0;
    .port_info 0 /INPUT 7 "opcode";
    .port_info 1 /INPUT 3 "funct3";
    .port_info 2 /INPUT 7 "funct7";
    .port_info 3 /INPUT 1 "zero";
    .port_info 4 /OUTPUT 1 "en_PC";
    .port_info 5 /OUTPUT 1 "branch";
    .port_info 6 /OUTPUT 1 "src_rf";
    .port_info 7 /OUTPUT 1 "wen_rf";
    .port_info 8 /OUTPUT 2 "Imm";
    .port_info 9 /OUTPUT 1 "alu_src";
    .port_info 10 /OUTPUT 4 "ALU_control";
    .port_info 11 /OUTPUT 1 "en_dmem";
    .port_info 12 /OUTPUT 1 "load_store";
    .port_info 13 /OUTPUT 3 "funct3_dmem";
    .port_info 14 /OUTPUT 1 "writeback";
v0000017058a7d090_0 .var "ALU_control", 3 0;
v0000017058a7d310_0 .var "Imm", 1 0;
v0000017058a7ddb0_0 .var "alu_src", 0 0;
v0000017058a7cff0_0 .var "branch", 0 0;
v0000017058a7da90_0 .var "en_PC", 0 0;
v0000017058a7d8b0_0 .var "en_dmem", 0 0;
v0000017058a7dd10_0 .net "funct3", 2 0, L_0000017058a84050;  1 drivers
v0000017058a7d770_0 .var "funct3_dmem", 2 0;
v0000017058a7c910_0 .net "funct7", 6 0, L_0000017058a83330;  1 drivers
v0000017058a7c370_0 .var "load_store", 0 0;
v0000017058a7db30_0 .net "opcode", 6 0, L_0000017058a7fc70;  1 drivers
v0000017058a7dbd0_0 .var "src_rf", 0 0;
v0000017058a7c410_0 .var "wen_rf", 0 0;
v0000017058a7c870_0 .var "writeback", 0 0;
v0000017058a7c4b0_0 .net "zero", 0 0, v0000017058a7cf50_0;  alias, 1 drivers
E_0000017058a0f1e0 .event anyedge, v0000017058a7db30_0, v0000017058a7dd10_0, v0000017058a7cf50_0, v0000017058a7c910_0;
S_00000170589ec640 .scope module, "DMEM_inst" "DMEM" 2 114, 6 1 0, S_00000170589f4950;
 .timescale 0 0;
    .port_info 0 /INPUT 1 "clk";
    .port_info 1 /INPUT 1 "rst_n";
    .port_info 2 /INPUT 1 "cs";
    .port_info 3 /INPUT 1 "load_store";
    .port_info 4 /INPUT 3 "funct3";
    .port_info 5 /INPUT 8 "addr";
    .port_info 6 /INPUT 32 "wdata";
    .port_info 7 /OUTPUT 32 "rdata";
P_0000017058969a70 .param/l "a_width" 0 6 3, +C4<00000000000000000000000000001000>;
P_0000017058969aa8 .param/l "d_width" 0 6 2, +C4<00000000000000000000000000100000>;
v0000017058a7dc70_0 .net "addr", 7 0, L_0000017058a82e30;  1 drivers
v0000017058a7d950_0 .net "clk", 0 0, o0000017058a25278;  alias, 0 drivers
v0000017058a7d590_0 .net "cs", 0 0, v0000017058a7d8b0_0;  alias, 1 drivers
v0000017058a7c9b0_0 .net "funct3", 2 0, v0000017058a7d770_0;  alias, 1 drivers
v0000017058a7d9f0_0 .var/i "i", 31 0;
v0000017058a7de50_0 .net "load_store", 0 0, v0000017058a7c370_0;  alias, 1 drivers
v0000017058a7ccd0 .array "mem", 255 0, 31 0;
v0000017058a7c190_0 .var "rdata", 31 0;
v0000017058a7ca50_0 .net "rst_n", 0 0, o0000017058a25308;  alias, 0 drivers
v0000017058a7d450_0 .net "wdata", 31 0, L_00000170589fb270;  alias, 1 drivers
E_0000017058a0f420/0 .event negedge, v0000017058a7ca50_0;
E_0000017058a0f420/1 .event posedge, v0000017058a7d950_0;
E_0000017058a0f420 .event/or E_0000017058a0f420/0, E_0000017058a0f420/1;
S_00000170589ec7d0 .scope module, "EXTEND_inst" "EXTEND" 2 90, 7 1 0, S_00000170589f4950;
 .timescale 0 0;
    .port_info 0 /INPUT 2 "Imm";
    .port_info 1 /INPUT 25 "data_in";
    .port_info 2 /OUTPUT 32 "data_out";
v0000017058a7d4f0_0 .net "Imm", 1 0, v0000017058a7d310_0;  alias, 1 drivers
v0000017058a7c0f0_0 .net "data_in", 24 0, L_0000017058a82d90;  1 drivers
v0000017058a7def0_0 .var "data_out", 31 0;
E_0000017058a10a20 .event anyedge, v0000017058a7d310_0, v0000017058a7c0f0_0;
S_00000170589ebb30 .scope module, "IMEM_inst" "IMEM" 2 34, 8 1 0, S_00000170589f4950;
 .timescale 0 0;
    .port_info 0 /INPUT 8 "addr";
    .port_info 1 /OUTPUT 32 "rdata";
P_000001705896a170 .param/l "a_width" 0 8 3, +C4<00000000000000000000000000001000>;
P_000001705896a1a8 .param/l "d_width" 0 8 2, +C4<00000000000000000000000000100000>;
v0000017058a7d270_0 .net "addr", 7 0, v0000017058a7eff0_0;  alias, 1 drivers
v0000017058a7caf0 .array "mem", 255 0, 31 0;
v0000017058a7c2d0_0 .var "rdata", 31 0;
v0000017058a7caf0_0 .array/port v0000017058a7caf0, 0;
v0000017058a7caf0_1 .array/port v0000017058a7caf0, 1;
v0000017058a7caf0_2 .array/port v0000017058a7caf0, 2;
E_0000017058a0fce0/0 .event anyedge, v0000017058a17880_0, v0000017058a7caf0_0, v0000017058a7caf0_1, v0000017058a7caf0_2;
v0000017058a7caf0_3 .array/port v0000017058a7caf0, 3;
v0000017058a7caf0_4 .array/port v0000017058a7caf0, 4;
v0000017058a7caf0_5 .array/port v0000017058a7caf0, 5;
v0000017058a7caf0_6 .array/port v0000017058a7caf0, 6;
E_0000017058a0fce0/1 .event anyedge, v0000017058a7caf0_3, v0000017058a7caf0_4, v0000017058a7caf0_5, v0000017058a7caf0_6;
v0000017058a7caf0_7 .array/port v0000017058a7caf0, 7;
v0000017058a7caf0_8 .array/port v0000017058a7caf0, 8;
v0000017058a7caf0_9 .array/port v0000017058a7caf0, 9;
v0000017058a7caf0_10 .array/port v0000017058a7caf0, 10;
E_0000017058a0fce0/2 .event anyedge, v0000017058a7caf0_7, v0000017058a7caf0_8, v0000017058a7caf0_9, v0000017058a7caf0_10;
v0000017058a7caf0_11 .array/port v0000017058a7caf0, 11;
v0000017058a7caf0_12 .array/port v0000017058a7caf0, 12;
v0000017058a7caf0_13 .array/port v0000017058a7caf0, 13;
v0000017058a7caf0_14 .array/port v0000017058a7caf0, 14;
E_0000017058a0fce0/3 .event anyedge, v0000017058a7caf0_11, v0000017058a7caf0_12, v0000017058a7caf0_13, v0000017058a7caf0_14;
v0000017058a7caf0_15 .array/port v0000017058a7caf0, 15;
v0000017058a7caf0_16 .array/port v0000017058a7caf0, 16;
v0000017058a7caf0_17 .array/port v0000017058a7caf0, 17;
v0000017058a7caf0_18 .array/port v0000017058a7caf0, 18;
E_0000017058a0fce0/4 .event anyedge, v0000017058a7caf0_15, v0000017058a7caf0_16, v0000017058a7caf0_17, v0000017058a7caf0_18;
v0000017058a7caf0_19 .array/port v0000017058a7caf0, 19;
v0000017058a7caf0_20 .array/port v0000017058a7caf0, 20;
v0000017058a7caf0_21 .array/port v0000017058a7caf0, 21;
v0000017058a7caf0_22 .array/port v0000017058a7caf0, 22;
E_0000017058a0fce0/5 .event anyedge, v0000017058a7caf0_19, v0000017058a7caf0_20, v0000017058a7caf0_21, v0000017058a7caf0_22;
v0000017058a7caf0_23 .array/port v0000017058a7caf0, 23;
v0000017058a7caf0_24 .array/port v0000017058a7caf0, 24;
v0000017058a7caf0_25 .array/port v0000017058a7caf0, 25;
v0000017058a7caf0_26 .array/port v0000017058a7caf0, 26;
E_0000017058a0fce0/6 .event anyedge, v0000017058a7caf0_23, v0000017058a7caf0_24, v0000017058a7caf0_25, v0000017058a7caf0_26;
v0000017058a7caf0_27 .array/port v0000017058a7caf0, 27;
v0000017058a7caf0_28 .array/port v0000017058a7caf0, 28;
v0000017058a7caf0_29 .array/port v0000017058a7caf0, 29;
v0000017058a7caf0_30 .array/port v0000017058a7caf0, 30;
E_0000017058a0fce0/7 .event anyedge, v0000017058a7caf0_27, v0000017058a7caf0_28, v0000017058a7caf0_29, v0000017058a7caf0_30;
v0000017058a7caf0_31 .array/port v0000017058a7caf0, 31;
v0000017058a7caf0_32 .array/port v0000017058a7caf0, 32;
v0000017058a7caf0_33 .array/port v0000017058a7caf0, 33;
v0000017058a7caf0_34 .array/port v0000017058a7caf0, 34;
E_0000017058a0fce0/8 .event anyedge, v0000017058a7caf0_31, v0000017058a7caf0_32, v0000017058a7caf0_33, v0000017058a7caf0_34;
v0000017058a7caf0_35 .array/port v0000017058a7caf0, 35;
v0000017058a7caf0_36 .array/port v0000017058a7caf0, 36;
v0000017058a7caf0_37 .array/port v0000017058a7caf0, 37;
v0000017058a7caf0_38 .array/port v0000017058a7caf0, 38;
E_0000017058a0fce0/9 .event anyedge, v0000017058a7caf0_35, v0000017058a7caf0_36, v0000017058a7caf0_37, v0000017058a7caf0_38;
v0000017058a7caf0_39 .array/port v0000017058a7caf0, 39;
v0000017058a7caf0_40 .array/port v0000017058a7caf0, 40;
v0000017058a7caf0_41 .array/port v0000017058a7caf0, 41;
v0000017058a7caf0_42 .array/port v0000017058a7caf0, 42;
E_0000017058a0fce0/10 .event anyedge, v0000017058a7caf0_39, v0000017058a7caf0_40, v0000017058a7caf0_41, v0000017058a7caf0_42;
v0000017058a7caf0_43 .array/port v0000017058a7caf0, 43;
v0000017058a7caf0_44 .array/port v0000017058a7caf0, 44;
v0000017058a7caf0_45 .array/port v0000017058a7caf0, 45;
v0000017058a7caf0_46 .array/port v0000017058a7caf0, 46;
E_0000017058a0fce0/11 .event anyedge, v0000017058a7caf0_43, v0000017058a7caf0_44, v0000017058a7caf0_45, v0000017058a7caf0_46;
v0000017058a7caf0_47 .array/port v0000017058a7caf0, 47;
v0000017058a7caf0_48 .array/port v0000017058a7caf0, 48;
v0000017058a7caf0_49 .array/port v0000017058a7caf0, 49;
v0000017058a7caf0_50 .array/port v0000017058a7caf0, 50;
E_0000017058a0fce0/12 .event anyedge, v0000017058a7caf0_47, v0000017058a7caf0_48, v0000017058a7caf0_49, v0000017058a7caf0_50;
v0000017058a7caf0_51 .array/port v0000017058a7caf0, 51;
v0000017058a7caf0_52 .array/port v0000017058a7caf0, 52;
v0000017058a7caf0_53 .array/port v0000017058a7caf0, 53;
v0000017058a7caf0_54 .array/port v0000017058a7caf0, 54;
E_0000017058a0fce0/13 .event anyedge, v0000017058a7caf0_51, v0000017058a7caf0_52, v0000017058a7caf0_53, v0000017058a7caf0_54;
v0000017058a7caf0_55 .array/port v0000017058a7caf0, 55;
v0000017058a7caf0_56 .array/port v0000017058a7caf0, 56;
v0000017058a7caf0_57 .array/port v0000017058a7caf0, 57;
v0000017058a7caf0_58 .array/port v0000017058a7caf0, 58;
E_0000017058a0fce0/14 .event anyedge, v0000017058a7caf0_55, v0000017058a7caf0_56, v0000017058a7caf0_57, v0000017058a7caf0_58;
v0000017058a7caf0_59 .array/port v0000017058a7caf0, 59;
v0000017058a7caf0_60 .array/port v0000017058a7caf0, 60;
v0000017058a7caf0_61 .array/port v0000017058a7caf0, 61;
v0000017058a7caf0_62 .array/port v0000017058a7caf0, 62;
E_0000017058a0fce0/15 .event anyedge, v0000017058a7caf0_59, v0000017058a7caf0_60, v0000017058a7caf0_61, v0000017058a7caf0_62;
v0000017058a7caf0_63 .array/port v0000017058a7caf0, 63;
v0000017058a7caf0_64 .array/port v0000017058a7caf0, 64;
v0000017058a7caf0_65 .array/port v0000017058a7caf0, 65;
v0000017058a7caf0_66 .array/port v0000017058a7caf0, 66;
E_0000017058a0fce0/16 .event anyedge, v0000017058a7caf0_63, v0000017058a7caf0_64, v0000017058a7caf0_65, v0000017058a7caf0_66;
v0000017058a7caf0_67 .array/port v0000017058a7caf0, 67;
v0000017058a7caf0_68 .array/port v0000017058a7caf0, 68;
v0000017058a7caf0_69 .array/port v0000017058a7caf0, 69;
v0000017058a7caf0_70 .array/port v0000017058a7caf0, 70;
E_0000017058a0fce0/17 .event anyedge, v0000017058a7caf0_67, v0000017058a7caf0_68, v0000017058a7caf0_69, v0000017058a7caf0_70;
v0000017058a7caf0_71 .array/port v0000017058a7caf0, 71;
v0000017058a7caf0_72 .array/port v0000017058a7caf0, 72;
v0000017058a7caf0_73 .array/port v0000017058a7caf0, 73;
v0000017058a7caf0_74 .array/port v0000017058a7caf0, 74;
E_0000017058a0fce0/18 .event anyedge, v0000017058a7caf0_71, v0000017058a7caf0_72, v0000017058a7caf0_73, v0000017058a7caf0_74;
v0000017058a7caf0_75 .array/port v0000017058a7caf0, 75;
v0000017058a7caf0_76 .array/port v0000017058a7caf0, 76;
v0000017058a7caf0_77 .array/port v0000017058a7caf0, 77;
v0000017058a7caf0_78 .array/port v0000017058a7caf0, 78;
E_0000017058a0fce0/19 .event anyedge, v0000017058a7caf0_75, v0000017058a7caf0_76, v0000017058a7caf0_77, v0000017058a7caf0_78;
v0000017058a7caf0_79 .array/port v0000017058a7caf0, 79;
v0000017058a7caf0_80 .array/port v0000017058a7caf0, 80;
v0000017058a7caf0_81 .array/port v0000017058a7caf0, 81;
v0000017058a7caf0_82 .array/port v0000017058a7caf0, 82;
E_0000017058a0fce0/20 .event anyedge, v0000017058a7caf0_79, v0000017058a7caf0_80, v0000017058a7caf0_81, v0000017058a7caf0_82;
v0000017058a7caf0_83 .array/port v0000017058a7caf0, 83;
v0000017058a7caf0_84 .array/port v0000017058a7caf0, 84;
v0000017058a7caf0_85 .array/port v0000017058a7caf0, 85;
v0000017058a7caf0_86 .array/port v0000017058a7caf0, 86;
E_0000017058a0fce0/21 .event anyedge, v0000017058a7caf0_83, v0000017058a7caf0_84, v0000017058a7caf0_85, v0000017058a7caf0_86;
v0000017058a7caf0_87 .array/port v0000017058a7caf0, 87;
v0000017058a7caf0_88 .array/port v0000017058a7caf0, 88;
v0000017058a7caf0_89 .array/port v0000017058a7caf0, 89;
v0000017058a7caf0_90 .array/port v0000017058a7caf0, 90;
E_0000017058a0fce0/22 .event anyedge, v0000017058a7caf0_87, v0000017058a7caf0_88, v0000017058a7caf0_89, v0000017058a7caf0_90;
v0000017058a7caf0_91 .array/port v0000017058a7caf0, 91;
v0000017058a7caf0_92 .array/port v0000017058a7caf0, 92;
v0000017058a7caf0_93 .array/port v0000017058a7caf0, 93;
v0000017058a7caf0_94 .array/port v0000017058a7caf0, 94;
E_0000017058a0fce0/23 .event anyedge, v0000017058a7caf0_91, v0000017058a7caf0_92, v0000017058a7caf0_93, v0000017058a7caf0_94;
v0000017058a7caf0_95 .array/port v0000017058a7caf0, 95;
v0000017058a7caf0_96 .array/port v0000017058a7caf0, 96;
v0000017058a7caf0_97 .array/port v0000017058a7caf0, 97;
v0000017058a7caf0_98 .array/port v0000017058a7caf0, 98;
E_0000017058a0fce0/24 .event anyedge, v0000017058a7caf0_95, v0000017058a7caf0_96, v0000017058a7caf0_97, v0000017058a7caf0_98;
v0000017058a7caf0_99 .array/port v0000017058a7caf0, 99;
v0000017058a7caf0_100 .array/port v0000017058a7caf0, 100;
v0000017058a7caf0_101 .array/port v0000017058a7caf0, 101;
v0000017058a7caf0_102 .array/port v0000017058a7caf0, 102;
E_0000017058a0fce0/25 .event anyedge, v0000017058a7caf0_99, v0000017058a7caf0_100, v0000017058a7caf0_101, v0000017058a7caf0_102;
v0000017058a7caf0_103 .array/port v0000017058a7caf0, 103;
v0000017058a7caf0_104 .array/port v0000017058a7caf0, 104;
v0000017058a7caf0_105 .array/port v0000017058a7caf0, 105;
v0000017058a7caf0_106 .array/port v0000017058a7caf0, 106;
E_0000017058a0fce0/26 .event anyedge, v0000017058a7caf0_103, v0000017058a7caf0_104, v0000017058a7caf0_105, v0000017058a7caf0_106;
v0000017058a7caf0_107 .array/port v0000017058a7caf0, 107;
v0000017058a7caf0_108 .array/port v0000017058a7caf0, 108;
v0000017058a7caf0_109 .array/port v0000017058a7caf0, 109;
v0000017058a7caf0_110 .array/port v0000017058a7caf0, 110;
E_0000017058a0fce0/27 .event anyedge, v0000017058a7caf0_107, v0000017058a7caf0_108, v0000017058a7caf0_109, v0000017058a7caf0_110;
v0000017058a7caf0_111 .array/port v0000017058a7caf0, 111;
v0000017058a7caf0_112 .array/port v0000017058a7caf0, 112;
v0000017058a7caf0_113 .array/port v0000017058a7caf0, 113;
v0000017058a7caf0_114 .array/port v0000017058a7caf0, 114;
E_0000017058a0fce0/28 .event anyedge, v0000017058a7caf0_111, v0000017058a7caf0_112, v0000017058a7caf0_113, v0000017058a7caf0_114;
v0000017058a7caf0_115 .array/port v0000017058a7caf0, 115;
v0000017058a7caf0_116 .array/port v0000017058a7caf0, 116;
v0000017058a7caf0_117 .array/port v0000017058a7caf0, 117;
v0000017058a7caf0_118 .array/port v0000017058a7caf0, 118;
E_0000017058a0fce0/29 .event anyedge, v0000017058a7caf0_115, v0000017058a7caf0_116, v0000017058a7caf0_117, v0000017058a7caf0_118;
v0000017058a7caf0_119 .array/port v0000017058a7caf0, 119;
v0000017058a7caf0_120 .array/port v0000017058a7caf0, 120;
v0000017058a7caf0_121 .array/port v0000017058a7caf0, 121;
v0000017058a7caf0_122 .array/port v0000017058a7caf0, 122;
E_0000017058a0fce0/30 .event anyedge, v0000017058a7caf0_119, v0000017058a7caf0_120, v0000017058a7caf0_121, v0000017058a7caf0_122;
v0000017058a7caf0_123 .array/port v0000017058a7caf0, 123;
v0000017058a7caf0_124 .array/port v0000017058a7caf0, 124;
v0000017058a7caf0_125 .array/port v0000017058a7caf0, 125;
v0000017058a7caf0_126 .array/port v0000017058a7caf0, 126;
E_0000017058a0fce0/31 .event anyedge, v0000017058a7caf0_123, v0000017058a7caf0_124, v0000017058a7caf0_125, v0000017058a7caf0_126;
v0000017058a7caf0_127 .array/port v0000017058a7caf0, 127;
v0000017058a7caf0_128 .array/port v0000017058a7caf0, 128;
v0000017058a7caf0_129 .array/port v0000017058a7caf0, 129;
v0000017058a7caf0_130 .array/port v0000017058a7caf0, 130;
E_0000017058a0fce0/32 .event anyedge, v0000017058a7caf0_127, v0000017058a7caf0_128, v0000017058a7caf0_129, v0000017058a7caf0_130;
v0000017058a7caf0_131 .array/port v0000017058a7caf0, 131;
v0000017058a7caf0_132 .array/port v0000017058a7caf0, 132;
v0000017058a7caf0_133 .array/port v0000017058a7caf0, 133;
v0000017058a7caf0_134 .array/port v0000017058a7caf0, 134;
E_0000017058a0fce0/33 .event anyedge, v0000017058a7caf0_131, v0000017058a7caf0_132, v0000017058a7caf0_133, v0000017058a7caf0_134;
v0000017058a7caf0_135 .array/port v0000017058a7caf0, 135;
v0000017058a7caf0_136 .array/port v0000017058a7caf0, 136;
v0000017058a7caf0_137 .array/port v0000017058a7caf0, 137;
v0000017058a7caf0_138 .array/port v0000017058a7caf0, 138;
E_0000017058a0fce0/34 .event anyedge, v0000017058a7caf0_135, v0000017058a7caf0_136, v0000017058a7caf0_137, v0000017058a7caf0_138;
v0000017058a7caf0_139 .array/port v0000017058a7caf0, 139;
v0000017058a7caf0_140 .array/port v0000017058a7caf0, 140;
v0000017058a7caf0_141 .array/port v0000017058a7caf0, 141;
v0000017058a7caf0_142 .array/port v0000017058a7caf0, 142;
E_0000017058a0fce0/35 .event anyedge, v0000017058a7caf0_139, v0000017058a7caf0_140, v0000017058a7caf0_141, v0000017058a7caf0_142;
v0000017058a7caf0_143 .array/port v0000017058a7caf0, 143;
v0000017058a7caf0_144 .array/port v0000017058a7caf0, 144;
v0000017058a7caf0_145 .array/port v0000017058a7caf0, 145;
v0000017058a7caf0_146 .array/port v0000017058a7caf0, 146;
E_0000017058a0fce0/36 .event anyedge, v0000017058a7caf0_143, v0000017058a7caf0_144, v0000017058a7caf0_145, v0000017058a7caf0_146;
v0000017058a7caf0_147 .array/port v0000017058a7caf0, 147;
v0000017058a7caf0_148 .array/port v0000017058a7caf0, 148;
v0000017058a7caf0_149 .array/port v0000017058a7caf0, 149;
v0000017058a7caf0_150 .array/port v0000017058a7caf0, 150;
E_0000017058a0fce0/37 .event anyedge, v0000017058a7caf0_147, v0000017058a7caf0_148, v0000017058a7caf0_149, v0000017058a7caf0_150;
v0000017058a7caf0_151 .array/port v0000017058a7caf0, 151;
v0000017058a7caf0_152 .array/port v0000017058a7caf0, 152;
v0000017058a7caf0_153 .array/port v0000017058a7caf0, 153;
v0000017058a7caf0_154 .array/port v0000017058a7caf0, 154;
E_0000017058a0fce0/38 .event anyedge, v0000017058a7caf0_151, v0000017058a7caf0_152, v0000017058a7caf0_153, v0000017058a7caf0_154;
v0000017058a7caf0_155 .array/port v0000017058a7caf0, 155;
v0000017058a7caf0_156 .array/port v0000017058a7caf0, 156;
v0000017058a7caf0_157 .array/port v0000017058a7caf0, 157;
v0000017058a7caf0_158 .array/port v0000017058a7caf0, 158;
E_0000017058a0fce0/39 .event anyedge, v0000017058a7caf0_155, v0000017058a7caf0_156, v0000017058a7caf0_157, v0000017058a7caf0_158;
v0000017058a7caf0_159 .array/port v0000017058a7caf0, 159;
v0000017058a7caf0_160 .array/port v0000017058a7caf0, 160;
v0000017058a7caf0_161 .array/port v0000017058a7caf0, 161;
v0000017058a7caf0_162 .array/port v0000017058a7caf0, 162;
E_0000017058a0fce0/40 .event anyedge, v0000017058a7caf0_159, v0000017058a7caf0_160, v0000017058a7caf0_161, v0000017058a7caf0_162;
v0000017058a7caf0_163 .array/port v0000017058a7caf0, 163;
v0000017058a7caf0_164 .array/port v0000017058a7caf0, 164;
v0000017058a7caf0_165 .array/port v0000017058a7caf0, 165;
v0000017058a7caf0_166 .array/port v0000017058a7caf0, 166;
E_0000017058a0fce0/41 .event anyedge, v0000017058a7caf0_163, v0000017058a7caf0_164, v0000017058a7caf0_165, v0000017058a7caf0_166;
v0000017058a7caf0_167 .array/port v0000017058a7caf0, 167;
v0000017058a7caf0_168 .array/port v0000017058a7caf0, 168;
v0000017058a7caf0_169 .array/port v0000017058a7caf0, 169;
v0000017058a7caf0_170 .array/port v0000017058a7caf0, 170;
E_0000017058a0fce0/42 .event anyedge, v0000017058a7caf0_167, v0000017058a7caf0_168, v0000017058a7caf0_169, v0000017058a7caf0_170;
v0000017058a7caf0_171 .array/port v0000017058a7caf0, 171;
v0000017058a7caf0_172 .array/port v0000017058a7caf0, 172;
v0000017058a7caf0_173 .array/port v0000017058a7caf0, 173;
v0000017058a7caf0_174 .array/port v0000017058a7caf0, 174;
E_0000017058a0fce0/43 .event anyedge, v0000017058a7caf0_171, v0000017058a7caf0_172, v0000017058a7caf0_173, v0000017058a7caf0_174;
v0000017058a7caf0_175 .array/port v0000017058a7caf0, 175;
v0000017058a7caf0_176 .array/port v0000017058a7caf0, 176;
v0000017058a7caf0_177 .array/port v0000017058a7caf0, 177;
v0000017058a7caf0_178 .array/port v0000017058a7caf0, 178;
E_0000017058a0fce0/44 .event anyedge, v0000017058a7caf0_175, v0000017058a7caf0_176, v0000017058a7caf0_177, v0000017058a7caf0_178;
v0000017058a7caf0_179 .array/port v0000017058a7caf0, 179;
v0000017058a7caf0_180 .array/port v0000017058a7caf0, 180;
v0000017058a7caf0_181 .array/port v0000017058a7caf0, 181;
v0000017058a7caf0_182 .array/port v0000017058a7caf0, 182;
E_0000017058a0fce0/45 .event anyedge, v0000017058a7caf0_179, v0000017058a7caf0_180, v0000017058a7caf0_181, v0000017058a7caf0_182;
v0000017058a7caf0_183 .array/port v0000017058a7caf0, 183;
v0000017058a7caf0_184 .array/port v0000017058a7caf0, 184;
v0000017058a7caf0_185 .array/port v0000017058a7caf0, 185;
v0000017058a7caf0_186 .array/port v0000017058a7caf0, 186;
E_0000017058a0fce0/46 .event anyedge, v0000017058a7caf0_183, v0000017058a7caf0_184, v0000017058a7caf0_185, v0000017058a7caf0_186;
v0000017058a7caf0_187 .array/port v0000017058a7caf0, 187;
v0000017058a7caf0_188 .array/port v0000017058a7caf0, 188;
v0000017058a7caf0_189 .array/port v0000017058a7caf0, 189;
v0000017058a7caf0_190 .array/port v0000017058a7caf0, 190;
E_0000017058a0fce0/47 .event anyedge, v0000017058a7caf0_187, v0000017058a7caf0_188, v0000017058a7caf0_189, v0000017058a7caf0_190;
v0000017058a7caf0_191 .array/port v0000017058a7caf0, 191;
v0000017058a7caf0_192 .array/port v0000017058a7caf0, 192;
v0000017058a7caf0_193 .array/port v0000017058a7caf0, 193;
v0000017058a7caf0_194 .array/port v0000017058a7caf0, 194;
E_0000017058a0fce0/48 .event anyedge, v0000017058a7caf0_191, v0000017058a7caf0_192, v0000017058a7caf0_193, v0000017058a7caf0_194;
v0000017058a7caf0_195 .array/port v0000017058a7caf0, 195;
v0000017058a7caf0_196 .array/port v0000017058a7caf0, 196;
v0000017058a7caf0_197 .array/port v0000017058a7caf0, 197;
v0000017058a7caf0_198 .array/port v0000017058a7caf0, 198;
E_0000017058a0fce0/49 .event anyedge, v0000017058a7caf0_195, v0000017058a7caf0_196, v0000017058a7caf0_197, v0000017058a7caf0_198;
v0000017058a7caf0_199 .array/port v0000017058a7caf0, 199;
v0000017058a7caf0_200 .array/port v0000017058a7caf0, 200;
v0000017058a7caf0_201 .array/port v0000017058a7caf0, 201;
v0000017058a7caf0_202 .array/port v0000017058a7caf0, 202;
E_0000017058a0fce0/50 .event anyedge, v0000017058a7caf0_199, v0000017058a7caf0_200, v0000017058a7caf0_201, v0000017058a7caf0_202;
v0000017058a7caf0_203 .array/port v0000017058a7caf0, 203;
v0000017058a7caf0_204 .array/port v0000017058a7caf0, 204;
v0000017058a7caf0_205 .array/port v0000017058a7caf0, 205;
v0000017058a7caf0_206 .array/port v0000017058a7caf0, 206;
E_0000017058a0fce0/51 .event anyedge, v0000017058a7caf0_203, v0000017058a7caf0_204, v0000017058a7caf0_205, v0000017058a7caf0_206;
v0000017058a7caf0_207 .array/port v0000017058a7caf0, 207;
v0000017058a7caf0_208 .array/port v0000017058a7caf0, 208;
v0000017058a7caf0_209 .array/port v0000017058a7caf0, 209;
v0000017058a7caf0_210 .array/port v0000017058a7caf0, 210;
E_0000017058a0fce0/52 .event anyedge, v0000017058a7caf0_207, v0000017058a7caf0_208, v0000017058a7caf0_209, v0000017058a7caf0_210;
v0000017058a7caf0_211 .array/port v0000017058a7caf0, 211;
v0000017058a7caf0_212 .array/port v0000017058a7caf0, 212;
v0000017058a7caf0_213 .array/port v0000017058a7caf0, 213;
v0000017058a7caf0_214 .array/port v0000017058a7caf0, 214;
E_0000017058a0fce0/53 .event anyedge, v0000017058a7caf0_211, v0000017058a7caf0_212, v0000017058a7caf0_213, v0000017058a7caf0_214;
v0000017058a7caf0_215 .array/port v0000017058a7caf0, 215;
v0000017058a7caf0_216 .array/port v0000017058a7caf0, 216;
v0000017058a7caf0_217 .array/port v0000017058a7caf0, 217;
v0000017058a7caf0_218 .array/port v0000017058a7caf0, 218;
E_0000017058a0fce0/54 .event anyedge, v0000017058a7caf0_215, v0000017058a7caf0_216, v0000017058a7caf0_217, v0000017058a7caf0_218;
v0000017058a7caf0_219 .array/port v0000017058a7caf0, 219;
v0000017058a7caf0_220 .array/port v0000017058a7caf0, 220;
v0000017058a7caf0_221 .array/port v0000017058a7caf0, 221;
v0000017058a7caf0_222 .array/port v0000017058a7caf0, 222;
E_0000017058a0fce0/55 .event anyedge, v0000017058a7caf0_219, v0000017058a7caf0_220, v0000017058a7caf0_221, v0000017058a7caf0_222;
v0000017058a7caf0_223 .array/port v0000017058a7caf0, 223;
v0000017058a7caf0_224 .array/port v0000017058a7caf0, 224;
v0000017058a7caf0_225 .array/port v0000017058a7caf0, 225;
v0000017058a7caf0_226 .array/port v0000017058a7caf0, 226;
E_0000017058a0fce0/56 .event anyedge, v0000017058a7caf0_223, v0000017058a7caf0_224, v0000017058a7caf0_225, v0000017058a7caf0_226;
v0000017058a7caf0_227 .array/port v0000017058a7caf0, 227;
v0000017058a7caf0_228 .array/port v0000017058a7caf0, 228;
v0000017058a7caf0_229 .array/port v0000017058a7caf0, 229;
v0000017058a7caf0_230 .array/port v0000017058a7caf0, 230;
E_0000017058a0fce0/57 .event anyedge, v0000017058a7caf0_227, v0000017058a7caf0_228, v0000017058a7caf0_229, v0000017058a7caf0_230;
v0000017058a7caf0_231 .array/port v0000017058a7caf0, 231;
v0000017058a7caf0_232 .array/port v0000017058a7caf0, 232;
v0000017058a7caf0_233 .array/port v0000017058a7caf0, 233;
v0000017058a7caf0_234 .array/port v0000017058a7caf0, 234;
E_0000017058a0fce0/58 .event anyedge, v0000017058a7caf0_231, v0000017058a7caf0_232, v0000017058a7caf0_233, v0000017058a7caf0_234;
v0000017058a7caf0_235 .array/port v0000017058a7caf0, 235;
v0000017058a7caf0_236 .array/port v0000017058a7caf0, 236;
v0000017058a7caf0_237 .array/port v0000017058a7caf0, 237;
v0000017058a7caf0_238 .array/port v0000017058a7caf0, 238;
E_0000017058a0fce0/59 .event anyedge, v0000017058a7caf0_235, v0000017058a7caf0_236, v0000017058a7caf0_237, v0000017058a7caf0_238;
v0000017058a7caf0_239 .array/port v0000017058a7caf0, 239;
v0000017058a7caf0_240 .array/port v0000017058a7caf0, 240;
v0000017058a7caf0_241 .array/port v0000017058a7caf0, 241;
v0000017058a7caf0_242 .array/port v0000017058a7caf0, 242;
E_0000017058a0fce0/60 .event anyedge, v0000017058a7caf0_239, v0000017058a7caf0_240, v0000017058a7caf0_241, v0000017058a7caf0_242;
v0000017058a7caf0_243 .array/port v0000017058a7caf0, 243;
v0000017058a7caf0_244 .array/port v0000017058a7caf0, 244;
v0000017058a7caf0_245 .array/port v0000017058a7caf0, 245;
v0000017058a7caf0_246 .array/port v0000017058a7caf0, 246;
E_0000017058a0fce0/61 .event anyedge, v0000017058a7caf0_243, v0000017058a7caf0_244, v0000017058a7caf0_245, v0000017058a7caf0_246;
v0000017058a7caf0_247 .array/port v0000017058a7caf0, 247;
v0000017058a7caf0_248 .array/port v0000017058a7caf0, 248;
v0000017058a7caf0_249 .array/port v0000017058a7caf0, 249;
v0000017058a7caf0_250 .array/port v0000017058a7caf0, 250;
E_0000017058a0fce0/62 .event anyedge, v0000017058a7caf0_247, v0000017058a7caf0_248, v0000017058a7caf0_249, v0000017058a7caf0_250;
v0000017058a7caf0_251 .array/port v0000017058a7caf0, 251;
v0000017058a7caf0_252 .array/port v0000017058a7caf0, 252;
v0000017058a7caf0_253 .array/port v0000017058a7caf0, 253;
v0000017058a7caf0_254 .array/port v0000017058a7caf0, 254;
E_0000017058a0fce0/63 .event anyedge, v0000017058a7caf0_251, v0000017058a7caf0_252, v0000017058a7caf0_253, v0000017058a7caf0_254;
v0000017058a7caf0_255 .array/port v0000017058a7caf0, 255;
E_0000017058a0fce0/64 .event anyedge, v0000017058a7caf0_255;
E_0000017058a0fce0 .event/or E_0000017058a0fce0/0, E_0000017058a0fce0/1, E_0000017058a0fce0/2, E_0000017058a0fce0/3, E_0000017058a0fce0/4, E_0000017058a0fce0/5, E_0000017058a0fce0/6, E_0000017058a0fce0/7, E_0000017058a0fce0/8, E_0000017058a0fce0/9, E_0000017058a0fce0/10, E_0000017058a0fce0/11, E_0000017058a0fce0/12, E_0000017058a0fce0/13, E_0000017058a0fce0/14, E_0000017058a0fce0/15, E_0000017058a0fce0/16, E_0000017058a0fce0/17, E_0000017058a0fce0/18, E_0000017058a0fce0/19, E_0000017058a0fce0/20, E_0000017058a0fce0/21, E_0000017058a0fce0/22, E_0000017058a0fce0/23, E_0000017058a0fce0/24, E_0000017058a0fce0/25, E_0000017058a0fce0/26, E_0000017058a0fce0/27, E_0000017058a0fce0/28, E_0000017058a0fce0/29, E_0000017058a0fce0/30, E_0000017058a0fce0/31, E_0000017058a0fce0/32, E_0000017058a0fce0/33, E_0000017058a0fce0/34, E_0000017058a0fce0/35, E_0000017058a0fce0/36, E_0000017058a0fce0/37, E_0000017058a0fce0/38, E_0000017058a0fce0/39, E_0000017058a0fce0/40, E_0000017058a0fce0/41, E_0000017058a0fce0/42, E_0000017058a0fce0/43, E_0000017058a0fce0/44, E_0000017058a0fce0/45, E_0000017058a0fce0/46, E_0000017058a0fce0/47, E_0000017058a0fce0/48, E_0000017058a0fce0/49, E_0000017058a0fce0/50, E_0000017058a0fce0/51, E_0000017058a0fce0/52, E_0000017058a0fce0/53, E_0000017058a0fce0/54, E_0000017058a0fce0/55, E_0000017058a0fce0/56, E_0000017058a0fce0/57, E_0000017058a0fce0/58, E_0000017058a0fce0/59, E_0000017058a0fce0/60, E_0000017058a0fce0/61, E_0000017058a0fce0/62, E_0000017058a0fce0/63, E_0000017058a0fce0/64;
S_00000170589ebcc0 .scope module, "MUX2_ins0" "MUX2" 2 69, 9 1 0, S_00000170589f4950;
 .timescale 0 0;
    .port_info 0 /INPUT 20 "ins";
    .port_info 1 /INPUT 32 "wb_data";
    .port_info 2 /INPUT 1 "src_rf";
    .port_info 3 /OUTPUT 32 "wb_data_rf";
v0000017058a7df90_0 .net *"_ivl_1", 0 0, L_0000017058a838d0;  1 drivers
v0000017058a7c230_0 .net *"_ivl_2", 11 0, L_0000017058a82c50;  1 drivers
v0000017058a7c550_0 .net "a", 31 0, L_0000017058a83e70;  1 drivers
v0000017058a7c5f0_0 .net "ins", 19 0, L_0000017058a83010;  1 drivers
v0000017058a7cb90_0 .net "src_rf", 0 0, v0000017058a7dbd0_0;  alias, 1 drivers
v0000017058a7ce10_0 .net "wb_data", 31 0, L_0000017058a82a70;  alias, 1 drivers
v0000017058a7c690_0 .net "wb_data_rf", 31 0, L_0000017058a84730;  alias, 1 drivers
L_0000017058a838d0 .part L_0000017058a83010, 19, 1;
LS_0000017058a82c50_0_0 .concat [ 1 1 1 1], L_0000017058a838d0, L_0000017058a838d0, L_0000017058a838d0, L_0000017058a838d0;
LS_0000017058a82c50_0_4 .concat [ 1 1 1 1], L_0000017058a838d0, L_0000017058a838d0, L_0000017058a838d0, L_0000017058a838d0;
LS_0000017058a82c50_0_8 .concat [ 1 1 1 1], L_0000017058a838d0, L_0000017058a838d0, L_0000017058a838d0, L_0000017058a838d0;
L_0000017058a82c50 .concat [ 4 4 4 0], LS_0000017058a82c50_0_0, LS_0000017058a82c50_0_4, LS_0000017058a82c50_0_8;
L_0000017058a83e70 .concat [ 20 12 0 0], L_0000017058a83010, L_0000017058a82c50;
L_0000017058a84730 .functor MUXZ 32, L_0000017058a83e70, L_0000017058a82a70, v0000017058a7dbd0_0, C4<>;
S_00000170589ebe50 .scope module, "MUX2v1_inst1" "MUX2v1" 2 97, 10 1 0, S_00000170589f4950;
 .timescale 0 0;
    .port_info 0 /INPUT 32 "a";
    .port_info 1 /INPUT 32 "b";
    .port_info 2 /INPUT 1 "select";
    .port_info 3 /OUTPUT 32 "y";
v0000017058a7c730_0 .net "a", 31 0, L_00000170589fb270;  alias, 1 drivers
v0000017058a7c7d0_0 .net "b", 31 0, v0000017058a7def0_0;  alias, 1 drivers
v0000017058a7d810_0 .net "select", 0 0, v0000017058a7ddb0_0;  alias, 1 drivers
v0000017058a7ceb0_0 .net "y", 31 0, L_0000017058a83150;  alias, 1 drivers
L_0000017058a83150 .functor MUXZ 32, L_00000170589fb270, v0000017058a7def0_0, v0000017058a7ddb0_0, C4<>;
S_00000170589e9500 .scope module, "MUXv1_inst2" "MUX2v1" 2 125, 10 1 0, S_00000170589f4950;
 .timescale 0 0;
    .port_info 0 /INPUT 32 "a";
    .port_info 1 /INPUT 32 "b";
    .port_info 2 /INPUT 1 "select";
    .port_info 3 /OUTPUT 32 "y";
v0000017058a7cd70_0 .net "a", 31 0, v0000017058a7cc30_0;  alias, 1 drivers
v0000017058a7d130_0 .net "b", 31 0, v0000017058a7c190_0;  alias, 1 drivers
v0000017058a7d1d0_0 .net "select", 0 0, v0000017058a7c870_0;  alias, 1 drivers
v0000017058a7d3b0_0 .net "y", 31 0, L_0000017058a82a70;  alias, 1 drivers
L_0000017058a82a70 .functor MUXZ 32, v0000017058a7cc30_0, v0000017058a7c190_0, v0000017058a7c870_0, C4<>;
S_00000170589e9690 .scope module, "PC_inst" "PC" 2 24, 11 1 0, S_00000170589f4950;
 .timescale 0 0;
    .port_info 0 /INPUT 1 "clk";
    .port_info 1 /INPUT 1 "rst_n";
    .port_info 2 /INPUT 1 "en";
    .port_info 3 /INPUT 1 "branch";
    .port_info 4 /INPUT 8 "PC_current";
    .port_info 5 /INPUT 8 "PC_branch";
    .port_info 6 /OUTPUT 8 "PC_next";
P_0000017058a0ffa0 .param/l "a_width" 0 11 2, +C4<00000000000000000000000000001000>;
v0000017058a7d630_0 .net "PC_branch", 7 0, L_0000017058a82ed0;  alias, 1 drivers
v0000017058a7fe50_0 .net "PC_current", 7 0, v0000017058a7eff0_0;  alias, 1 drivers
v0000017058a7eff0_0 .var "PC_next", 7 0;
o0000017058a289c8 .functor BUFZ 1, C4<z>; HiZ drive
v0000017058a7eb90_0 .net "branch", 0 0, o0000017058a289c8;  0 drivers
v0000017058a7f270_0 .net "clk", 0 0, o0000017058a25278;  alias, 0 drivers
v0000017058a7fa90_0 .net "en", 0 0, v0000017058a7da90_0;  alias, 1 drivers
v0000017058a802b0_0 .net "rst_n", 0 0, o0000017058a25308;  alias, 0 drivers
S_00000170589e9820 .scope module, "REGISTERFILE_inst" "REGISTERFILE" 2 77, 12 1 0, S_00000170589f4950;
 .timescale 0 0;
    .port_info 0 /INPUT 1 "clk";
    .port_info 1 /INPUT 1 "rst_n";
    .port_info 2 /INPUT 1 "wen";
    .port_info 3 /INPUT 5 "raddr1";
    .port_info 4 /INPUT 5 "raddr2";
    .port_info 5 /INPUT 5 "waddr";
    .port_info 6 /INPUT 32 "wdata";
    .port_info 7 /OUTPUT 32 "rdata1";
    .port_info 8 /OUTPUT 32 "rdata2";
P_000001705896a1f0 .param/l "a_width" 0 12 3, +C4<00000000000000000000000000000101>;
P_000001705896a228 .param/l "d_width" 0 12 2, +C4<00000000000000000000000000100000>;
L_00000170589fb190 .functor BUFZ 32, L_0000017058a82cf0, C4<00000000000000000000000000000000>, C4<00000000000000000000000000000000>, C4<00000000000000000000000000000000>;
L_00000170589fb270 .functor BUFZ 32, L_0000017058a82930, C4<00000000000000000000000000000000>, C4<00000000000000000000000000000000>, C4<00000000000000000000000000000000>;
v0000017058a7f130_0 .net *"_ivl_0", 31 0, L_0000017058a82cf0;  1 drivers
v0000017058a7ff90_0 .net *"_ivl_10", 6 0, L_0000017058a84410;  1 drivers
L_0000017058a84940 .functor BUFT 1, C4<00>, C4<0>, C4<0>, C4<0>;
v0000017058a7f4f0_0 .net *"_ivl_13", 1 0, L_0000017058a84940;  1 drivers
v0000017058a80530_0 .net *"_ivl_2", 6 0, L_0000017058a845f0;  1 drivers
L_0000017058a848f8 .functor BUFT 1, C4<00>, C4<0>, C4<0>, C4<0>;
v0000017058a7f450_0 .net *"_ivl_5", 1 0, L_0000017058a848f8;  1 drivers
v0000017058a80030_0 .net *"_ivl_8", 31 0, L_0000017058a82930;  1 drivers
v0000017058a7fdb0_0 .net "clk", 0 0, o0000017058a25278;  alias, 0 drivers
v0000017058a7f1d0_0 .var/i "i", 31 0;
v0000017058a7ecd0 .array "mem", 31 0, 31 0;
v0000017058a7f090_0 .net "raddr1", 4 0, L_0000017058a847d0;  1 drivers
v0000017058a800d0_0 .net "raddr2", 4 0, L_0000017058a83510;  1 drivers
v0000017058a7f590_0 .net "rdata1", 31 0, L_00000170589fb190;  alias, 1 drivers
v0000017058a7fd10_0 .net "rdata2", 31 0, L_00000170589fb270;  alias, 1 drivers
v0000017058a7fef0_0 .net "rst_n", 0 0, o0000017058a25308;  alias, 0 drivers
v0000017058a7f310_0 .net "waddr", 4 0, L_0000017058a829d0;  1 drivers
v0000017058a7e910_0 .net "wdata", 31 0, L_0000017058a84730;  alias, 1 drivers
v0000017058a80170_0 .net "wen", 0 0, v0000017058a7c410_0;  alias, 1 drivers
L_0000017058a82cf0 .array/port v0000017058a7ecd0, L_0000017058a845f0;
L_0000017058a845f0 .concat [ 5 2 0 0], L_0000017058a847d0, L_0000017058a848f8;
L_0000017058a82930 .array/port v0000017058a7ecd0, L_0000017058a84410;
L_0000017058a84410 .concat [ 5 2 0 0], L_0000017058a83510, L_0000017058a84940;
    .scope S_00000170589e9690;
T_0 ;
    %wait E_0000017058a0f420;
    %load/vec4 v0000017058a802b0_0;
    %nor/r;
    %flag_set/vec4 8;
    %jmp/0xz  T_0.0, 8;
    %pushi/vec4 0, 0, 8;
    %assign/vec4 v0000017058a7eff0_0, 0;
    %jmp T_0.1;
T_0.0 ;
    %load/vec4 v0000017058a7eb90_0;
    %flag_set/vec4 8;
    %jmp/0xz  T_0.2, 8;
    %load/vec4 v0000017058a7d630_0;
    %assign/vec4 v0000017058a7eff0_0, 0;
    %jmp T_0.3;
T_0.2 ;
    %load/vec4 v0000017058a7fe50_0;
    %addi 4, 0, 8;
    %assign/vec4 v0000017058a7eff0_0, 0;
T_0.3 ;
T_0.1 ;
    %jmp T_0;
    .thread T_0;
    .scope S_00000170589ebb30;
T_1 ;
    %vpi_call 8 13 "$readmemb", "code.txt", v0000017058a7caf0 {0 0 0};
    %end;
    .thread T_1;
    .scope S_00000170589ebb30;
T_2 ;
    %wait E_0000017058a0fce0;
    %load/vec4 v0000017058a7d270_0;
    %pad/u 10;
    %ix/vec4 4;
    %load/vec4a v0000017058a7caf0, 4;
    %store/vec4 v0000017058a7c2d0_0, 0, 32;
    %jmp T_2;
    .thread T_2, $push;
    .scope S_00000170589ec4b0;
T_3 ;
    %wait E_0000017058a0f1e0;
    %pushi/vec4 0, 0, 1;
    %store/vec4 v0000017058a7da90_0, 0, 1;
    %pushi/vec4 0, 0, 1;
    %store/vec4 v0000017058a7cff0_0, 0, 1;
    %pushi/vec4 0, 0, 1;
    %store/vec4 v0000017058a7dbd0_0, 0, 1;
    %pushi/vec4 0, 0, 1;
    %store/vec4 v0000017058a7c410_0, 0, 1;
    %pushi/vec4 0, 0, 2;
    %store/vec4 v0000017058a7d310_0, 0, 2;
    %pushi/vec4 0, 0, 1;
    %store/vec4 v0000017058a7ddb0_0, 0, 1;
    %pushi/vec4 0, 0, 4;
    %store/vec4 v0000017058a7d090_0, 0, 4;
    %pushi/vec4 0, 0, 1;
    %store/vec4 v0000017058a7d8b0_0, 0, 1;
    %pushi/vec4 0, 0, 1;
    %store/vec4 v0000017058a7c370_0, 0, 1;
    %pushi/vec4 0, 0, 3;
    %store/vec4 v0000017058a7d770_0, 0, 3;
    %pushi/vec4 0, 0, 1;
    %store/vec4 v0000017058a7c870_0, 0, 1;
    %load/vec4 v0000017058a7db30_0;
    %dup/vec4;
    %pushi/vec4 55, 0, 7;
    %cmp/u;
    %jmp/1 T_3.0, 6;
    %dup/vec4;
    %pushi/vec4 99, 0, 7;
    %cmp/u;
    %jmp/1 T_3.1, 6;
    %dup/vec4;
    %pushi/vec4 3, 0, 7;
    %cmp/u;
    %jmp/1 T_3.2, 6;
    %dup/vec4;
    %pushi/vec4 35, 0, 7;
    %cmp/u;
    %jmp/1 T_3.3, 6;
    %dup/vec4;
    %pushi/vec4 19, 0, 7;
    %cmp/u;
    %jmp/1 T_3.4, 6;
    %dup/vec4;
    %pushi/vec4 51, 0, 7;
    %cmp/u;
    %jmp/1 T_3.5, 6;
    %pushi/vec4 0, 0, 1;
    %store/vec4 v0000017058a7da90_0, 0, 1;
    %pushi/vec4 0, 0, 1;
    %store/vec4 v0000017058a7cff0_0, 0, 1;
    %pushi/vec4 0, 0, 1;
    %store/vec4 v0000017058a7dbd0_0, 0, 1;
    %pushi/vec4 0, 0, 1;
    %store/vec4 v0000017058a7c410_0, 0, 1;
    %pushi/vec4 0, 0, 2;
    %store/vec4 v0000017058a7d310_0, 0, 2;
    %pushi/vec4 0, 0, 1;
    %store/vec4 v0000017058a7ddb0_0, 0, 1;
    %pushi/vec4 0, 0, 4;
    %store/vec4 v0000017058a7d090_0, 0, 4;
    %pushi/vec4 0, 0, 1;
    %store/vec4 v0000017058a7d8b0_0, 0, 1;
    %pushi/vec4 0, 0, 1;
    %store/vec4 v0000017058a7c370_0, 0, 1;
    %pushi/vec4 0, 0, 3;
    %store/vec4 v0000017058a7d770_0, 0, 3;
    %pushi/vec4 0, 0, 1;
    %store/vec4 v0000017058a7c870_0, 0, 1;
    %jmp T_3.7;
T_3.0 ;
    %pushi/vec4 0, 0, 1;
    %store/vec4 v0000017058a7dbd0_0, 0, 1;
    %pushi/vec4 1, 0, 1;
    %store/vec4 v0000017058a7da90_0, 0, 1;
    %jmp T_3.7;
T_3.1 ;
    %pushi/vec4 2, 0, 2;
    %store/vec4 v0000017058a7d310_0, 0, 2;
    %load/vec4 v0000017058a7dd10_0;
    %dup/vec4;
    %pushi/vec4 0, 0, 3;
    %cmp/u;
    %jmp/1 T_3.8, 6;
    %dup/vec4;
    %pushi/vec4 1, 0, 3;
    %cmp/u;
    %jmp/1 T_3.9, 6;
    %pushi/vec4 0, 0, 1;
    %store/vec4 v0000017058a7da90_0, 0, 1;
    %pushi/vec4 0, 0, 1;
    %store/vec4 v0000017058a7cff0_0, 0, 1;
    %jmp T_3.11;
T_3.8 ;
    %load/vec4 v0000017058a7c4b0_0;
    %flag_set/vec4 8;
    %jmp/0xz  T_3.12, 8;
    %pushi/vec4 1, 0, 1;
    %store/vec4 v0000017058a7da90_0, 0, 1;
    %pushi/vec4 1, 0, 1;
    %store/vec4 v0000017058a7cff0_0, 0, 1;
    %jmp T_3.13;
T_3.12 ;
    %pushi/vec4 0, 0, 1;
    %store/vec4 v0000017058a7da90_0, 0, 1;
    %pushi/vec4 0, 0, 1;
    %store/vec4 v0000017058a7cff0_0, 0, 1;
T_3.13 ;
    %jmp T_3.11;
T_3.9 ;
    %load/vec4 v0000017058a7c4b0_0;
    %flag_set/vec4 8;
    %jmp/0xz  T_3.14, 8;
    %pushi/vec4 1, 0, 1;
    %store/vec4 v0000017058a7da90_0, 0, 1;
    %pushi/vec4 0, 0, 1;
    %store/vec4 v0000017058a7cff0_0, 0, 1;
    %jmp T_3.15;
T_3.14 ;
    %pushi/vec4 1, 0, 1;
    %store/vec4 v0000017058a7da90_0, 0, 1;
    %pushi/vec4 1, 0, 1;
    %store/vec4 v0000017058a7cff0_0, 0, 1;
T_3.15 ;
    %jmp T_3.11;
T_3.11 ;
    %pop/vec4 1;
    %jmp T_3.7;
T_3.2 ;
    %pushi/vec4 1, 0, 1;
    %store/vec4 v0000017058a7da90_0, 0, 1;
    %pushi/vec4 1, 0, 1;
    %store/vec4 v0000017058a7dbd0_0, 0, 1;
    %pushi/vec4 1, 0, 1;
    %store/vec4 v0000017058a7c410_0, 0, 1;
    %pushi/vec4 0, 0, 2;
    %store/vec4 v0000017058a7d310_0, 0, 2;
    %pushi/vec4 1, 0, 1;
    %store/vec4 v0000017058a7ddb0_0, 0, 1;
    %pushi/vec4 0, 0, 4;
    %store/vec4 v0000017058a7d090_0, 0, 4;
    %pushi/vec4 1, 0, 1;
    %store/vec4 v0000017058a7d8b0_0, 0, 1;
    %pushi/vec4 0, 0, 1;
    %store/vec4 v0000017058a7c370_0, 0, 1;
    %load/vec4 v0000017058a7dd10_0;
    %store/vec4 v0000017058a7d770_0, 0, 3;
    %pushi/vec4 1, 0, 1;
    %store/vec4 v0000017058a7c870_0, 0, 1;
    %jmp T_3.7;
T_3.3 ;
    %pushi/vec4 1, 0, 1;
    %store/vec4 v0000017058a7da90_0, 0, 1;
    %pushi/vec4 1, 0, 1;
    %store/vec4 v0000017058a7dbd0_0, 0, 1;
    %pushi/vec4 1, 0, 2;
    %store/vec4 v0000017058a7d310_0, 0, 2;
    %pushi/vec4 1, 0, 1;
    %store/vec4 v0000017058a7ddb0_0, 0, 1;
    %pushi/vec4 0, 0, 4;
    %store/vec4 v0000017058a7d090_0, 0, 4;
    %pushi/vec4 1, 0, 1;
    %store/vec4 v0000017058a7d8b0_0, 0, 1;
    %pushi/vec4 1, 0, 1;
    %store/vec4 v0000017058a7c370_0, 0, 1;
    %load/vec4 v0000017058a7dd10_0;
    %store/vec4 v0000017058a7d770_0, 0, 3;
    %jmp T_3.7;
T_3.4 ;
    %pushi/vec4 1, 0, 1;
    %store/vec4 v0000017058a7da90_0, 0, 1;
    %pushi/vec4 1, 0, 1;
    %store/vec4 v0000017058a7dbd0_0, 0, 1;
    %pushi/vec4 1, 0, 1;
    %store/vec4 v0000017058a7c410_0, 0, 1;
    %pushi/vec4 1, 0, 1;
    %store/vec4 v0000017058a7ddb0_0, 0, 1;
    %pushi/vec4 0, 0, 1;
    %store/vec4 v0000017058a7c870_0, 0, 1;
    %load/vec4 v0000017058a7dd10_0;
    %dup/vec4;
    %pushi/vec4 0, 0, 3;
    %cmp/u;
    %jmp/1 T_3.16, 6;
    %dup/vec4;
    %pushi/vec4 2, 0, 3;
    %cmp/u;
    %jmp/1 T_3.17, 6;
    %dup/vec4;
    %pushi/vec4 3, 0, 3;
    %cmp/u;
    %jmp/1 T_3.18, 6;
    %dup/vec4;
    %pushi/vec4 4, 0, 3;
    %cmp/u;
    %jmp/1 T_3.19, 6;
    %dup/vec4;
    %pushi/vec4 6, 0, 3;
    %cmp/u;
    %jmp/1 T_3.20, 6;
    %dup/vec4;
    %pushi/vec4 7, 0, 3;
    %cmp/u;
    %jmp/1 T_3.21, 6;
    %dup/vec4;
    %pushi/vec4 1, 0, 3;
    %cmp/u;
    %jmp/1 T_3.22, 6;
    %dup/vec4;
    %pushi/vec4 5, 0, 3;
    %cmp/u;
    %jmp/1 T_3.23, 6;
    %pushi/vec4 0, 0, 1;
    %store/vec4 v0000017058a7da90_0, 0, 1;
    %pushi/vec4 0, 0, 1;
    %store/vec4 v0000017058a7dbd0_0, 0, 1;
    %pushi/vec4 0, 0, 1;
    %store/vec4 v0000017058a7ddb0_0, 0, 1;
    %pushi/vec4 0, 0, 1;
    %store/vec4 v0000017058a7c870_0, 0, 1;
    %pushi/vec4 0, 0, 4;
    %store/vec4 v0000017058a7d090_0, 0, 4;
    %pushi/vec4 0, 0, 2;
    %store/vec4 v0000017058a7d310_0, 0, 2;
    %jmp T_3.25;
T_3.16 ;
    %pushi/vec4 0, 0, 4;
    %store/vec4 v0000017058a7d090_0, 0, 4;
    %pushi/vec4 0, 0, 2;
    %store/vec4 v0000017058a7d310_0, 0, 2;
    %jmp T_3.25;
T_3.17 ;
    %pushi/vec4 3, 0, 4;
    %store/vec4 v0000017058a7d090_0, 0, 4;
    %pushi/vec4 0, 0, 2;
    %store/vec4 v0000017058a7d310_0, 0, 2;
    %jmp T_3.25;
T_3.18 ;
    %pushi/vec4 4, 0, 4;
    %store/vec4 v0000017058a7d090_0, 0, 4;
    %pushi/vec4 0, 0, 2;
    %store/vec4 v0000017058a7d310_0, 0, 2;
    %jmp T_3.25;
T_3.19 ;
    %pushi/vec4 5, 0, 4;
    %store/vec4 v0000017058a7d090_0, 0, 4;
    %pushi/vec4 0, 0, 2;
    %store/vec4 v0000017058a7d310_0, 0, 2;
    %jmp T_3.25;
T_3.20 ;
    %pushi/vec4 8, 0, 4;
    %store/vec4 v0000017058a7d090_0, 0, 4;
    %pushi/vec4 0, 0, 2;
    %store/vec4 v0000017058a7d310_0, 0, 2;
    %jmp T_3.25;
T_3.21 ;
    %pushi/vec4 9, 0, 4;
    %store/vec4 v0000017058a7d090_0, 0, 4;
    %pushi/vec4 0, 0, 2;
    %store/vec4 v0000017058a7d310_0, 0, 2;
    %jmp T_3.25;
T_3.22 ;
    %pushi/vec4 2, 0, 4;
    %store/vec4 v0000017058a7d090_0, 0, 4;
    %pushi/vec4 3, 0, 2;
    %store/vec4 v0000017058a7d310_0, 0, 2;
    %jmp T_3.25;
T_3.23 ;
    %pushi/vec4 3, 0, 2;
    %store/vec4 v0000017058a7d310_0, 0, 2;
    %load/vec4 v0000017058a7c910_0;
    %cmpi/e 0, 0, 7;
    %jmp/0xz  T_3.26, 4;
    %pushi/vec4 6, 0, 4;
    %store/vec4 v0000017058a7d090_0, 0, 4;
    %jmp T_3.27;
T_3.26 ;
    %pushi/vec4 7, 0, 4;
    %store/vec4 v0000017058a7d090_0, 0, 4;
T_3.27 ;
    %jmp T_3.25;
T_3.25 ;
    %pop/vec4 1;
    %jmp T_3.7;
T_3.5 ;
    %pushi/vec4 1, 0, 1;
    %store/vec4 v0000017058a7da90_0, 0, 1;
    %pushi/vec4 1, 0, 1;
    %store/vec4 v0000017058a7dbd0_0, 0, 1;
    %pushi/vec4 0, 0, 1;
    %store/vec4 v0000017058a7ddb0_0, 0, 1;
    %pushi/vec4 0, 0, 1;
    %store/vec4 v0000017058a7c870_0, 0, 1;
    %load/vec4 v0000017058a7dd10_0;
    %dup/vec4;
    %pushi/vec4 0, 0, 3;
    %cmp/u;
    %jmp/1 T_3.28, 6;
    %dup/vec4;
    %pushi/vec4 1, 0, 3;
    %cmp/u;
    %jmp/1 T_3.29, 6;
    %dup/vec4;
    %pushi/vec4 2, 0, 3;
    %cmp/u;
    %jmp/1 T_3.30, 6;
    %dup/vec4;
    %pushi/vec4 3, 0, 3;
    %cmp/u;
    %jmp/1 T_3.31, 6;
    %dup/vec4;
    %pushi/vec4 4, 0, 3;
    %cmp/u;
    %jmp/1 T_3.32, 6;
    %dup/vec4;
    %pushi/vec4 5, 0, 3;
    %cmp/u;
    %jmp/1 T_3.33, 6;
    %dup/vec4;
    %pushi/vec4 6, 0, 3;
    %cmp/u;
    %jmp/1 T_3.34, 6;
    %dup/vec4;
    %pushi/vec4 7, 0, 3;
    %cmp/u;
    %jmp/1 T_3.35, 6;
    %pushi/vec4 0, 0, 1;
    %store/vec4 v0000017058a7da90_0, 0, 1;
    %pushi/vec4 0, 0, 1;
    %store/vec4 v0000017058a7dbd0_0, 0, 1;
    %pushi/vec4 0, 0, 1;
    %store/vec4 v0000017058a7ddb0_0, 0, 1;
    %pushi/vec4 0, 0, 1;
    %store/vec4 v0000017058a7c870_0, 0, 1;
    %pushi/vec4 0, 0, 4;
    %store/vec4 v0000017058a7d090_0, 0, 4;
    %jmp T_3.37;
T_3.28 ;
    %load/vec4 v0000017058a7c910_0;
    %cmpi/e 0, 0, 7;
    %jmp/0xz  T_3.38, 4;
    %pushi/vec4 0, 0, 4;
    %store/vec4 v0000017058a7d090_0, 0, 4;
    %jmp T_3.39;
T_3.38 ;
    %pushi/vec4 1, 0, 4;
    %store/vec4 v0000017058a7d090_0, 0, 4;
T_3.39 ;
    %jmp T_3.37;
T_3.29 ;
    %pushi/vec4 2, 0, 4;
    %store/vec4 v0000017058a7d090_0, 0, 4;
    %jmp T_3.37;
T_3.30 ;
    %pushi/vec4 3, 0, 4;
    %store/vec4 v0000017058a7d090_0, 0, 4;
    %jmp T_3.37;
T_3.31 ;
    %pushi/vec4 4, 0, 4;
    %store/vec4 v0000017058a7d090_0, 0, 4;
    %jmp T_3.37;
T_3.32 ;
    %pushi/vec4 5, 0, 4;
    %store/vec4 v0000017058a7d090_0, 0, 4;
    %jmp T_3.37;
T_3.33 ;
    %load/vec4 v0000017058a7c910_0;
    %cmpi/e 0, 0, 7;
    %jmp/0xz  T_3.40, 4;
    %pushi/vec4 6, 0, 4;
    %store/vec4 v0000017058a7d090_0, 0, 4;
    %jmp T_3.41;
T_3.40 ;
    %pushi/vec4 7, 0, 4;
    %store/vec4 v0000017058a7d090_0, 0, 4;
T_3.41 ;
    %jmp T_3.37;
T_3.34 ;
    %pushi/vec4 8, 0, 4;
    %store/vec4 v0000017058a7d090_0, 0, 4;
    %jmp T_3.37;
T_3.35 ;
    %pushi/vec4 9, 0, 4;
    %store/vec4 v0000017058a7d090_0, 0, 4;
    %jmp T_3.37;
T_3.37 ;
    %pop/vec4 1;
    %jmp T_3.7;
T_3.7 ;
    %pop/vec4 1;
    %jmp T_3;
    .thread T_3, $push;
    .scope S_00000170589e9820;
T_4 ;
    %wait E_0000017058a0f420;
    %load/vec4 v0000017058a7fef0_0;
    %nor/r;
    %flag_set/vec4 8;
    %jmp/0xz  T_4.0, 8;
    %pushi/vec4 0, 0, 32;
    %store/vec4 v0000017058a7f1d0_0, 0, 32;
T_4.2 ;
    %load/vec4 v0000017058a7f1d0_0;
    %cmpi/s 32, 0, 32;
    %jmp/0xz T_4.3, 5;
    %pushi/vec4 0, 0, 32;
    %ix/getv/s 3, v0000017058a7f1d0_0;
    %ix/load 4, 0, 0; Constant delay
    %assign/vec4/a/d v0000017058a7ecd0, 0, 4;
    %load/vec4 v0000017058a7f1d0_0;
    %addi 1, 0, 32;
    %store/vec4 v0000017058a7f1d0_0, 0, 32;
    %jmp T_4.2;
T_4.3 ;
    %jmp T_4.1;
T_4.0 ;
    %load/vec4 v0000017058a80170_0;
    %flag_set/vec4 8;
    %jmp/0xz  T_4.4, 8;
    %load/vec4 v0000017058a7e910_0;
    %load/vec4 v0000017058a7f310_0;
    %pad/u 7;
    %ix/vec4 3;
    %ix/load 4, 0, 0; Constant delay
    %assign/vec4/a/d v0000017058a7ecd0, 0, 4;
T_4.4 ;
T_4.1 ;
    %jmp T_4;
    .thread T_4;
    .scope S_00000170589ec7d0;
T_5 ;
    %wait E_0000017058a10a20;
    %load/vec4 v0000017058a7d4f0_0;
    %dup/vec4;
    %pushi/vec4 0, 0, 2;
    %cmp/u;
    %jmp/1 T_5.0, 6;
    %dup/vec4;
    %pushi/vec4 1, 0, 2;
    %cmp/u;
    %jmp/1 T_5.1, 6;
    %dup/vec4;
    %pushi/vec4 2, 0, 2;
    %cmp/u;
    %jmp/1 T_5.2, 6;
    %dup/vec4;
    %pushi/vec4 3, 0, 2;
    %cmp/u;
    %jmp/1 T_5.3, 6;
    %pushi/vec4 0, 0, 32;
    %store/vec4 v0000017058a7def0_0, 0, 32;
    %jmp T_5.5;
T_5.0 ;
    %load/vec4 v0000017058a7c0f0_0;
    %parti/s 1, 24, 6;
    %replicate 20;
    %load/vec4 v0000017058a7c0f0_0;
    %parti/s 12, 13, 5;
    %concat/vec4; draw_concat_vec4
    %store/vec4 v0000017058a7def0_0, 0, 32;
    %jmp T_5.5;
T_5.1 ;
    %load/vec4 v0000017058a7c0f0_0;
    %parti/s 1, 24, 6;
    %replicate 20;
    %load/vec4 v0000017058a7c0f0_0;
    %parti/s 7, 18, 6;
    %concat/vec4; draw_concat_vec4
    %load/vec4 v0000017058a7c0f0_0;
    %parti/s 5, 0, 2;
    %concat/vec4; draw_concat_vec4
    %store/vec4 v0000017058a7def0_0, 0, 32;
    %jmp T_5.5;
T_5.2 ;
    %load/vec4 v0000017058a7c0f0_0;
    %parti/s 1, 24, 6;
    %replicate 20;
    %load/vec4 v0000017058a7c0f0_0;
    %parti/s 1, 0, 2;
    %concat/vec4; draw_concat_vec4
    %load/vec4 v0000017058a7c0f0_0;
    %parti/s 6, 18, 6;
    %concat/vec4; draw_concat_vec4
    %load/vec4 v0000017058a7c0f0_0;
    %parti/s 4, 1, 2;
    %concat/vec4; draw_concat_vec4
    %concati/vec4 0, 0, 1;
    %store/vec4 v0000017058a7def0_0, 0, 32;
    %jmp T_5.5;
T_5.3 ;
    %pushi/vec4 0, 0, 27;
    %load/vec4 v0000017058a7c0f0_0;
    %parti/s 5, 13, 5;
    %concat/vec4; draw_concat_vec4
    %store/vec4 v0000017058a7def0_0, 0, 32;
    %jmp T_5.5;
T_5.5 ;
    %pop/vec4 1;
    %jmp T_5;
    .thread T_5, $push;
    .scope S_00000170589f4c70;
T_6 ;
    %wait E_0000017058a0ed20;
    %load/vec4 v0000017058a7d6d0_0;
    %dup/vec4;
    %pushi/vec4 0, 0, 4;
    %cmp/u;
    %jmp/1 T_6.0, 6;
    %dup/vec4;
    %pushi/vec4 1, 0, 4;
    %cmp/u;
    %jmp/1 T_6.1, 6;
    %dup/vec4;
    %pushi/vec4 2, 0, 4;
    %cmp/u;
    %jmp/1 T_6.2, 6;
    %dup/vec4;
    %pushi/vec4 3, 0, 4;
    %cmp/u;
    %jmp/1 T_6.3, 6;
    %dup/vec4;
    %pushi/vec4 4, 0, 4;
    %cmp/u;
    %jmp/1 T_6.4, 6;
    %dup/vec4;
    %pushi/vec4 5, 0, 4;
    %cmp/u;
    %jmp/1 T_6.5, 6;
    %dup/vec4;
    %pushi/vec4 6, 0, 4;
    %cmp/u;
    %jmp/1 T_6.6, 6;
    %dup/vec4;
    %pushi/vec4 7, 0, 4;
    %cmp/u;
    %jmp/1 T_6.7, 6;
    %dup/vec4;
    %pushi/vec4 8, 0, 4;
    %cmp/u;
    %jmp/1 T_6.8, 6;
    %dup/vec4;
    %pushi/vec4 9, 0, 4;
    %cmp/u;
    %jmp/1 T_6.9, 6;
    %pushi/vec4 0, 0, 32;
    %store/vec4 v0000017058a7cc30_0, 0, 32;
    %jmp T_6.11;
T_6.0 ;
    %load/vec4 v0000017058a17f60_0;
    %load/vec4 v0000017058a17100_0;
    %add;
    %store/vec4 v0000017058a7cc30_0, 0, 32;
    %jmp T_6.11;
T_6.1 ;
    %load/vec4 v0000017058a17f60_0;
    %load/vec4 v0000017058a17100_0;
    %sub;
    %store/vec4 v0000017058a7cc30_0, 0, 32;
    %jmp T_6.11;
T_6.2 ;
    %load/vec4 v0000017058a17f60_0;
    %ix/getv 4, v0000017058a17100_0;
    %shiftl 4;
    %store/vec4 v0000017058a7cc30_0, 0, 32;
    %jmp T_6.11;
T_6.3 ;
    %load/vec4 v0000017058a17f60_0;
    %parti/s 1, 31, 6;
    %load/vec4 v0000017058a17100_0;
    %parti/s 1, 31, 6;
    %cmp/ne;
    %jmp/0xz  T_6.12, 4;
    %load/vec4 v0000017058a17f60_0;
    %parti/s 1, 31, 6;
    %flag_set/vec4 8;
    %jmp/0xz  T_6.14, 8;
    %pushi/vec4 1, 0, 32;
    %store/vec4 v0000017058a7cc30_0, 0, 32;
    %jmp T_6.15;
T_6.14 ;
    %pushi/vec4 0, 0, 32;
    %store/vec4 v0000017058a7cc30_0, 0, 32;
T_6.15 ;
    %jmp T_6.13;
T_6.12 ;
    %load/vec4 v0000017058a17f60_0;
    %load/vec4 v0000017058a17100_0;
    %cmp/u;
    %flag_mov 8, 5;
    %jmp/0 T_6.16, 8;
    %pushi/vec4 1, 0, 32;
    %jmp/1 T_6.17, 8;
T_6.16 ; End of true expr.
    %pushi/vec4 0, 0, 32;
    %jmp/0 T_6.17, 8;
 ; End of false expr.
    %blend;
T_6.17;
    %store/vec4 v0000017058a7cc30_0, 0, 32;
T_6.13 ;
    %jmp T_6.11;
T_6.4 ;
    %load/vec4 v0000017058a17f60_0;
    %load/vec4 v0000017058a17100_0;
    %cmp/u;
    %flag_mov 8, 5;
    %jmp/0 T_6.18, 8;
    %pushi/vec4 1, 0, 32;
    %jmp/1 T_6.19, 8;
T_6.18 ; End of true expr.
    %pushi/vec4 0, 0, 32;
    %jmp/0 T_6.19, 8;
 ; End of false expr.
    %blend;
T_6.19;
    %store/vec4 v0000017058a7cc30_0, 0, 32;
    %jmp T_6.11;
T_6.5 ;
    %load/vec4 v0000017058a17f60_0;
    %load/vec4 v0000017058a17100_0;
    %xor;
    %store/vec4 v0000017058a7cc30_0, 0, 32;
    %jmp T_6.11;
T_6.6 ;
    %load/vec4 v0000017058a17f60_0;
    %ix/getv 4, v0000017058a17100_0;
    %shiftr 4;
    %store/vec4 v0000017058a7cc30_0, 0, 32;
    %jmp T_6.11;
T_6.7 ;
    %load/vec4 v0000017058a17f60_0;
    %ix/getv 4, v0000017058a17100_0;
    %shiftr 4;
    %store/vec4 v0000017058a7cc30_0, 0, 32;
    %jmp T_6.11;
T_6.8 ;
    %load/vec4 v0000017058a17f60_0;
    %load/vec4 v0000017058a17100_0;
    %or;
    %store/vec4 v0000017058a7cc30_0, 0, 32;
    %jmp T_6.11;
T_6.9 ;
    %load/vec4 v0000017058a17f60_0;
    %load/vec4 v0000017058a17100_0;
    %and;
    %store/vec4 v0000017058a7cc30_0, 0, 32;
    %jmp T_6.11;
T_6.11 ;
    %pop/vec4 1;
    %load/vec4 v0000017058a7cc30_0;
    %cmpi/e 0, 0, 32;
    %flag_mov 8, 4;
    %jmp/0 T_6.20, 8;
    %pushi/vec4 1, 0, 2;
    %jmp/1 T_6.21, 8;
T_6.20 ; End of true expr.
    %pushi/vec4 0, 0, 2;
    %jmp/0 T_6.21, 8;
 ; End of false expr.
    %blend;
T_6.21;
    %pad/s 1;
    %store/vec4 v0000017058a7cf50_0, 0, 1;
    %jmp T_6;
    .thread T_6, $push;
    .scope S_00000170589ec640;
T_7 ;
    %wait E_0000017058a0f420;
    %load/vec4 v0000017058a7ca50_0;
    %inv;
    %flag_set/vec4 8;
    %jmp/0xz  T_7.0, 8;
    %pushi/vec4 0, 0, 32;
    %store/vec4 v0000017058a7d9f0_0, 0, 32;
T_7.2 ;
    %load/vec4 v0000017058a7d9f0_0;
    %cmpi/s 256, 0, 32;
    %jmp/0xz T_7.3, 5;
    %pushi/vec4 0, 0, 32;
    %ix/getv/s 3, v0000017058a7d9f0_0;
    %ix/load 4, 0, 0; Constant delay
    %assign/vec4/a/d v0000017058a7ccd0, 0, 4;
    %load/vec4 v0000017058a7d9f0_0;
    %addi 1, 0, 32;
    %store/vec4 v0000017058a7d9f0_0, 0, 32;
    %jmp T_7.2;
T_7.3 ;
    %jmp T_7.1;
T_7.0 ;
    %load/vec4 v0000017058a7d590_0;
    %flag_set/vec4 8;
    %jmp/0xz  T_7.4, 8;
    %load/vec4 v0000017058a7de50_0;
    %flag_set/vec4 8;
    %jmp/0xz  T_7.6, 8;
    %load/vec4 v0000017058a7c9b0_0;
    %dup/vec4;
    %pushi/vec4 0, 0, 3;
    %cmp/u;
    %jmp/1 T_7.8, 6;
    %dup/vec4;
    %pushi/vec4 1, 0, 3;
    %cmp/u;
    %jmp/1 T_7.9, 6;
    %dup/vec4;
    %pushi/vec4 2, 0, 3;
    %cmp/u;
    %jmp/1 T_7.10, 6;
    %jmp T_7.11;
T_7.8 ;
    %load/vec4 v0000017058a7d450_0;
    %parti/s 1, 7, 4;
    %replicate 24;
    %load/vec4 v0000017058a7d450_0;
    %concat/vec4; draw_concat_vec4
    %pad/u 32;
    %load/vec4 v0000017058a7dc70_0;
    %pad/u 10;
    %ix/vec4 3;
    %ix/load 4, 0, 0; Constant delay
    %assign/vec4/a/d v0000017058a7ccd0, 0, 4;
    %jmp T_7.11;
T_7.9 ;
    %load/vec4 v0000017058a7d450_0;
    %parti/s 1, 15, 5;
    %replicate 16;
    %load/vec4 v0000017058a7d450_0;
    %concat/vec4; draw_concat_vec4
    %pad/u 32;
    %load/vec4 v0000017058a7dc70_0;
    %pad/u 10;
    %ix/vec4 3;
    %ix/load 4, 0, 0; Constant delay
    %assign/vec4/a/d v0000017058a7ccd0, 0, 4;
    %jmp T_7.11;
T_7.10 ;
    %load/vec4 v0000017058a7d450_0;
    %load/vec4 v0000017058a7dc70_0;
    %pad/u 10;
    %ix/vec4 3;
    %ix/load 4, 0, 0; Constant delay
    %assign/vec4/a/d v0000017058a7ccd0, 0, 4;
    %jmp T_7.11;
T_7.11 ;
    %pop/vec4 1;
    %jmp T_7.7;
T_7.6 ;
    %load/vec4 v0000017058a7c9b0_0;
    %dup/vec4;
    %pushi/vec4 0, 0, 3;
    %cmp/u;
    %jmp/1 T_7.12, 6;
    %dup/vec4;
    %pushi/vec4 1, 0, 3;
    %cmp/u;
    %jmp/1 T_7.13, 6;
    %dup/vec4;
    %pushi/vec4 2, 0, 3;
    %cmp/u;
    %jmp/1 T_7.14, 6;
    %dup/vec4;
    %pushi/vec4 4, 0, 3;
    %cmp/u;
    %jmp/1 T_7.15, 6;
    %dup/vec4;
    %pushi/vec4 5, 0, 3;
    %cmp/u;
    %jmp/1 T_7.16, 6;
    %jmp T_7.17;
T_7.12 ;
    %load/vec4 v0000017058a7dc70_0;
    %pad/u 10;
    %ix/vec4 4;
    %load/vec4a v0000017058a7ccd0, 4;
    %parti/s 1, 7, 4;
    %replicate 24;
    %load/vec4 v0000017058a7dc70_0;
    %pad/u 10;
    %ix/vec4 4;
    %load/vec4a v0000017058a7ccd0, 4;
    %parti/s 8, 0, 2;
    %concat/vec4; draw_concat_vec4
    %assign/vec4 v0000017058a7c190_0, 0;
    %jmp T_7.17;
T_7.13 ;
    %load/vec4 v0000017058a7dc70_0;
    %pad/u 10;
    %ix/vec4 4;
    %load/vec4a v0000017058a7ccd0, 4;
    %parti/s 1, 15, 5;
    %replicate 16;
    %load/vec4 v0000017058a7dc70_0;
    %pad/u 10;
    %ix/vec4 4;
    %load/vec4a v0000017058a7ccd0, 4;
    %parti/s 16, 0, 2;
    %concat/vec4; draw_concat_vec4
    %assign/vec4 v0000017058a7c190_0, 0;
    %jmp T_7.17;
T_7.14 ;
    %load/vec4 v0000017058a7dc70_0;
    %pad/u 10;
    %ix/vec4 4;
    %load/vec4a v0000017058a7ccd0, 4;
    %assign/vec4 v0000017058a7c190_0, 0;
    %jmp T_7.17;
T_7.15 ;
    %pushi/vec4 0, 0, 24;
    %load/vec4 v0000017058a7dc70_0;
    %pad/u 10;
    %ix/vec4 4;
    %load/vec4a v0000017058a7ccd0, 4;
    %parti/s 8, 0, 2;
    %concat/vec4; draw_concat_vec4
    %assign/vec4 v0000017058a7c190_0, 0;
    %jmp T_7.17;
T_7.16 ;
    %pushi/vec4 0, 0, 16;
    %load/vec4 v0000017058a7dc70_0;
    %pad/u 10;
    %ix/vec4 4;
    %load/vec4a v0000017058a7ccd0, 4;
    %parti/s 16, 0, 2;
    %concat/vec4; draw_concat_vec4
    %assign/vec4 v0000017058a7c190_0, 0;
    %jmp T_7.17;
T_7.17 ;
    %pop/vec4 1;
T_7.7 ;
T_7.4 ;
T_7.1 ;
    %jmp T_7;
    .thread T_7;
# The file index is used to find the file name in the following table.
:file_names 13;
    "N/A";
    "<interactive>";
    "RV32I.v";
    "./ADD.v";
    "./ALU.v";
    "./CONTROL.v";
    "./DMEM.v";
    "./EXTEND.v";
    "./IMEM.v";
    "./MUX2.v";
    "./MUX2v1.v";
    "./PC.v";
    "./REGISTERFILE.v";
